# JRE version: Java(TM) SE Runtime Environment (8.0_151-b12) (build 1.8.0_151-b12)
# Java VM: Java HotSpot(TM) 64-Bit Server VM (25.151-b12 mixed mode bsd-amd64 compressed oops)
Heap:
 PSYoungGen      total 303104K, used 11592K [0x0000000795580000, 0x00000007a9600000, 0x00000007c0000000)
  eden space 284672K, 4% used [0x0000000795580000,0x00000007960ba288,0x00000007a6b80000)
  from space 18432K, 0% used [0x00000007a7e00000,0x00000007a7e18000,0x00000007a9000000)
  to   space 18944K, 0% used [0x00000007a6b80000,0x00000007a6b80000,0x00000007a7e00000)
 ParOldGen       total 87040K, used 28219K [0x0000000740000000, 0x0000000745500000, 0x0000000795580000)
  object space 87040K, 32% used [0x0000000740000000,0x0000000741b8ed70,0x0000000745500000)
 Metaspace       used 31241K, capacity 31695K, committed 31920K, reserved 1079296K
  class space    used 2587K, capacity 2715K, committed 2736K, reserved 1048576K
GC Heap History (10 events):
Event: 15.727 GC heap before
{Heap before GC invocations=8 (full 1):
 PSYoungGen      total 138240K, used 125426K [0x0000000795580000, 0x000000079f200000, 0x00000007c0000000)
  eden space 117760K, 100% used [0x0000000795580000,0x000000079c880000,0x000000079c880000)
  from space 20480K, 37% used [0x000000079db80000,0x000000079e2fc998,0x000000079ef80000)
  to   space 19456K, 0% used [0x000000079c880000,0x000000079c880000,0x000000079db80000)
 ParOldGen       total 47616K, used 30313K [0x0000000740000000, 0x0000000742e80000, 0x0000000795580000)
  object space 47616K, 63% used [0x0000000740000000,0x0000000741d9a7c8,0x0000000742e80000)
 Metaspace       used 30958K, capacity 31439K, committed 31664K, reserved 1079296K
  class space    used 2580K, capacity 2715K, committed 2736K, reserved 1048576K
Event: 15.738 GC heap after
Heap after GC invocations=8 (full 1):
 PSYoungGen      total 137216K, used 10562K [0x0000000795580000, 0x00000007a4600000, 0x00000007c0000000)
  eden space 117760K, 0% used [0x0000000795580000,0x0000000795580000,0x000000079c880000)
  from space 19456K, 54% used [0x000000079c880000,0x000000079d2d0808,0x000000079db80000)
  to   space 18432K, 0% used [0x00000007a3400000,0x00000007a3400000,0x00000007a4600000)
 ParOldGen       total 47616K, used 30321K [0x0000000740000000, 0x0000000742e80000, 0x0000000795580000)
  object space 47616K, 63% used [0x0000000740000000,0x0000000741d9c7c8,0x0000000742e80000)
 Metaspace       used 30958K, capacity 31439K, committed 31664K, reserved 1079296K
  class space    used 2580K, capacity 2715K, committed 2736K, reserved 1048576K
}
Event: 21.076 GC heap before
{Heap before GC invocations=9 (full 1):
 PSYoungGen      total 137216K, used 128322K [0x0000000795580000, 0x00000007a4600000, 0x00000007c0000000)
  eden space 117760K, 100% used [0x0000000795580000,0x000000079c880000,0x000000079c880000)
  from space 19456K, 54% used [0x000000079c880000,0x000000079d2d0808,0x000000079db80000)
  to   space 18432K, 0% used [0x00000007a3400000,0x00000007a3400000,0x00000007a4600000)
 ParOldGen       total 47616K, used 30321K [0x0000000740000000, 0x0000000742e80000, 0x0000000795580000)
  object space 47616K, 63% used [0x0000000740000000,0x0000000741d9c7c8,0x0000000742e80000)
 Metaspace       used 31100K, capacity 31567K, committed 31920K, reserved 1079296K
  class space    used 2580K, capacity 2715K, committed 2736K, reserved 1048576K
Event: 21.084 GC heap after
Heap after GC invocations=9 (full 1):
 PSYoungGen      total 215552K, used 7236K [0x0000000795580000, 0x00000007a4000000, 0x00000007c0000000)
  eden space 203264K, 0% used [0x0000000795580000,0x0000000795580000,0x00000007a1c00000)
  from space 12288K, 58% used [0x00000007a3400000,0x00000007a3b111f8,0x00000007a4000000)
  to   space 18432K, 0% used [0x00000007a1c00000,0x00000007a1c00000,0x00000007a2e00000)
 ParOldGen       total 47616K, used 33571K [0x0000000740000000, 0x0000000742e80000, 0x0000000795580000)
  object space 47616K, 70% used [0x0000000740000000,0x00000007420c8da8,0x0000000742e80000)
 Metaspace       used 31100K, capacity 31567K, committed 31920K, reserved 1079296K
  class space    used 2580K, capacity 2715K, committed 2736K, reserved 1048576K
}
Event: 30.432 GC heap before
{Heap before GC invocations=10 (full 1):
 PSYoungGen      total 215552K, used 210500K [0x0000000795580000, 0x00000007a4000000, 0x00000007c0000000)
  eden space 203264K, 100% used [0x0000000795580000,0x00000007a1c00000,0x00000007a1c00000)
  from space 12288K, 58% used [0x00000007a3400000,0x00000007a3b111f8,0x00000007a4000000)
  to   space 18432K, 0% used [0x00000007a1c00000,0x00000007a1c00000,0x00000007a2e00000)
 ParOldGen       total 47616K, used 33571K [0x0000000740000000, 0x0000000742e80000, 0x0000000795580000)
  object space 47616K, 70% used [0x0000000740000000,0x00000007420c8da8,0x0000000742e80000)
 Metaspace       used 31214K, capacity 31695K, committed 31920K, reserved 1079296K
  class space    used 2580K, capacity 2715K, committed 2736K, reserved 1048576K
Event: 30.440 GC heap after
Heap after GC invocations=10 (full 1):
 PSYoungGen      total 221696K, used 3744K [0x0000000795580000, 0x00000007a9000000, 0x00000007c0000000)
  eden space 203264K, 0% used [0x0000000795580000,0x0000000795580000,0x00000007a1c00000)
  from space 18432K, 20% used [0x00000007a1c00000,0x00000007a1fa80d0,0x00000007a2e00000)
  to   space 18432K, 0% used [0x00000007a7e00000,0x00000007a7e00000,0x00000007a9000000)
 ParOldGen       total 47616K, used 37046K [0x0000000740000000, 0x0000000742e80000, 0x0000000795580000)
  object space 47616K, 77% used [0x0000000740000000,0x000000074242d9f8,0x0000000742e80000)
 Metaspace       used 31214K, capacity 31695K, committed 31920K, reserved 1079296K
  class space    used 2580K, capacity 2715K, committed 2736K, reserved 1048576K
}
Event: 30.440 GC heap before
{Heap before GC invocations=11 (full 2):
 PSYoungGen      total 221696K, used 3744K [0x0000000795580000, 0x00000007a9000000, 0x00000007c0000000)
  eden space 203264K, 0% used [0x0000000795580000,0x0000000795580000,0x00000007a1c00000)
  from space 18432K, 20% used [0x00000007a1c00000,0x00000007a1fa80d0,0x00000007a2e00000)
  to   space 18432K, 0% used [0x00000007a7e00000,0x00000007a7e00000,0x00000007a9000000)
 ParOldGen       total 47616K, used 37046K [0x0000000740000000, 0x0000000742e80000, 0x0000000795580000)
  object space 47616K, 77% used [0x0000000740000000,0x000000074242d9f8,0x0000000742e80000)
 Metaspace       used 31214K, capacity 31695K, committed 31920K, reserved 1079296K
  class space    used 2580K, capacity 2715K, committed 2736K, reserved 1048576K
Event: 30.493 GC heap after
Heap after GC invocations=11 (full 2):
 PSYoungGen      total 221696K, used 0K [0x0000000795580000, 0x00000007a9000000, 0x00000007c0000000)
  eden space 203264K, 0% used [0x0000000795580000,0x0000000795580000,0x00000007a1c00000)
  from space 18432K, 0% used [0x00000007a1c00000,0x00000007a1c00000,0x00000007a2e00000)
  to   space 18432K, 0% used [0x00000007a7e00000,0x00000007a7e00000,0x00000007a9000000)
 ParOldGen       total 87040K, used 28219K [0x0000000740000000, 0x0000000745500000, 0x0000000795580000)
  object space 87040K, 32% used [0x0000000740000000,0x0000000741b8ed70,0x0000000745500000)
 Metaspace       used 31214K, capacity 31695K, committed 31920K, reserved 1079296K
  class space    used 2580K, capacity 2715K, committed 2736K, reserved 1048576K
}
Event: 39.514 GC heap before
{Heap before GC invocations=12 (full 2):
 PSYoungGen      total 221696K, used 203264K [0x0000000795580000, 0x00000007a9000000, 0x00000007c0000000)
  eden space 203264K, 100% used [0x0000000795580000,0x00000007a1c00000,0x00000007a1c00000)
  from space 18432K, 0% used [0x00000007a1c00000,0x00000007a1c00000,0x00000007a2e00000)
  to   space 18432K, 0% used [0x00000007a7e00000,0x00000007a7e00000,0x00000007a9000000)
 ParOldGen       total 87040K, used 28219K [0x0000000740000000, 0x0000000745500000, 0x0000000795580000)
  object space 87040K, 32% used [0x0000000740000000,0x0000000741b8ed70,0x0000000745500000)
 Metaspace       used 31216K, capacity 31695K, committed 31920K, reserved 1079296K
  class space    used 2581K, capacity 2715K, committed 2736K, reserved 1048576K
Event: 39.516 GC heap after
Heap after GC invocations=12 (full 2):
 PSYoungGen      total 303104K, used 96K [0x0000000795580000, 0x00000007a9600000, 0x00000007c0000000)
  eden space 284672K, 0% used [0x0000000795580000,0x0000000795580000,0x00000007a6b80000)
  from space 18432K, 0% used [0x00000007a7e00000,0x00000007a7e18000,0x00000007a9000000)
  to   space 18944K, 0% used [0x00000007a6b80000,0x00000007a6b80000,0x00000007a7e00000)
 ParOldGen       total 87040K, used 28219K [0x0000000740000000, 0x0000000745500000, 0x0000000795580000)
  object space 87040K, 32% used [0x0000000740000000,0x0000000741b8ed70,0x0000000745500000)
 Metaspace       used 31216K, capacity 31695K, committed 31920K, reserved 1079296K
  class space    used 2581K, capacity 2715K, committed 2736K, reserved 1048576K
}

