# JRE version: Java(TM) SE Runtime Environment (8.0_151-b12) (build 1.8.0_151-b12)
# Java VM: Java HotSpot(TM) 64-Bit Server VM (25.151-b12 mixed mode bsd-amd64 compressed oops)
Heap:
 PSYoungGen      total 71680K, used 12406K [0x0000000795580000, 0x000000079f200000, 0x00000007c0000000)
  eden space 66560K, 10% used [0x0000000795580000,0x0000000795c9f458,0x0000000799680000)
  from space 5120K, 99% used [0x0000000799680000,0x0000000799b7e428,0x0000000799b80000)
  to   space 19456K, 0% used [0x000000079df00000,0x000000079df00000,0x000000079f200000)
 ParOldGen       total 47104K, used 28041K [0x0000000740000000, 0x0000000742e00000, 0x0000000795580000)
  object space 47104K, 59% used [0x0000000740000000,0x0000000741b62608,0x0000000742e00000)
 Metaspace       used 24530K, capacity 25003K, committed 25216K, reserved 1071104K
  class space    used 2461K, capacity 2590K, committed 2688K, reserved 1048576K
GC Heap History (10 events):
Event: 7.289 GC heap before
{Heap before GC invocations=2 (full 0):
 PSYoungGen      total 38400K, used 38386K [0x0000000795580000, 0x0000000798000000, 0x00000007c0000000)
  eden space 33280K, 100% used [0x0000000795580000,0x0000000797600000,0x0000000797600000)
  from space 5120K, 99% used [0x0000000797600000,0x0000000797afcb60,0x0000000797b00000)
  to   space 5120K, 0% used [0x0000000797b00000,0x0000000797b00000,0x0000000798000000)
 ParOldGen       total 87552K, used 90K [0x0000000740000000, 0x0000000745580000, 0x0000000795580000)
  object space 87552K, 0% used [0x0000000740000000,0x0000000740016b58,0x0000000745580000)
 Metaspace       used 20712K, capacity 21083K, committed 21248K, reserved 1069056K
  class space    used 2158K, capacity 2294K, committed 2304K, reserved 1048576K
Event: 7.306 GC heap after
Heap after GC invocations=2 (full 0):
 PSYoungGen      total 38400K, used 5095K [0x0000000795580000, 0x0000000798000000, 0x00000007c0000000)
  eden space 33280K, 0% used [0x0000000795580000,0x0000000795580000,0x0000000797600000)
  from space 5120K, 99% used [0x0000000797b00000,0x0000000797ff9fb0,0x0000000798000000)
  to   space 5120K, 0% used [0x0000000797600000,0x0000000797600000,0x0000000797b00000)
 ParOldGen       total 87552K, used 3385K [0x0000000740000000, 0x0000000745580000, 0x0000000795580000)
  object space 87552K, 3% used [0x0000000740000000,0x000000074034e598,0x0000000745580000)
 Metaspace       used 20712K, capacity 21083K, committed 21248K, reserved 1069056K
  class space    used 2158K, capacity 2294K, committed 2304K, reserved 1048576K
}
Event: 7.326 GC heap before
{Heap before GC invocations=3 (full 0):
 PSYoungGen      total 38400K, used 5481K [0x0000000795580000, 0x0000000798000000, 0x00000007c0000000)
  eden space 33280K, 1% used [0x0000000795580000,0x00000007955e04f8,0x0000000797600000)
  from space 5120K, 99% used [0x0000000797b00000,0x0000000797ff9fb0,0x0000000798000000)
  to   space 5120K, 0% used [0x0000000797600000,0x0000000797600000,0x0000000797b00000)
 ParOldGen       total 87552K, used 3385K [0x0000000740000000, 0x0000000745580000, 0x0000000795580000)
  object space 87552K, 3% used [0x0000000740000000,0x000000074034e598,0x0000000745580000)
 Metaspace       used 20744K, capacity 21147K, committed 21248K, reserved 1069056K
  class space    used 2163K, capacity 2294K, committed 2304K, reserved 1048576K
Event: 7.333 GC heap after
Heap after GC invocations=3 (full 0):
 PSYoungGen      total 38400K, used 5088K [0x0000000795580000, 0x000000079a080000, 0x00000007c0000000)
  eden space 33280K, 0% used [0x0000000795580000,0x0000000795580000,0x0000000797600000)
  from space 5120K, 99% used [0x0000000797600000,0x0000000797af8040,0x0000000797b00000)
  to   space 5120K, 0% used [0x0000000799b80000,0x0000000799b80000,0x000000079a080000)
 ParOldGen       total 87552K, used 3393K [0x0000000740000000, 0x0000000745580000, 0x0000000795580000)
  object space 87552K, 3% used [0x0000000740000000,0x0000000740350598,0x0000000745580000)
 Metaspace       used 20744K, capacity 21147K, committed 21248K, reserved 1069056K
  class space    used 2163K, capacity 2294K, committed 2304K, reserved 1048576K
}
Event: 7.333 GC heap before
{Heap before GC invocations=4 (full 1):
 PSYoungGen      total 38400K, used 5088K [0x0000000795580000, 0x000000079a080000, 0x00000007c0000000)
  eden space 33280K, 0% used [0x0000000795580000,0x0000000795580000,0x0000000797600000)
  from space 5120K, 99% used [0x0000000797600000,0x0000000797af8040,0x0000000797b00000)
  to   space 5120K, 0% used [0x0000000799b80000,0x0000000799b80000,0x000000079a080000)
 ParOldGen       total 87552K, used 3393K [0x0000000740000000, 0x0000000745580000, 0x0000000795580000)
  object space 87552K, 3% used [0x0000000740000000,0x0000000740350598,0x0000000745580000)
 Metaspace       used 20744K, capacity 21147K, committed 21248K, reserved 1069056K
  class space    used 2163K, capacity 2294K, committed 2304K, reserved 1048576K
Event: 7.380 GC heap after
Heap after GC invocations=4 (full 1):
 PSYoungGen      total 38400K, used 0K [0x0000000795580000, 0x000000079a080000, 0x00000007c0000000)
  eden space 33280K, 0% used [0x0000000795580000,0x0000000795580000,0x0000000797600000)
  from space 5120K, 0% used [0x0000000797600000,0x0000000797600000,0x0000000797b00000)
  to   space 5120K, 0% used [0x0000000799b80000,0x0000000799b80000,0x000000079a080000)
 ParOldGen       total 47104K, used 7213K [0x0000000740000000, 0x0000000742e00000, 0x0000000795580000)
  object space 47104K, 15% used [0x0000000740000000,0x000000074070b480,0x0000000742e00000)
 Metaspace       used 20744K, capacity 21147K, committed 21248K, reserved 1069056K
  class space    used 2163K, capacity 2294K, committed 2304K, reserved 1048576K
}
Event: 9.611 GC heap before
{Heap before GC invocations=5 (full 1):
 PSYoungGen      total 38400K, used 33275K [0x0000000795580000, 0x000000079a080000, 0x00000007c0000000)
  eden space 33280K, 99% used [0x0000000795580000,0x00000007975fecc8,0x0000000797600000)
  from space 5120K, 0% used [0x0000000797600000,0x0000000797600000,0x0000000797b00000)
  to   space 5120K, 0% used [0x0000000799b80000,0x0000000799b80000,0x000000079a080000)
 ParOldGen       total 47104K, used 7213K [0x0000000740000000, 0x0000000742e00000, 0x0000000795580000)
  object space 47104K, 15% used [0x0000000740000000,0x000000074070b480,0x0000000742e00000)
 Metaspace       used 23298K, capacity 23757K, committed 24064K, reserved 1071104K
  class space    used 2408K, capacity 2521K, committed 2560K, reserved 1048576K
Event: 9.646 GC heap after
Heap after GC invocations=5 (full 1):
 PSYoungGen      total 69120K, used 5111K [0x0000000795580000, 0x000000079a080000, 0x00000007c0000000)
  eden space 64000K, 0% used [0x0000000795580000,0x0000000795580000,0x0000000799400000)
  from space 5120K, 99% used [0x0000000799b80000,0x000000079a07df60,0x000000079a080000)
  to   space 5120K, 0% used [0x0000000799680000,0x0000000799680000,0x0000000799b80000)
 ParOldGen       total 47104K, used 17496K [0x0000000740000000, 0x0000000742e00000, 0x0000000795580000)
  object space 47104K, 37% used [0x0000000740000000,0x00000007411162b8,0x0000000742e00000)
 Metaspace       used 23298K, capacity 23757K, committed 24064K, reserved 1071104K
  class space    used 2408K, capacity 2521K, committed 2560K, reserved 1048576K
}
Event: 12.880 GC heap before
{Heap before GC invocations=6 (full 1):
 PSYoungGen      total 69120K, used 69111K [0x0000000795580000, 0x000000079a080000, 0x00000007c0000000)
  eden space 64000K, 100% used [0x0000000795580000,0x0000000799400000,0x0000000799400000)
  from space 5120K, 99% used [0x0000000799b80000,0x000000079a07df60,0x000000079a080000)
  to   space 5120K, 0% used [0x0000000799680000,0x0000000799680000,0x0000000799b80000)
 ParOldGen       total 47104K, used 17496K [0x0000000740000000, 0x0000000742e00000, 0x0000000795580000)
  object space 47104K, 37% used [0x0000000740000000,0x00000007411162b8,0x0000000742e00000)
 Metaspace       used 24250K, capacity 24651K, committed 24832K, reserved 1071104K
  class space    used 2451K, capacity 2558K, committed 2560K, reserved 1048576K
Event: 12.893 GC heap after
Heap after GC invocations=6 (full 1):
 PSYoungGen      total 71680K, used 5113K [0x0000000795580000, 0x000000079f200000, 0x00000007c0000000)
  eden space 66560K, 0% used [0x0000000795580000,0x0000000795580000,0x0000000799680000)
  from space 5120K, 99% used [0x0000000799680000,0x0000000799b7e428,0x0000000799b80000)
  to   space 19456K, 0% used [0x000000079df00000,0x000000079df00000,0x000000079f200000)
 ParOldGen       total 47104K, used 28041K [0x0000000740000000, 0x0000000742e00000, 0x0000000795580000)
  object space 47104K, 59% used [0x0000000740000000,0x0000000741b62608,0x0000000742e00000)
 Metaspace       used 24250K, capacity 24651K, committed 24832K, reserved 1071104K
  class space    used 2451K, capacity 2558K, committed 2560K, reserved 1048576K
}

