# JRE version: Java(TM) SE Runtime Environment (8.0_151-b12) (build 1.8.0_151-b12)
# Java VM: Java HotSpot(TM) 64-Bit Server VM (25.151-b12 mixed mode bsd-amd64 compressed oops)
Heap:
 PSYoungGen      total 170496K, used 46249K [0x0000000795580000, 0x00000007a1380000, 0x00000007c0000000)
  eden space 158720K, 26% used [0x0000000795580000,0x0000000797e62338,0x000000079f080000)
  from space 11776K, 37% used [0x00000007a0800000,0x00000007a0c48120,0x00000007a1380000)
  to   space 17920K, 0% used [0x000000079f080000,0x000000079f080000,0x00000007a0200000)
 ParOldGen       total 50688K, used 29064K [0x0000000740000000, 0x0000000743180000, 0x0000000795580000)
  object space 50688K, 57% used [0x0000000740000000,0x0000000741c62338,0x0000000743180000)
 Metaspace       used 24733K, capacity 25173K, committed 25392K, reserved 1073152K
  class space    used 2465K, capacity 2597K, committed 2608K, reserved 1048576K
GC Heap History (10 events):
Event: 8.124 GC heap before
{Heap before GC invocations=5 (full 1):
 PSYoungGen      total 38400K, used 33158K [0x0000000795580000, 0x000000079a080000, 0x00000007c0000000)
  eden space 33280K, 99% used [0x0000000795580000,0x00000007975e1a38,0x0000000797600000)
  from space 5120K, 0% used [0x0000000797600000,0x0000000797600000,0x0000000797b00000)
  to   space 5120K, 0% used [0x0000000799b80000,0x0000000799b80000,0x000000079a080000)
 ParOldGen       total 50688K, used 7213K [0x0000000740000000, 0x0000000743180000, 0x0000000795580000)
  object space 50688K, 14% used [0x0000000740000000,0x000000074070b660,0x0000000743180000)
 Metaspace       used 23277K, capacity 23709K, committed 23856K, reserved 1071104K
  class space    used 2410K, capacity 2521K, committed 2608K, reserved 1048576K
Event: 8.142 GC heap after
Heap after GC invocations=5 (full 1):
 PSYoungGen      total 64000K, used 5113K [0x0000000795580000, 0x000000079a080000, 0x00000007c0000000)
  eden space 58880K, 0% used [0x0000000795580000,0x0000000795580000,0x0000000798f00000)
  from space 5120K, 99% used [0x0000000799b80000,0x000000079a07e798,0x000000079a080000)
  to   space 5120K, 0% used [0x0000000799680000,0x0000000799680000,0x0000000799b80000)
 ParOldGen       total 50688K, used 17503K [0x0000000740000000, 0x0000000743180000, 0x0000000795580000)
  object space 50688K, 34% used [0x0000000740000000,0x0000000741117db0,0x0000000743180000)
 Metaspace       used 23277K, capacity 23709K, committed 23856K, reserved 1071104K
  class space    used 2410K, capacity 2521K, committed 2608K, reserved 1048576K
}
Event: 10.052 GC heap before
{Heap before GC invocations=6 (full 1):
 PSYoungGen      total 64000K, used 63993K [0x0000000795580000, 0x000000079a080000, 0x00000007c0000000)
  eden space 58880K, 100% used [0x0000000795580000,0x0000000798f00000,0x0000000798f00000)
  from space 5120K, 99% used [0x0000000799b80000,0x000000079a07e798,0x000000079a080000)
  to   space 5120K, 0% used [0x0000000799680000,0x0000000799680000,0x0000000799b80000)
 ParOldGen       total 50688K, used 17503K [0x0000000740000000, 0x0000000743180000, 0x0000000795580000)
  object space 50688K, 34% used [0x0000000740000000,0x0000000741117db0,0x0000000743180000)
 Metaspace       used 24221K, capacity 24687K, committed 24880K, reserved 1071104K
  class space    used 2456K, capacity 2564K, committed 2608K, reserved 1048576K
Event: 10.065 GC heap after
Heap after GC invocations=6 (full 1):
 PSYoungGen      total 71680K, used 5088K [0x0000000795580000, 0x000000079de80000, 0x00000007c0000000)
  eden space 66560K, 0% used [0x0000000795580000,0x0000000795580000,0x0000000799680000)
  from space 5120K, 99% used [0x0000000799680000,0x0000000799b78120,0x0000000799b80000)
  to   space 19456K, 0% used [0x000000079cb80000,0x000000079cb80000,0x000000079de80000)
 ParOldGen       total 50688K, used 28128K [0x0000000740000000, 0x0000000743180000, 0x0000000795580000)
  object space 50688K, 55% used [0x0000000740000000,0x0000000741b78328,0x0000000743180000)
 Metaspace       used 24221K, capacity 24687K, committed 24880K, reserved 1071104K
  class space    used 2456K, capacity 2564K, committed 2608K, reserved 1048576K
}
Event: 13.143 GC heap before
{Heap before GC invocations=7 (full 1):
 PSYoungGen      total 71680K, used 71648K [0x0000000795580000, 0x000000079de80000, 0x00000007c0000000)
  eden space 66560K, 100% used [0x0000000795580000,0x0000000799680000,0x0000000799680000)
  from space 5120K, 99% used [0x0000000799680000,0x0000000799b78120,0x0000000799b80000)
  to   space 19456K, 0% used [0x000000079cb80000,0x000000079cb80000,0x000000079de80000)
 ParOldGen       total 50688K, used 28128K [0x0000000740000000, 0x0000000743180000, 0x0000000795580000)
  object space 50688K, 55% used [0x0000000740000000,0x0000000741b78328,0x0000000743180000)
 Metaspace       used 24389K, capacity 24821K, committed 25136K, reserved 1071104K
  class space    used 2457K, capacity 2565K, committed 2608K, reserved 1048576K
Event: 13.152 GC heap after
Heap after GC invocations=7 (full 1):
 PSYoungGen      total 121344K, used 5168K [0x0000000795580000, 0x000000079e700000, 0x00000007c0000000)
  eden space 101888K, 0% used [0x0000000795580000,0x0000000795580000,0x000000079b900000)
  from space 19456K, 26% used [0x000000079cb80000,0x000000079d08c130,0x000000079de80000)
  to   space 18944K, 0% used [0x000000079b900000,0x000000079b900000,0x000000079cb80000)
 ParOldGen       total 50688K, used 28136K [0x0000000740000000, 0x0000000743180000, 0x0000000795580000)
  object space 50688K, 55% used [0x0000000740000000,0x0000000741b7a328,0x0000000743180000)
 Metaspace       used 24389K, capacity 24821K, committed 25136K, reserved 1071104K
  class space    used 2457K, capacity 2565K, committed 2608K, reserved 1048576K
}
Event: 17.162 GC heap before
{Heap before GC invocations=8 (full 1):
 PSYoungGen      total 121344K, used 107056K [0x0000000795580000, 0x000000079e700000, 0x00000007c0000000)
  eden space 101888K, 100% used [0x0000000795580000,0x000000079b900000,0x000000079b900000)
  from space 19456K, 26% used [0x000000079cb80000,0x000000079d08c130,0x000000079de80000)
  to   space 18944K, 0% used [0x000000079b900000,0x000000079b900000,0x000000079cb80000)
 ParOldGen       total 50688K, used 28136K [0x0000000740000000, 0x0000000743180000, 0x0000000795580000)
  object space 50688K, 55% used [0x0000000740000000,0x0000000741b7a328,0x0000000743180000)
 Metaspace       used 24493K, capacity 24949K, committed 25136K, reserved 1071104K
  class space    used 2457K, capacity 2565K, committed 2608K, reserved 1048576K
Event: 17.169 GC heap after
Heap after GC invocations=8 (full 1):
 PSYoungGen      total 120832K, used 5232K [0x0000000795580000, 0x00000007a1a00000, 0x00000007c0000000)
  eden space 101888K, 0% used [0x0000000795580000,0x0000000795580000,0x000000079b900000)
  from space 18944K, 27% used [0x000000079b900000,0x000000079be1c130,0x000000079cb80000)
  to   space 18432K, 0% used [0x00000007a0800000,0x00000007a0800000,0x00000007a1a00000)
 ParOldGen       total 50688K, used 28144K [0x0000000740000000, 0x0000000743180000, 0x0000000795580000)
  object space 50688K, 55% used [0x0000000740000000,0x0000000741b7c328,0x0000000743180000)
 Metaspace       used 24493K, capacity 24949K, committed 25136K, reserved 1071104K
  class space    used 2457K, capacity 2565K, committed 2608K, reserved 1048576K
}
Event: 21.243 GC heap before
{Heap before GC invocations=9 (full 1):
 PSYoungGen      total 120832K, used 107120K [0x0000000795580000, 0x00000007a1a00000, 0x00000007c0000000)
  eden space 101888K, 100% used [0x0000000795580000,0x000000079b900000,0x000000079b900000)
  from space 18944K, 27% used [0x000000079b900000,0x000000079be1c130,0x000000079cb80000)
  to   space 18432K, 0% used [0x00000007a0800000,0x00000007a0800000,0x00000007a1a00000)
 ParOldGen       total 50688K, used 28144K [0x0000000740000000, 0x0000000743180000, 0x0000000795580000)
  object space 50688K, 55% used [0x0000000740000000,0x0000000741b7c328,0x0000000743180000)
 Metaspace       used 24696K, capacity 25141K, committed 25392K, reserved 1073152K
  class space    used 2457K, capacity 2565K, committed 2608K, reserved 1048576K
Event: 21.252 GC heap after
Heap after GC invocations=9 (full 1):
 PSYoungGen      total 170496K, used 4384K [0x0000000795580000, 0x00000007a1380000, 0x00000007c0000000)
  eden space 158720K, 0% used [0x0000000795580000,0x0000000795580000,0x000000079f080000)
  from space 11776K, 37% used [0x00000007a0800000,0x00000007a0c48120,0x00000007a1380000)
  to   space 17920K, 0% used [0x000000079f080000,0x000000079f080000,0x00000007a0200000)
 ParOldGen       total 50688K, used 29064K [0x0000000740000000, 0x0000000743180000, 0x0000000795580000)
  object space 50688K, 57% used [0x0000000740000000,0x0000000741c62338,0x0000000743180000)
 Metaspace       used 24696K, capacity 25141K, committed 25392K, reserved 1073152K
  class space    used 2457K, capacity 2565K, committed 2608K, reserved 1048576K
}

