# JRE version: Java(TM) SE Runtime Environment (8.0_151-b12) (build 1.8.0_151-b12)
# Java VM: Java HotSpot(TM) 64-Bit Server VM (25.151-b12 mixed mode bsd-amd64 compressed oops)
Heap:
 PSYoungGen      total 96256K, used 32627K [0x0000000795580000, 0x000000079e300000, 0x00000007c0000000)
  eden space 76800K, 35% used [0x0000000795580000,0x00000007970018a0,0x000000079a080000)
  from space 19456K, 28% used [0x000000079a080000,0x000000079a5db4a8,0x000000079b380000)
  to   space 18432K, 0% used [0x000000079d100000,0x000000079d100000,0x000000079e300000)
 ParOldGen       total 65024K, used 33869K [0x0000000740000000, 0x0000000743f80000, 0x0000000795580000)
  object space 65024K, 52% used [0x0000000740000000,0x0000000742113650,0x0000000743f80000)
 Metaspace       used 31150K, capacity 31579K, committed 31920K, reserved 1079296K
  class space    used 2561K, capacity 2681K, committed 2736K, reserved 1048576K
GC Heap History (10 events):
Event: 7.363 GC heap before
{Heap before GC invocations=4 (full 1):
 PSYoungGen      total 38400K, used 33280K [0x0000000795580000, 0x0000000798000000, 0x00000007c0000000)
  eden space 33280K, 100% used [0x0000000795580000,0x0000000797600000,0x0000000797600000)
  from space 5120K, 0% used [0x0000000797b00000,0x0000000797b00000,0x0000000798000000)
  to   space 5120K, 0% used [0x0000000797600000,0x0000000797600000,0x0000000797b00000)
 ParOldGen       total 65024K, used 7712K [0x0000000740000000, 0x0000000743f80000, 0x0000000795580000)
  object space 65024K, 11% used [0x0000000740000000,0x0000000740788340,0x0000000743f80000)
 Metaspace       used 23409K, capacity 23821K, committed 24112K, reserved 1071104K
  class space    used 2391K, capacity 2519K, committed 2608K, reserved 1048576K
Event: 7.398 GC heap after
Heap after GC invocations=4 (full 1):
 PSYoungGen      total 38400K, used 5103K [0x0000000795580000, 0x0000000799280000, 0x00000007c0000000)
  eden space 33280K, 0% used [0x0000000795580000,0x0000000795580000,0x0000000797600000)
  from space 5120K, 99% used [0x0000000797600000,0x0000000797afbe00,0x0000000797b00000)
  to   space 5120K, 0% used [0x0000000798d80000,0x0000000798d80000,0x0000000799280000)
 ParOldGen       total 65024K, used 20009K [0x0000000740000000, 0x0000000743f80000, 0x0000000795580000)
  object space 65024K, 30% used [0x0000000740000000,0x000000074138a6e0,0x0000000743f80000)
 Metaspace       used 23409K, capacity 23821K, committed 24112K, reserved 1071104K
  class space    used 2391K, capacity 2519K, committed 2608K, reserved 1048576K
}
Event: 8.428 GC heap before
{Heap before GC invocations=5 (full 1):
 PSYoungGen      total 38400K, used 38383K [0x0000000795580000, 0x0000000799280000, 0x00000007c0000000)
  eden space 33280K, 100% used [0x0000000795580000,0x0000000797600000,0x0000000797600000)
  from space 5120K, 99% used [0x0000000797600000,0x0000000797afbe00,0x0000000797b00000)
  to   space 5120K, 0% used [0x0000000798d80000,0x0000000798d80000,0x0000000799280000)
 ParOldGen       total 65024K, used 20009K [0x0000000740000000, 0x0000000743f80000, 0x0000000795580000)
  object space 65024K, 30% used [0x0000000740000000,0x000000074138a6e0,0x0000000743f80000)
 Metaspace       used 29126K, capacity 29608K, committed 29744K, reserved 1077248K
  class space    used 2453K, capacity 2584K, committed 2608K, reserved 1048576K
Event: 8.438 GC heap after
Heap after GC invocations=5 (full 1):
 PSYoungGen      total 56832K, used 4688K [0x0000000795580000, 0x0000000799280000, 0x00000007c0000000)
  eden space 51712K, 0% used [0x0000000795580000,0x0000000795580000,0x0000000798800000)
  from space 5120K, 91% used [0x0000000798d80000,0x0000000799214268,0x0000000799280000)
  to   space 5120K, 0% used [0x0000000798880000,0x0000000798880000,0x0000000798d80000)
 ParOldGen       total 65024K, used 25494K [0x0000000740000000, 0x0000000743f80000, 0x0000000795580000)
  object space 65024K, 39% used [0x0000000740000000,0x00000007418e5b90,0x0000000743f80000)
 Metaspace       used 29126K, capacity 29608K, committed 29744K, reserved 1077248K
  class space    used 2453K, capacity 2584K, committed 2608K, reserved 1048576K
}
Event: 11.374 GC heap before
{Heap before GC invocations=6 (full 1):
 PSYoungGen      total 56832K, used 56360K [0x0000000795580000, 0x0000000799280000, 0x00000007c0000000)
  eden space 51712K, 99% used [0x0000000795580000,0x00000007987f60b0,0x0000000798800000)
  from space 5120K, 91% used [0x0000000798d80000,0x0000000799214268,0x0000000799280000)
  to   space 5120K, 0% used [0x0000000798880000,0x0000000798880000,0x0000000798d80000)
 ParOldGen       total 65024K, used 25494K [0x0000000740000000, 0x0000000743f80000, 0x0000000795580000)
  object space 65024K, 39% used [0x0000000740000000,0x00000007418e5b90,0x0000000743f80000)
 Metaspace       used 30713K, capacity 31131K, committed 31408K, reserved 1077248K
  class space    used 2554K, capacity 2681K, committed 2736K, reserved 1048576K
Event: 11.395 GC heap after
Heap after GC invocations=6 (full 1):
 PSYoungGen      total 57344K, used 5115K [0x0000000795580000, 0x000000079ca00000, 0x00000007c0000000)
  eden space 52224K, 0% used [0x0000000795580000,0x0000000795580000,0x0000000798880000)
  from space 5120K, 99% used [0x0000000798880000,0x0000000798d7eec0,0x0000000798d80000)
  to   space 19968K, 0% used [0x000000079b680000,0x000000079b680000,0x000000079ca00000)
 ParOldGen       total 65024K, used 33861K [0x0000000740000000, 0x0000000743f80000, 0x0000000795580000)
  object space 65024K, 52% used [0x0000000740000000,0x0000000742111650,0x0000000743f80000)
 Metaspace       used 30713K, capacity 31131K, committed 31408K, reserved 1077248K
  class space    used 2554K, capacity 2681K, committed 2736K, reserved 1048576K
}
Event: 18.258 GC heap before
{Heap before GC invocations=7 (full 1):
 PSYoungGen      total 57344K, used 57339K [0x0000000795580000, 0x000000079ca00000, 0x00000007c0000000)
  eden space 52224K, 100% used [0x0000000795580000,0x0000000798880000,0x0000000798880000)
  from space 5120K, 99% used [0x0000000798880000,0x0000000798d7eec0,0x0000000798d80000)
  to   space 19968K, 0% used [0x000000079b680000,0x000000079b680000,0x000000079ca00000)
 ParOldGen       total 65024K, used 33861K [0x0000000740000000, 0x0000000743f80000, 0x0000000795580000)
  object space 65024K, 52% used [0x0000000740000000,0x0000000742111650,0x0000000743f80000)
 Metaspace       used 30978K, capacity 31387K, committed 31664K, reserved 1079296K
  class space    used 2554K, capacity 2681K, committed 2736K, reserved 1048576K
Event: 18.264 GC heap after
Heap after GC invocations=7 (full 1):
 PSYoungGen      total 93184K, used 5485K [0x0000000795580000, 0x000000079c680000, 0x00000007c0000000)
  eden space 76800K, 0% used [0x0000000795580000,0x0000000795580000,0x000000079a080000)
  from space 16384K, 33% used [0x000000079b680000,0x000000079bbdb4a8,0x000000079c680000)
  to   space 19456K, 0% used [0x000000079a080000,0x000000079a080000,0x000000079b380000)
 ParOldGen       total 65024K, used 33869K [0x0000000740000000, 0x0000000743f80000, 0x0000000795580000)
  object space 65024K, 52% used [0x0000000740000000,0x0000000742113650,0x0000000743f80000)
 Metaspace       used 30978K, capacity 31387K, committed 31664K, reserved 1079296K
  class space    used 2554K, capacity 2681K, committed 2736K, reserved 1048576K
}
Event: 30.159 GC heap before
{Heap before GC invocations=8 (full 1):
 PSYoungGen      total 93184K, used 82285K [0x0000000795580000, 0x000000079c680000, 0x00000007c0000000)
  eden space 76800K, 100% used [0x0000000795580000,0x000000079a080000,0x000000079a080000)
  from space 16384K, 33% used [0x000000079b680000,0x000000079bbdb4a8,0x000000079c680000)
  to   space 19456K, 0% used [0x000000079a080000,0x000000079a080000,0x000000079b380000)
 ParOldGen       total 65024K, used 33869K [0x0000000740000000, 0x0000000743f80000, 0x0000000795580000)
  object space 65024K, 52% used [0x0000000740000000,0x0000000742113650,0x0000000743f80000)
 Metaspace       used 31111K, capacity 31579K, committed 31920K, reserved 1079296K
  class space    used 2554K, capacity 2681K, committed 2736K, reserved 1048576K
Event: 30.167 GC heap after
Heap after GC invocations=8 (full 1):
 PSYoungGen      total 96256K, used 5485K [0x0000000795580000, 0x000000079e300000, 0x00000007c0000000)
  eden space 76800K, 0% used [0x0000000795580000,0x0000000795580000,0x000000079a080000)
  from space 19456K, 28% used [0x000000079a080000,0x000000079a5db4a8,0x000000079b380000)
  to   space 18432K, 0% used [0x000000079d100000,0x000000079d100000,0x000000079e300000)
 ParOldGen       total 65024K, used 33869K [0x0000000740000000, 0x0000000743f80000, 0x0000000795580000)
  object space 65024K, 52% used [0x0000000740000000,0x0000000742113650,0x0000000743f80000)
 Metaspace       used 31111K, capacity 31579K, committed 31920K, reserved 1079296K
  class space    used 2554K, capacity 2681K, committed 2736K, reserved 1048576K
}

