# JRE version: Java(TM) SE Runtime Environment (8.0_151-b12) (build 1.8.0_151-b12)
# Java VM: Java HotSpot(TM) 64-Bit Server VM (25.151-b12 mixed mode bsd-amd64 compressed oops)
Heap:
 PSYoungGen      total 266240K, used 155016K [0x0000000795580000, 0x00000007ac300000, 0x00000007c0000000)
  eden space 245248K, 63% used [0x0000000795580000,0x000000079ecc2228,0x00000007a4500000)
  from space 20992K, 0% used [0x00000007a4500000,0x00000007a4520000,0x00000007a5980000)
  to   space 21504K, 0% used [0x00000007aae00000,0x00000007aae00000,0x00000007ac300000)
 ParOldGen       total 92672K, used 28328K [0x0000000740000000, 0x0000000745a80000, 0x0000000795580000)
  object space 92672K, 30% used [0x0000000740000000,0x0000000741baa350,0x0000000745a80000)
 Metaspace       used 31220K, capacity 31627K, committed 32000K, reserved 1079296K
  class space    used 2590K, capacity 2715K, committed 2816K, reserved 1048576K
GC Heap History (10 events):
Event: 22.100 GC heap before
{Heap before GC invocations=9 (full 1):
 PSYoungGen      total 126464K, used 121525K [0x0000000795580000, 0x00000007a3000000, 0x00000007c0000000)
  eden space 107008K, 100% used [0x0000000795580000,0x000000079be00000,0x000000079be00000)
  from space 19456K, 74% used [0x000000079be00000,0x000000079cc2d788,0x000000079d100000)
  to   space 19968K, 0% used [0x00000007a1c80000,0x00000007a1c80000,0x00000007a3000000)
 ParOldGen       total 50176K, used 25679K [0x0000000740000000, 0x0000000743100000, 0x0000000795580000)
  object space 50176K, 51% used [0x0000000740000000,0x0000000741913c28,0x0000000743100000)
 Metaspace       used 31005K, capacity 31493K, committed 31744K, reserved 1079296K
  class space    used 2569K, capacity 2714K, committed 2816K, reserved 1048576K
Event: 22.122 GC heap after
Heap after GC invocations=9 (full 1):
 PSYoungGen      total 193536K, used 11658K [0x0000000795580000, 0x00000007a2a80000, 0x00000007c0000000)
  eden space 179200K, 0% used [0x0000000795580000,0x0000000795580000,0x00000007a0480000)
  from space 14336K, 81% used [0x00000007a1c80000,0x00000007a27e2ba8,0x00000007a2a80000)
  to   space 19456K, 0% used [0x00000007a0480000,0x00000007a0480000,0x00000007a1780000)
 ParOldGen       total 50176K, used 28529K [0x0000000740000000, 0x0000000743100000, 0x0000000795580000)
  object space 50176K, 56% used [0x0000000740000000,0x0000000741bdc5d8,0x0000000743100000)
 Metaspace       used 31005K, capacity 31493K, committed 31744K, reserved 1079296K
  class space    used 2569K, capacity 2714K, committed 2816K, reserved 1048576K
}
Event: 29.888 GC heap before
{Heap before GC invocations=10 (full 1):
 PSYoungGen      total 193536K, used 190858K [0x0000000795580000, 0x00000007a2a80000, 0x00000007c0000000)
  eden space 179200K, 100% used [0x0000000795580000,0x00000007a0480000,0x00000007a0480000)
  from space 14336K, 81% used [0x00000007a1c80000,0x00000007a27e2ba8,0x00000007a2a80000)
  to   space 19456K, 0% used [0x00000007a0480000,0x00000007a0480000,0x00000007a1780000)
 ParOldGen       total 50176K, used 28529K [0x0000000740000000, 0x0000000743100000, 0x0000000795580000)
  object space 50176K, 56% used [0x0000000740000000,0x0000000741bdc5d8,0x0000000743100000)
 Metaspace       used 31076K, capacity 31499K, committed 31744K, reserved 1079296K
  class space    used 2569K, capacity 2715K, committed 2816K, reserved 1048576K
Event: 29.907 GC heap after
Heap after GC invocations=10 (full 1):
 PSYoungGen      total 198656K, used 416K [0x0000000795580000, 0x00000007a6d80000, 0x00000007c0000000)
  eden space 179200K, 0% used [0x0000000795580000,0x0000000795580000,0x00000007a0480000)
  from space 19456K, 2% used [0x00000007a0480000,0x00000007a04e8010,0x00000007a1780000)
  to   space 20480K, 0% used [0x00000007a5980000,0x00000007a5980000,0x00000007a6d80000)
 ParOldGen       total 50176K, used 39438K [0x0000000740000000, 0x0000000743100000, 0x0000000795580000)
  object space 50176K, 78% used [0x0000000740000000,0x0000000742683a28,0x0000000743100000)
 Metaspace       used 31076K, capacity 31499K, committed 31744K, reserved 1079296K
  class space    used 2569K, capacity 2715K, committed 2816K, reserved 1048576K
}
Event: 29.907 GC heap before
{Heap before GC invocations=11 (full 2):
 PSYoungGen      total 198656K, used 416K [0x0000000795580000, 0x00000007a6d80000, 0x00000007c0000000)
  eden space 179200K, 0% used [0x0000000795580000,0x0000000795580000,0x00000007a0480000)
  from space 19456K, 2% used [0x00000007a0480000,0x00000007a04e8010,0x00000007a1780000)
  to   space 20480K, 0% used [0x00000007a5980000,0x00000007a5980000,0x00000007a6d80000)
 ParOldGen       total 50176K, used 39438K [0x0000000740000000, 0x0000000743100000, 0x0000000795580000)
  object space 50176K, 78% used [0x0000000740000000,0x0000000742683a28,0x0000000743100000)
 Metaspace       used 31076K, capacity 31499K, committed 31744K, reserved 1079296K
  class space    used 2569K, capacity 2715K, committed 2816K, reserved 1048576K
Event: 29.967 GC heap after
Heap after GC invocations=11 (full 2):
 PSYoungGen      total 198656K, used 0K [0x0000000795580000, 0x00000007a6d80000, 0x00000007c0000000)
  eden space 179200K, 0% used [0x0000000795580000,0x0000000795580000,0x00000007a0480000)
  from space 19456K, 0% used [0x00000007a0480000,0x00000007a0480000,0x00000007a1780000)
  to   space 20480K, 0% used [0x00000007a5980000,0x00000007a5980000,0x00000007a6d80000)
 ParOldGen       total 92672K, used 28304K [0x0000000740000000, 0x0000000745a80000, 0x0000000795580000)
  object space 92672K, 30% used [0x0000000740000000,0x0000000741ba4350,0x0000000745a80000)
 Metaspace       used 31076K, capacity 31499K, committed 31744K, reserved 1079296K
  class space    used 2569K, capacity 2715K, committed 2816K, reserved 1048576K
}
Event: 37.045 GC heap before
{Heap before GC invocations=12 (full 2):
 PSYoungGen      total 198656K, used 179200K [0x0000000795580000, 0x00000007a6d80000, 0x00000007c0000000)
  eden space 179200K, 100% used [0x0000000795580000,0x00000007a0480000,0x00000007a0480000)
  from space 19456K, 0% used [0x00000007a0480000,0x00000007a0480000,0x00000007a1780000)
  to   space 20480K, 0% used [0x00000007a5980000,0x00000007a5980000,0x00000007a6d80000)
 ParOldGen       total 92672K, used 28304K [0x0000000740000000, 0x0000000745a80000, 0x0000000795580000)
  object space 92672K, 30% used [0x0000000740000000,0x0000000741ba4350,0x0000000745a80000)
 Metaspace       used 31132K, capacity 31563K, committed 32000K, reserved 1079296K
  class space    used 2569K, capacity 2715K, committed 2816K, reserved 1048576K
Event: 37.047 GC heap after
Heap after GC invocations=12 (full 2):
 PSYoungGen      total 265728K, used 96K [0x0000000795580000, 0x00000007a7180000, 0x00000007c0000000)
  eden space 245248K, 0% used [0x0000000795580000,0x0000000795580000,0x00000007a4500000)
  from space 20480K, 0% used [0x00000007a5980000,0x00000007a5998000,0x00000007a6d80000)
  to   space 20992K, 0% used [0x00000007a4500000,0x00000007a4500000,0x00000007a5980000)
 ParOldGen       total 92672K, used 28312K [0x0000000740000000, 0x0000000745a80000, 0x0000000795580000)
  object space 92672K, 30% used [0x0000000740000000,0x0000000741ba6350,0x0000000745a80000)
 Metaspace       used 31132K, capacity 31563K, committed 32000K, reserved 1079296K
  class space    used 2569K, capacity 2715K, committed 2816K, reserved 1048576K
}
Event: 48.494 GC heap before
{Heap before GC invocations=13 (full 2):
 PSYoungGen      total 265728K, used 245344K [0x0000000795580000, 0x00000007a7180000, 0x00000007c0000000)
  eden space 245248K, 100% used [0x0000000795580000,0x00000007a4500000,0x00000007a4500000)
  from space 20480K, 0% used [0x00000007a5980000,0x00000007a5998000,0x00000007a6d80000)
  to   space 20992K, 0% used [0x00000007a4500000,0x00000007a4500000,0x00000007a5980000)
 ParOldGen       total 92672K, used 28312K [0x0000000740000000, 0x0000000745a80000, 0x0000000795580000)
  object space 92672K, 30% used [0x0000000740000000,0x0000000741ba6350,0x0000000745a80000)
 Metaspace       used 31183K, capacity 31627K, committed 32000K, reserved 1079296K
  class space    used 2583K, capacity 2715K, committed 2816K, reserved 1048576K
Event: 48.496 GC heap after
Heap after GC invocations=13 (full 2):
 PSYoungGen      total 266240K, used 128K [0x0000000795580000, 0x00000007ac300000, 0x00000007c0000000)
  eden space 245248K, 0% used [0x0000000795580000,0x0000000795580000,0x00000007a4500000)
  from space 20992K, 0% used [0x00000007a4500000,0x00000007a4520000,0x00000007a5980000)
  to   space 21504K, 0% used [0x00000007aae00000,0x00000007aae00000,0x00000007ac300000)
 ParOldGen       total 92672K, used 28328K [0x0000000740000000, 0x0000000745a80000, 0x0000000795580000)
  object space 92672K, 30% used [0x0000000740000000,0x0000000741baa350,0x0000000745a80000)
 Metaspace       used 31183K, capacity 31627K, committed 32000K, reserved 1079296K
  class space    used 2583K, capacity 2715K, committed 2816K, reserved 1048576K
}

