# JRE version: Java(TM) SE Runtime Environment (8.0_151-b12) (build 1.8.0_151-b12)
# Java VM: Java HotSpot(TM) 64-Bit Server VM (25.151-b12 mixed mode bsd-amd64 compressed oops)
Heap:
 PSYoungGen      total 140800K, used 78254K [0x0000000795580000, 0x00000007a5000000, 0x00000007c0000000)
  eden space 119808K, 58% used [0x0000000795580000,0x00000007999b1830,0x000000079ca80000)
  from space 20992K, 40% used [0x000000079ca80000,0x000000079d2ba2e8,0x000000079df00000)
  to   space 19968K, 0% used [0x00000007a3c80000,0x00000007a3c80000,0x00000007a5000000)
 ParOldGen       total 47616K, used 31260K [0x0000000740000000, 0x0000000742e80000, 0x0000000795580000)
  object space 47616K, 65% used [0x0000000740000000,0x0000000741e87070,0x0000000742e80000)
 Metaspace       used 31327K, capacity 31759K, committed 31920K, reserved 1079296K
  class space    used 2589K, capacity 2715K, committed 2736K, reserved 1048576K
GC Heap History (10 events):
Event: 5.421 GC heap before
{Heap before GC invocations=4 (full 1):
 PSYoungGen      total 38400K, used 5088K [0x0000000795580000, 0x000000079a080000, 0x00000007c0000000)
  eden space 33280K, 0% used [0x0000000795580000,0x0000000795580000,0x0000000797600000)
  from space 5120K, 99% used [0x0000000797600000,0x0000000797af8080,0x0000000797b00000)
  to   space 5120K, 0% used [0x0000000799b80000,0x0000000799b80000,0x000000079a080000)
 ParOldGen       total 87552K, used 3312K [0x0000000740000000, 0x0000000745580000, 0x0000000795580000)
  object space 87552K, 3% used [0x0000000740000000,0x000000074033c2f8,0x0000000745580000)
 Metaspace       used 20780K, capacity 21195K, committed 21296K, reserved 1069056K
  class space    used 2174K, capacity 2326K, committed 2352K, reserved 1048576K
Event: 5.470 GC heap after
Heap after GC invocations=4 (full 1):
 PSYoungGen      total 38400K, used 0K [0x0000000795580000, 0x000000079a080000, 0x00000007c0000000)
  eden space 33280K, 0% used [0x0000000795580000,0x0000000795580000,0x0000000797600000)
  from space 5120K, 0% used [0x0000000797600000,0x0000000797600000,0x0000000797b00000)
  to   space 5120K, 0% used [0x0000000799b80000,0x0000000799b80000,0x000000079a080000)
 ParOldGen       total 47616K, used 7139K [0x0000000740000000, 0x0000000742e80000, 0x0000000795580000)
  object space 47616K, 14% used [0x0000000740000000,0x00000007406f8c30,0x0000000742e80000)
 Metaspace       used 20780K, capacity 21195K, committed 21296K, reserved 1069056K
  class space    used 2174K, capacity 2326K, committed 2352K, reserved 1048576K
}
Event: 6.566 GC heap before
{Heap before GC invocations=5 (full 1):
 PSYoungGen      total 38400K, used 33075K [0x0000000795580000, 0x000000079a080000, 0x00000007c0000000)
  eden space 33280K, 99% used [0x0000000795580000,0x00000007975ccf58,0x0000000797600000)
  from space 5120K, 0% used [0x0000000797600000,0x0000000797600000,0x0000000797b00000)
  to   space 5120K, 0% used [0x0000000799b80000,0x0000000799b80000,0x000000079a080000)
 ParOldGen       total 47616K, used 7139K [0x0000000740000000, 0x0000000742e80000, 0x0000000795580000)
  object space 47616K, 14% used [0x0000000740000000,0x00000007406f8c30,0x0000000742e80000)
 Metaspace       used 23275K, capacity 23645K, committed 23856K, reserved 1071104K
  class space    used 2411K, capacity 2521K, committed 2608K, reserved 1048576K
Event: 6.587 GC heap after
Heap after GC invocations=5 (full 1):
 PSYoungGen      total 68608K, used 5097K [0x0000000795580000, 0x000000079a080000, 0x00000007c0000000)
  eden space 63488K, 0% used [0x0000000795580000,0x0000000795580000,0x0000000799380000)
  from space 5120K, 99% used [0x0000000799b80000,0x000000079a07a658,0x000000079a080000)
  to   space 5120K, 0% used [0x0000000799680000,0x0000000799680000,0x0000000799b80000)
 ParOldGen       total 47616K, used 17396K [0x0000000740000000, 0x0000000742e80000, 0x0000000795580000)
  object space 47616K, 36% used [0x0000000740000000,0x00000007410fd380,0x0000000742e80000)
 Metaspace       used 23275K, capacity 23645K, committed 23856K, reserved 1071104K
  class space    used 2411K, capacity 2521K, committed 2608K, reserved 1048576K
}
Event: 8.633 GC heap before
{Heap before GC invocations=6 (full 1):
 PSYoungGen      total 68608K, used 68585K [0x0000000795580000, 0x000000079a080000, 0x00000007c0000000)
  eden space 63488K, 100% used [0x0000000795580000,0x0000000799380000,0x0000000799380000)
  from space 5120K, 99% used [0x0000000799b80000,0x000000079a07a658,0x000000079a080000)
  to   space 5120K, 0% used [0x0000000799680000,0x0000000799680000,0x0000000799b80000)
 ParOldGen       total 47616K, used 17396K [0x0000000740000000, 0x0000000742e80000, 0x0000000795580000)
  object space 47616K, 36% used [0x0000000740000000,0x00000007410fd380,0x0000000742e80000)
 Metaspace       used 30322K, capacity 30752K, committed 30896K, reserved 1077248K
  class space    used 2580K, capacity 2714K, committed 2736K, reserved 1048576K
Event: 8.655 GC heap after
Heap after GC invocations=6 (full 1):
 PSYoungGen      total 71680K, used 5096K [0x0000000795580000, 0x000000079f400000, 0x00000007c0000000)
  eden space 66560K, 0% used [0x0000000795580000,0x0000000795580000,0x0000000799680000)
  from space 5120K, 99% used [0x0000000799680000,0x0000000799b7a238,0x0000000799b80000)
  to   space 21504K, 0% used [0x000000079df00000,0x000000079df00000,0x000000079f400000)
 ParOldGen       total 47616K, used 31244K [0x0000000740000000, 0x0000000742e80000, 0x0000000795580000)
  object space 47616K, 65% used [0x0000000740000000,0x0000000741e83070,0x0000000742e80000)
 Metaspace       used 30322K, capacity 30752K, committed 30896K, reserved 1077248K
  class space    used 2580K, capacity 2714K, committed 2736K, reserved 1048576K
}
Event: 11.219 GC heap before
{Heap before GC invocations=7 (full 1):
 PSYoungGen      total 71680K, used 71656K [0x0000000795580000, 0x000000079f400000, 0x00000007c0000000)
  eden space 66560K, 100% used [0x0000000795580000,0x0000000799680000,0x0000000799680000)
  from space 5120K, 99% used [0x0000000799680000,0x0000000799b7a238,0x0000000799b80000)
  to   space 21504K, 0% used [0x000000079df00000,0x000000079df00000,0x000000079f400000)
 ParOldGen       total 47616K, used 31244K [0x0000000740000000, 0x0000000742e80000, 0x0000000795580000)
  object space 47616K, 65% used [0x0000000740000000,0x0000000741e83070,0x0000000742e80000)
 Metaspace       used 30808K, capacity 31247K, committed 31408K, reserved 1077248K
  class space    used 2581K, capacity 2715K, committed 2736K, reserved 1048576K
Event: 11.234 GC heap after
Heap after GC invocations=7 (full 1):
 PSYoungGen      total 141312K, used 6056K [0x0000000795580000, 0x000000079f700000, 0x00000007c0000000)
  eden space 119808K, 0% used [0x0000000795580000,0x0000000795580000,0x000000079ca80000)
  from space 21504K, 28% used [0x000000079df00000,0x000000079e4ea268,0x000000079f400000)
  to   space 20992K, 0% used [0x000000079ca80000,0x000000079ca80000,0x000000079df00000)
 ParOldGen       total 47616K, used 31252K [0x0000000740000000, 0x0000000742e80000, 0x0000000795580000)
  object space 47616K, 65% used [0x0000000740000000,0x0000000741e85070,0x0000000742e80000)
 Metaspace       used 30808K, capacity 31247K, committed 31408K, reserved 1077248K
  class space    used 2581K, capacity 2715K, committed 2736K, reserved 1048576K
}
Event: 16.970 GC heap before
{Heap before GC invocations=8 (full 1):
 PSYoungGen      total 141312K, used 125864K [0x0000000795580000, 0x000000079f700000, 0x00000007c0000000)
  eden space 119808K, 100% used [0x0000000795580000,0x000000079ca80000,0x000000079ca80000)
  from space 21504K, 28% used [0x000000079df00000,0x000000079e4ea268,0x000000079f400000)
  to   space 20992K, 0% used [0x000000079ca80000,0x000000079ca80000,0x000000079df00000)
 ParOldGen       total 47616K, used 31252K [0x0000000740000000, 0x0000000742e80000, 0x0000000795580000)
  object space 47616K, 65% used [0x0000000740000000,0x0000000741e85070,0x0000000742e80000)
 Metaspace       used 31137K, capacity 31567K, committed 31920K, reserved 1079296K
  class space    used 2581K, capacity 2715K, committed 2736K, reserved 1048576K
Event: 16.981 GC heap after
Heap after GC invocations=8 (full 1):
 PSYoungGen      total 140800K, used 8424K [0x0000000795580000, 0x00000007a5000000, 0x00000007c0000000)
  eden space 119808K, 0% used [0x0000000795580000,0x0000000795580000,0x000000079ca80000)
  from space 20992K, 40% used [0x000000079ca80000,0x000000079d2ba2e8,0x000000079df00000)
  to   space 19968K, 0% used [0x00000007a3c80000,0x00000007a3c80000,0x00000007a5000000)
 ParOldGen       total 47616K, used 31260K [0x0000000740000000, 0x0000000742e80000, 0x0000000795580000)
  object space 47616K, 65% used [0x0000000740000000,0x0000000741e87070,0x0000000742e80000)
 Metaspace       used 31137K, capacity 31567K, committed 31920K, reserved 1079296K
  class space    used 2581K, capacity 2715K, committed 2736K, reserved 1048576K
}

