# JRE version: Java(TM) SE Runtime Environment (8.0_151-b12) (build 1.8.0_151-b12)
# Java VM: Java HotSpot(TM) 64-Bit Server VM (25.151-b12 mixed mode bsd-amd64 compressed oops)
Heap:
 PSYoungGen      total 136704K, used 41349K [0x0000000795580000, 0x000000079f100000, 0x00000007c0000000)
  eden space 119296K, 23% used [0x0000000795580000,0x0000000797166190,0x000000079ca00000)
  from space 17408K, 73% used [0x000000079db80000,0x000000079e7fb600,0x000000079ec80000)
  to   space 17920K, 0% used [0x000000079ca00000,0x000000079ca00000,0x000000079db80000)
 ParOldGen       total 48640K, used 26075K [0x0000000740000000, 0x0000000742f80000, 0x0000000795580000)
  object space 48640K, 53% used [0x0000000740000000,0x0000000741976d40,0x0000000742f80000)
 Metaspace       used 30853K, capacity 31315K, committed 31744K, reserved 1079296K
  class space    used 2586K, capacity 2715K, committed 2816K, reserved 1048576K
GC Heap History (10 events):
Event: 5.385 GC heap before
{Heap before GC invocations=3 (full 0):
 PSYoungGen      total 38400K, used 6092K [0x0000000795580000, 0x0000000798000000, 0x00000007c0000000)
  eden space 33280K, 2% used [0x0000000795580000,0x0000000795677188,0x0000000797600000)
  from space 5120K, 99% used [0x0000000797b00000,0x0000000797ffc050,0x0000000798000000)
  to   space 5120K, 0% used [0x0000000797600000,0x0000000797600000,0x0000000797b00000)
 ParOldGen       total 87552K, used 3290K [0x0000000740000000, 0x0000000745580000, 0x0000000795580000)
  object space 87552K, 3% used [0x0000000740000000,0x00000007403369b8,0x0000000745580000)
 Metaspace       used 20762K, capacity 21171K, committed 21248K, reserved 1069056K
  class space    used 2164K, capacity 2294K, committed 2304K, reserved 1048576K
Event: 5.393 GC heap after
Heap after GC invocations=3 (full 0):
 PSYoungGen      total 38400K, used 5105K [0x0000000795580000, 0x000000079a080000, 0x00000007c0000000)
  eden space 33280K, 0% used [0x0000000795580000,0x0000000795580000,0x0000000797600000)
  from space 5120K, 99% used [0x0000000797600000,0x0000000797afc770,0x0000000797b00000)
  to   space 5120K, 0% used [0x0000000799b80000,0x0000000799b80000,0x000000079a080000)
 ParOldGen       total 87552K, used 3540K [0x0000000740000000, 0x0000000745580000, 0x0000000795580000)
  object space 87552K, 4% used [0x0000000740000000,0x0000000740375190,0x0000000745580000)
 Metaspace       used 20762K, capacity 21171K, committed 21248K, reserved 1069056K
  class space    used 2164K, capacity 2294K, committed 2304K, reserved 1048576K
}
Event: 5.393 GC heap before
{Heap before GC invocations=4 (full 1):
 PSYoungGen      total 38400K, used 5105K [0x0000000795580000, 0x000000079a080000, 0x00000007c0000000)
  eden space 33280K, 0% used [0x0000000795580000,0x0000000795580000,0x0000000797600000)
  from space 5120K, 99% used [0x0000000797600000,0x0000000797afc770,0x0000000797b00000)
  to   space 5120K, 0% used [0x0000000799b80000,0x0000000799b80000,0x000000079a080000)
 ParOldGen       total 87552K, used 3540K [0x0000000740000000, 0x0000000745580000, 0x0000000795580000)
  object space 87552K, 4% used [0x0000000740000000,0x0000000740375190,0x0000000745580000)
 Metaspace       used 20762K, capacity 21171K, committed 21248K, reserved 1069056K
  class space    used 2164K, capacity 2294K, committed 2304K, reserved 1048576K
Event: 5.447 GC heap after
Heap after GC invocations=4 (full 1):
 PSYoungGen      total 38400K, used 0K [0x0000000795580000, 0x000000079a080000, 0x00000007c0000000)
  eden space 33280K, 0% used [0x0000000795580000,0x0000000795580000,0x0000000797600000)
  from space 5120K, 0% used [0x0000000797600000,0x0000000797600000,0x0000000797b00000)
  to   space 5120K, 0% used [0x0000000799b80000,0x0000000799b80000,0x000000079a080000)
 ParOldGen       total 48640K, used 8231K [0x0000000740000000, 0x0000000742f80000, 0x0000000795580000)
  object space 48640K, 16% used [0x0000000740000000,0x0000000740809d00,0x0000000742f80000)
 Metaspace       used 20762K, capacity 21171K, committed 21248K, reserved 1069056K
  class space    used 2164K, capacity 2294K, committed 2304K, reserved 1048576K
}
Event: 6.433 GC heap before
{Heap before GC invocations=5 (full 1):
 PSYoungGen      total 38400K, used 33280K [0x0000000795580000, 0x000000079a080000, 0x00000007c0000000)
  eden space 33280K, 100% used [0x0000000795580000,0x0000000797600000,0x0000000797600000)
  from space 5120K, 0% used [0x0000000797600000,0x0000000797600000,0x0000000797b00000)
  to   space 5120K, 0% used [0x0000000799b80000,0x0000000799b80000,0x000000079a080000)
 ParOldGen       total 48640K, used 8231K [0x0000000740000000, 0x0000000742f80000, 0x0000000795580000)
  object space 48640K, 16% used [0x0000000740000000,0x0000000740809d00,0x0000000742f80000)
 Metaspace       used 23288K, capacity 23717K, committed 23808K, reserved 1071104K
  class space    used 2409K, capacity 2521K, committed 2560K, reserved 1048576K
Event: 6.456 GC heap after
Heap after GC invocations=5 (full 1):
 PSYoungGen      total 68608K, used 5112K [0x0000000795580000, 0x000000079a080000, 0x00000007c0000000)
  eden space 63488K, 0% used [0x0000000795580000,0x0000000795580000,0x0000000799380000)
  from space 5120K, 99% used [0x0000000799b80000,0x000000079a07e048,0x000000079a080000)
  to   space 5120K, 0% used [0x0000000799680000,0x0000000799680000,0x0000000799b80000)
 ParOldGen       total 48640K, used 18496K [0x0000000740000000, 0x0000000742f80000, 0x0000000795580000)
  object space 48640K, 38% used [0x0000000740000000,0x0000000741210208,0x0000000742f80000)
 Metaspace       used 23288K, capacity 23717K, committed 23808K, reserved 1071104K
  class space    used 2409K, capacity 2521K, committed 2560K, reserved 1048576K
}
Event: 7.464 GC heap before
{Heap before GC invocations=6 (full 1):
 PSYoungGen      total 68608K, used 68600K [0x0000000795580000, 0x000000079a080000, 0x00000007c0000000)
  eden space 63488K, 100% used [0x0000000795580000,0x0000000799380000,0x0000000799380000)
  from space 5120K, 99% used [0x0000000799b80000,0x000000079a07e048,0x000000079a080000)
  to   space 5120K, 0% used [0x0000000799680000,0x0000000799680000,0x0000000799b80000)
 ParOldGen       total 48640K, used 18496K [0x0000000740000000, 0x0000000742f80000, 0x0000000795580000)
  object space 48640K, 38% used [0x0000000740000000,0x0000000741210208,0x0000000742f80000)
 Metaspace       used 29170K, capacity 29600K, committed 29824K, reserved 1077248K
  class space    used 2476K, capacity 2618K, committed 2688K, reserved 1048576K
Event: 7.478 GC heap after
Heap after GC invocations=6 (full 1):
 PSYoungGen      total 71680K, used 5104K [0x0000000795580000, 0x000000079ec80000, 0x00000007c0000000)
  eden space 66560K, 0% used [0x0000000795580000,0x0000000795580000,0x0000000799680000)
  from space 5120K, 99% used [0x0000000799680000,0x0000000799b7c2f0,0x0000000799b80000)
  to   space 17408K, 0% used [0x000000079db80000,0x000000079db80000,0x000000079ec80000)
 ParOldGen       total 48640K, used 26067K [0x0000000740000000, 0x0000000742f80000, 0x0000000795580000)
  object space 48640K, 53% used [0x0000000740000000,0x0000000741974d40,0x0000000742f80000)
 Metaspace       used 29170K, capacity 29600K, committed 29824K, reserved 1077248K
  class space    used 2476K, capacity 2618K, committed 2688K, reserved 1048576K
}
Event: 9.608 GC heap before
{Heap before GC invocations=7 (full 1):
 PSYoungGen      total 71680K, used 71664K [0x0000000795580000, 0x000000079ec80000, 0x00000007c0000000)
  eden space 66560K, 100% used [0x0000000795580000,0x0000000799680000,0x0000000799680000)
  from space 5120K, 99% used [0x0000000799680000,0x0000000799b7c2f0,0x0000000799b80000)
  to   space 17408K, 0% used [0x000000079db80000,0x000000079db80000,0x000000079ec80000)
 ParOldGen       total 48640K, used 26067K [0x0000000740000000, 0x0000000742f80000, 0x0000000795580000)
  object space 48640K, 53% used [0x0000000740000000,0x0000000741974d40,0x0000000742f80000)
 Metaspace       used 30747K, capacity 31251K, committed 31488K, reserved 1077248K
  class space    used 2578K, capacity 2715K, committed 2816K, reserved 1048576K
Event: 9.627 GC heap after
Heap after GC invocations=7 (full 1):
 PSYoungGen      total 136704K, used 12781K [0x0000000795580000, 0x000000079f100000, 0x00000007c0000000)
  eden space 119296K, 0% used [0x0000000795580000,0x0000000795580000,0x000000079ca00000)
  from space 17408K, 73% used [0x000000079db80000,0x000000079e7fb600,0x000000079ec80000)
  to   space 17920K, 0% used [0x000000079ca00000,0x000000079ca00000,0x000000079db80000)
 ParOldGen       total 48640K, used 26075K [0x0000000740000000, 0x0000000742f80000, 0x0000000795580000)
  object space 48640K, 53% used [0x0000000740000000,0x0000000741976d40,0x0000000742f80000)
 Metaspace       used 30747K, capacity 31251K, committed 31488K, reserved 1077248K
  class space    used 2578K, capacity 2715K, committed 2816K, reserved 1048576K
}

