# JRE version: Java(TM) SE Runtime Environment (8.0_151-b12) (build 1.8.0_151-b12)
# Java VM: Java HotSpot(TM) 64-Bit Server VM (25.151-b12 mixed mode bsd-amd64 compressed oops)
Heap:
 PSYoungGen      total 24576K, used 21686K [0x0000000795580000, 0x0000000796e80000, 0x00000007c0000000)
  eden space 24064K, 89% used [0x0000000795580000,0x0000000796a95ac8,0x0000000796d00000)
  from space 512K, 18% used [0x0000000796e00000,0x0000000796e18000,0x0000000796e80000)
  to   space 512K, 0% used [0x0000000796d80000,0x0000000796d80000,0x0000000796e00000)
 ParOldGen       total 87552K, used 26141K [0x0000000740000000, 0x0000000745580000, 0x0000000795580000)
  object space 87552K, 29% used [0x0000000740000000,0x0000000741987650,0x0000000745580000)
 Metaspace       used 19688K, capacity 20033K, committed 20352K, reserved 1067008K
  class space    used 1953K, capacity 2057K, committed 2176K, reserved 1048576K
GC Heap History (10 events):
Event: 512.433 GC heap before
{Heap before GC invocations=138 (full 0):
 PSYoungGen      total 24576K, used 24160K [0x0000000795580000, 0x0000000796e80000, 0x00000007c0000000)
  eden space 24064K, 100% used [0x0000000795580000,0x0000000796d00000,0x0000000796d00000)
  from space 512K, 18% used [0x0000000796d80000,0x0000000796d98000,0x0000000796e00000)
  to   space 512K, 0% used [0x0000000796e00000,0x0000000796e00000,0x0000000796e80000)
 ParOldGen       total 87552K, used 26141K [0x0000000740000000, 0x0000000745580000, 0x0000000795580000)
  object space 87552K, 29% used [0x0000000740000000,0x0000000741987650,0x0000000745580000)
 Metaspace       used 19585K, capacity 19937K, committed 20224K, reserved 1067008K
  class space    used 1928K, capacity 2025K, committed 2048K, reserved 1048576K
Event: 512.435 GC heap after
Heap after GC invocations=138 (full 0):
 PSYoungGen      total 24576K, used 96K [0x0000000795580000, 0x0000000796e80000, 0x00000007c0000000)
  eden space 24064K, 0% used [0x0000000795580000,0x0000000795580000,0x0000000796d00000)
  from space 512K, 18% used [0x0000000796e00000,0x0000000796e18000,0x0000000796e80000)
  to   space 512K, 0% used [0x0000000796d80000,0x0000000796d80000,0x0000000796e00000)
 ParOldGen       total 87552K, used 26141K [0x0000000740000000, 0x0000000745580000, 0x0000000795580000)
  object space 87552K, 29% used [0x0000000740000000,0x0000000741987650,0x0000000745580000)
 Metaspace       used 19585K, capacity 19937K, committed 20224K, reserved 1067008K
  class space    used 1928K, capacity 2025K, committed 2048K, reserved 1048576K
}
Event: 516.150 GC heap before
{Heap before GC invocations=139 (full 0):
 PSYoungGen      total 24576K, used 24160K [0x0000000795580000, 0x0000000796e80000, 0x00000007c0000000)
  eden space 24064K, 100% used [0x0000000795580000,0x0000000796d00000,0x0000000796d00000)
  from space 512K, 18% used [0x0000000796e00000,0x0000000796e18000,0x0000000796e80000)
  to   space 512K, 0% used [0x0000000796d80000,0x0000000796d80000,0x0000000796e00000)
 ParOldGen       total 87552K, used 26141K [0x0000000740000000, 0x0000000745580000, 0x0000000795580000)
  object space 87552K, 29% used [0x0000000740000000,0x0000000741987650,0x0000000745580000)
 Metaspace       used 19585K, capacity 19937K, committed 20224K, reserved 1067008K
  class space    used 1928K, capacity 2025K, committed 2048K, reserved 1048576K
Event: 516.152 GC heap after
Heap after GC invocations=139 (full 0):
 PSYoungGen      total 24576K, used 96K [0x0000000795580000, 0x0000000796e80000, 0x00000007c0000000)
  eden space 24064K, 0% used [0x0000000795580000,0x0000000795580000,0x0000000796d00000)
  from space 512K, 18% used [0x0000000796d80000,0x0000000796d98000,0x0000000796e00000)
  to   space 512K, 0% used [0x0000000796e00000,0x0000000796e00000,0x0000000796e80000)
 ParOldGen       total 87552K, used 26141K [0x0000000740000000, 0x0000000745580000, 0x0000000795580000)
  object space 87552K, 29% used [0x0000000740000000,0x0000000741987650,0x0000000745580000)
 Metaspace       used 19585K, capacity 19937K, committed 20224K, reserved 1067008K
  class space    used 1928K, capacity 2025K, committed 2048K, reserved 1048576K
}
Event: 519.867 GC heap before
{Heap before GC invocations=140 (full 0):
 PSYoungGen      total 24576K, used 24160K [0x0000000795580000, 0x0000000796e80000, 0x00000007c0000000)
  eden space 24064K, 100% used [0x0000000795580000,0x0000000796d00000,0x0000000796d00000)
  from space 512K, 18% used [0x0000000796d80000,0x0000000796d98000,0x0000000796e00000)
  to   space 512K, 0% used [0x0000000796e00000,0x0000000796e00000,0x0000000796e80000)
 ParOldGen       total 87552K, used 26141K [0x0000000740000000, 0x0000000745580000, 0x0000000795580000)
  object space 87552K, 29% used [0x0000000740000000,0x0000000741987650,0x0000000745580000)
 Metaspace       used 19585K, capacity 19937K, committed 20224K, reserved 1067008K
  class space    used 1928K, capacity 2025K, committed 2048K, reserved 1048576K
Event: 519.868 GC heap after
Heap after GC invocations=140 (full 0):
 PSYoungGen      total 24576K, used 96K [0x0000000795580000, 0x0000000796e80000, 0x00000007c0000000)
  eden space 24064K, 0% used [0x0000000795580000,0x0000000795580000,0x0000000796d00000)
  from space 512K, 18% used [0x0000000796e00000,0x0000000796e18000,0x0000000796e80000)
  to   space 512K, 0% used [0x0000000796d80000,0x0000000796d80000,0x0000000796e00000)
 ParOldGen       total 87552K, used 26141K [0x0000000740000000, 0x0000000745580000, 0x0000000795580000)
  object space 87552K, 29% used [0x0000000740000000,0x0000000741987650,0x0000000745580000)
 Metaspace       used 19585K, capacity 19937K, committed 20224K, reserved 1067008K
  class space    used 1928K, capacity 2025K, committed 2048K, reserved 1048576K
}
Event: 523.585 GC heap before
{Heap before GC invocations=141 (full 0):
 PSYoungGen      total 24576K, used 24160K [0x0000000795580000, 0x0000000796e80000, 0x00000007c0000000)
  eden space 24064K, 100% used [0x0000000795580000,0x0000000796d00000,0x0000000796d00000)
  from space 512K, 18% used [0x0000000796e00000,0x0000000796e18000,0x0000000796e80000)
  to   space 512K, 0% used [0x0000000796d80000,0x0000000796d80000,0x0000000796e00000)
 ParOldGen       total 87552K, used 26141K [0x0000000740000000, 0x0000000745580000, 0x0000000795580000)
  object space 87552K, 29% used [0x0000000740000000,0x0000000741987650,0x0000000745580000)
 Metaspace       used 19585K, capacity 19937K, committed 20224K, reserved 1067008K
  class space    used 1928K, capacity 2025K, committed 2048K, reserved 1048576K
Event: 523.587 GC heap after
Heap after GC invocations=141 (full 0):
 PSYoungGen      total 24576K, used 96K [0x0000000795580000, 0x0000000796e80000, 0x00000007c0000000)
  eden space 24064K, 0% used [0x0000000795580000,0x0000000795580000,0x0000000796d00000)
  from space 512K, 18% used [0x0000000796d80000,0x0000000796d98000,0x0000000796e00000)
  to   space 512K, 0% used [0x0000000796e00000,0x0000000796e00000,0x0000000796e80000)
 ParOldGen       total 87552K, used 26141K [0x0000000740000000, 0x0000000745580000, 0x0000000795580000)
  object space 87552K, 29% used [0x0000000740000000,0x0000000741987650,0x0000000745580000)
 Metaspace       used 19585K, capacity 19937K, committed 20224K, reserved 1067008K
  class space    used 1928K, capacity 2025K, committed 2048K, reserved 1048576K
}
Event: 527.368 GC heap before
{Heap before GC invocations=142 (full 0):
 PSYoungGen      total 24576K, used 24160K [0x0000000795580000, 0x0000000796e80000, 0x00000007c0000000)
  eden space 24064K, 100% used [0x0000000795580000,0x0000000796d00000,0x0000000796d00000)
  from space 512K, 18% used [0x0000000796d80000,0x0000000796d98000,0x0000000796e00000)
  to   space 512K, 0% used [0x0000000796e00000,0x0000000796e00000,0x0000000796e80000)
 ParOldGen       total 87552K, used 26141K [0x0000000740000000, 0x0000000745580000, 0x0000000795580000)
  object space 87552K, 29% used [0x0000000740000000,0x0000000741987650,0x0000000745580000)
 Metaspace       used 19585K, capacity 19937K, committed 20224K, reserved 1067008K
  class space    used 1928K, capacity 2025K, committed 2048K, reserved 1048576K
Event: 527.369 GC heap after
Heap after GC invocations=142 (full 0):
 PSYoungGen      total 24576K, used 96K [0x0000000795580000, 0x0000000796e80000, 0x00000007c0000000)
  eden space 24064K, 0% used [0x0000000795580000,0x0000000795580000,0x0000000796d00000)
  from space 512K, 18% used [0x0000000796e00000,0x0000000796e18000,0x0000000796e80000)
  to   space 512K, 0% used [0x0000000796d80000,0x0000000796d80000,0x0000000796e00000)
 ParOldGen       total 87552K, used 26141K [0x0000000740000000, 0x0000000745580000, 0x0000000795580000)
  object space 87552K, 29% used [0x0000000740000000,0x0000000741987650,0x0000000745580000)
 Metaspace       used 19585K, capacity 19937K, committed 20224K, reserved 1067008K
  class space    used 1928K, capacity 2025K, committed 2048K, reserved 1048576K
}

