# JRE version: Java(TM) SE Runtime Environment (8.0_151-b12) (build 1.8.0_151-b12)
# Java VM: Java HotSpot(TM) 64-Bit Server VM (25.151-b12 mixed mode bsd-amd64 compressed oops)
Heap:
 PSYoungGen      total 184320K, used 79898K [0x0000000795580000, 0x00000007a4e80000, 0x00000007c0000000)
  eden space 165888K, 48% used [0x0000000795580000,0x000000079a366850,0x000000079f780000)
  from space 18432K, 0% used [0x000000079f780000,0x000000079f7a0000,0x00000007a0980000)
  to   space 18944K, 0% used [0x00000007a3c00000,0x00000007a3c00000,0x00000007a4e80000)
 ParOldGen       total 51200K, used 33694K [0x0000000740000000, 0x0000000743200000, 0x0000000795580000)
  object space 51200K, 65% used [0x0000000740000000,0x00000007420e7870,0x0000000743200000)
 Metaspace       used 24741K, capacity 25181K, committed 25344K, reserved 1073152K
  class space    used 2455K, capacity 2559K, committed 2560K, reserved 1048576K
GC Heap History (10 events):
Event: 8.805 GC heap before
{Heap before GC invocations=6 (full 1):
 PSYoungGen      total 64512K, used 64254K [0x0000000795580000, 0x000000079a080000, 0x00000007c0000000)
  eden space 59392K, 99% used [0x0000000795580000,0x0000000798f41470,0x0000000798f80000)
  from space 5120K, 99% used [0x0000000799b80000,0x000000079a07e658,0x000000079a080000)
  to   space 5120K, 0% used [0x0000000799680000,0x0000000799680000,0x0000000799b80000)
 ParOldGen       total 51200K, used 17636K [0x0000000740000000, 0x0000000743200000, 0x0000000795580000)
  object space 51200K, 34% used [0x0000000740000000,0x00000007411390d8,0x0000000743200000)
 Metaspace       used 24060K, capacity 24535K, committed 24832K, reserved 1071104K
  class space    used 2448K, capacity 2558K, committed 2560K, reserved 1048576K
Event: 8.821 GC heap after
Heap after GC invocations=6 (full 1):
 PSYoungGen      total 71680K, used 5101K [0x0000000795580000, 0x000000079e180000, 0x00000007c0000000)
  eden space 66560K, 0% used [0x0000000795580000,0x0000000795580000,0x0000000799680000)
  from space 5120K, 99% used [0x0000000799680000,0x0000000799b7b450,0x0000000799b80000)
  to   space 19456K, 0% used [0x000000079ce80000,0x000000079ce80000,0x000000079e180000)
 ParOldGen       total 51200K, used 28257K [0x0000000740000000, 0x0000000743200000, 0x0000000795580000)
  object space 51200K, 55% used [0x0000000740000000,0x0000000741b98450,0x0000000743200000)
 Metaspace       used 24060K, capacity 24535K, committed 24832K, reserved 1071104K
  class space    used 2448K, capacity 2558K, committed 2560K, reserved 1048576K
}
Event: 13.030 GC heap before
{Heap before GC invocations=7 (full 1):
 PSYoungGen      total 71680K, used 71661K [0x0000000795580000, 0x000000079e180000, 0x00000007c0000000)
  eden space 66560K, 100% used [0x0000000795580000,0x0000000799680000,0x0000000799680000)
  from space 5120K, 99% used [0x0000000799680000,0x0000000799b7b450,0x0000000799b80000)
  to   space 19456K, 0% used [0x000000079ce80000,0x000000079ce80000,0x000000079e180000)
 ParOldGen       total 51200K, used 28257K [0x0000000740000000, 0x0000000743200000, 0x0000000795580000)
  object space 51200K, 55% used [0x0000000740000000,0x0000000741b98450,0x0000000743200000)
 Metaspace       used 24378K, capacity 24797K, committed 25088K, reserved 1071104K
  class space    used 2448K, capacity 2559K, committed 2560K, reserved 1048576K
Event: 13.040 GC heap after
Heap after GC invocations=7 (full 1):
 PSYoungGen      total 124416K, used 5469K [0x0000000795580000, 0x000000079e980000, 0x00000007c0000000)
  eden space 104960K, 0% used [0x0000000795580000,0x0000000795580000,0x000000079bc00000)
  from space 19456K, 28% used [0x000000079ce80000,0x000000079d3d7450,0x000000079e180000)
  to   space 18944K, 0% used [0x000000079bc00000,0x000000079bc00000,0x000000079ce80000)
 ParOldGen       total 51200K, used 28265K [0x0000000740000000, 0x0000000743200000, 0x0000000795580000)
  object space 51200K, 55% used [0x0000000740000000,0x0000000741b9a450,0x0000000743200000)
 Metaspace       used 24378K, capacity 24797K, committed 25088K, reserved 1071104K
  class space    used 2448K, capacity 2559K, committed 2560K, reserved 1048576K
}
Event: 19.949 GC heap before
{Heap before GC invocations=8 (full 1):
 PSYoungGen      total 124416K, used 110429K [0x0000000795580000, 0x000000079e980000, 0x00000007c0000000)
  eden space 104960K, 100% used [0x0000000795580000,0x000000079bc00000,0x000000079bc00000)
  from space 19456K, 28% used [0x000000079ce80000,0x000000079d3d7450,0x000000079e180000)
  to   space 18944K, 0% used [0x000000079bc00000,0x000000079bc00000,0x000000079ce80000)
 ParOldGen       total 51200K, used 28265K [0x0000000740000000, 0x0000000743200000, 0x0000000795580000)
  object space 51200K, 55% used [0x0000000740000000,0x0000000741b9a450,0x0000000743200000)
 Metaspace       used 24595K, capacity 25053K, committed 25344K, reserved 1073152K
  class space    used 2448K, capacity 2559K, committed 2560K, reserved 1048576K
Event: 19.954 GC heap after
Heap after GC invocations=8 (full 1):
 PSYoungGen      total 123904K, used 5485K [0x0000000795580000, 0x00000007a2280000, 0x00000007c0000000)
  eden space 104960K, 0% used [0x0000000795580000,0x0000000795580000,0x000000079bc00000)
  from space 18944K, 28% used [0x000000079bc00000,0x000000079c15b460,0x000000079ce80000)
  to   space 18432K, 0% used [0x00000007a1080000,0x00000007a1080000,0x00000007a2280000)
 ParOldGen       total 51200K, used 28273K [0x0000000740000000, 0x0000000743200000, 0x0000000795580000)
  object space 51200K, 55% used [0x0000000740000000,0x0000000741b9c450,0x0000000743200000)
 Metaspace       used 24595K, capacity 25053K, committed 25344K, reserved 1073152K
  class space    used 2448K, capacity 2559K, committed 2560K, reserved 1048576K
}
Event: 27.932 GC heap before
{Heap before GC invocations=9 (full 1):
 PSYoungGen      total 123904K, used 110445K [0x0000000795580000, 0x00000007a2280000, 0x00000007c0000000)
  eden space 104960K, 100% used [0x0000000795580000,0x000000079bc00000,0x000000079bc00000)
  from space 18944K, 28% used [0x000000079bc00000,0x000000079c15b460,0x000000079ce80000)
  to   space 18432K, 0% used [0x00000007a1080000,0x00000007a1080000,0x00000007a2280000)
 ParOldGen       total 51200K, used 28273K [0x0000000740000000, 0x0000000743200000, 0x0000000795580000)
  object space 51200K, 55% used [0x0000000740000000,0x0000000741b9c450,0x0000000743200000)
 Metaspace       used 24708K, capacity 25181K, committed 25344K, reserved 1073152K
  class space    used 2448K, capacity 2559K, committed 2560K, reserved 1048576K
Event: 27.938 GC heap after
Heap after GC invocations=9 (full 1):
 PSYoungGen      total 177152K, used 2304K [0x0000000795580000, 0x00000007a1b80000, 0x00000007c0000000)
  eden space 165888K, 0% used [0x0000000795580000,0x0000000795580000,0x000000079f780000)
  from space 11264K, 20% used [0x00000007a1080000,0x00000007a12c0080,0x00000007a1b80000)
  to   space 18432K, 0% used [0x000000079f780000,0x000000079f780000,0x00000007a0980000)
 ParOldGen       total 51200K, used 31504K [0x0000000740000000, 0x0000000743200000, 0x0000000795580000)
  object space 51200K, 61% used [0x0000000740000000,0x0000000741ec43a0,0x0000000743200000)
 Metaspace       used 24708K, capacity 25181K, committed 25344K, reserved 1073152K
  class space    used 2448K, capacity 2559K, committed 2560K, reserved 1048576K
}
Event: 40.179 GC heap before
{Heap before GC invocations=10 (full 1):
 PSYoungGen      total 177152K, used 168192K [0x0000000795580000, 0x00000007a1b80000, 0x00000007c0000000)
  eden space 165888K, 100% used [0x0000000795580000,0x000000079f780000,0x000000079f780000)
  from space 11264K, 20% used [0x00000007a1080000,0x00000007a12c0080,0x00000007a1b80000)
  to   space 18432K, 0% used [0x000000079f780000,0x000000079f780000,0x00000007a0980000)
 ParOldGen       total 51200K, used 31504K [0x0000000740000000, 0x0000000743200000, 0x0000000795580000)
  object space 51200K, 61% used [0x0000000740000000,0x0000000741ec43a0,0x0000000743200000)
 Metaspace       used 24713K, capacity 25181K, committed 25344K, reserved 1073152K
  class space    used 2448K, capacity 2559K, committed 2560K, reserved 1048576K
Event: 40.184 GC heap after
Heap after GC invocations=10 (full 1):
 PSYoungGen      total 184320K, used 128K [0x0000000795580000, 0x00000007a4e80000, 0x00000007c0000000)
  eden space 165888K, 0% used [0x0000000795580000,0x0000000795580000,0x000000079f780000)
  from space 18432K, 0% used [0x000000079f780000,0x000000079f7a0000,0x00000007a0980000)
  to   space 18944K, 0% used [0x00000007a3c00000,0x00000007a3c00000,0x00000007a4e80000)
 ParOldGen       total 51200K, used 33694K [0x0000000740000000, 0x0000000743200000, 0x0000000795580000)
  object space 51200K, 65% used [0x0000000740000000,0x00000007420e7870,0x0000000743200000)
 Metaspace       used 24713K, capacity 25181K, committed 25344K, reserved 1073152K
  class space    used 2448K, capacity 2559K, committed 2560K, reserved 1048576K
}

