# JRE version: Java(TM) SE Runtime Environment (8.0_151-b12) (build 1.8.0_151-b12)
# Java VM: Java HotSpot(TM) 64-Bit Server VM (25.151-b12 mixed mode bsd-amd64 compressed oops)
Heap:
 PSYoungGen      total 123904K, used 112541K [0x0000000795580000, 0x000000079e800000, 0x00000007c0000000)
  eden space 107008K, 93% used [0x0000000795580000,0x000000079b765c10,0x000000079be00000)
  from space 16896K, 72% used [0x000000079cf00000,0x000000079db01ab8,0x000000079df80000)
  to   space 17408K, 0% used [0x000000079be00000,0x000000079be00000,0x000000079cf00000)
 ParOldGen       total 49664K, used 25132K [0x0000000740000000, 0x0000000743080000, 0x0000000795580000)
  object space 49664K, 50% used [0x0000000740000000,0x000000074188b248,0x0000000743080000)
 Metaspace       used 31092K, capacity 31571K, committed 31920K, reserved 1079296K
  class space    used 2587K, capacity 2715K, committed 2736K, reserved 1048576K
GC Heap History (10 events):
Event: 5.326 GC heap before
{Heap before GC invocations=3 (full 0):
 PSYoungGen      total 38400K, used 6450K [0x0000000795580000, 0x0000000798000000, 0x00000007c0000000)
  eden space 33280K, 4% used [0x0000000795580000,0x00000007956d4248,0x0000000797600000)
  from space 5120K, 99% used [0x0000000797b00000,0x0000000797ff8780,0x0000000798000000)
  to   space 5120K, 0% used [0x0000000797600000,0x0000000797600000,0x0000000797b00000)
 ParOldGen       total 87552K, used 2990K [0x0000000740000000, 0x0000000745580000, 0x0000000795580000)
  object space 87552K, 3% used [0x0000000740000000,0x00000007402eb9b8,0x0000000745580000)
 Metaspace       used 20771K, capacity 21203K, committed 21296K, reserved 1069056K
  class space    used 2171K, capacity 2326K, committed 2352K, reserved 1048576K
Event: 5.339 GC heap after
Heap after GC invocations=3 (full 0):
 PSYoungGen      total 38400K, used 5104K [0x0000000795580000, 0x000000079a080000, 0x00000007c0000000)
  eden space 33280K, 0% used [0x0000000795580000,0x0000000795580000,0x0000000797600000)
  from space 5120K, 99% used [0x0000000797600000,0x0000000797afc050,0x0000000797b00000)
  to   space 5120K, 0% used [0x0000000799b80000,0x0000000799b80000,0x000000079a080000)
 ParOldGen       total 87552K, used 3348K [0x0000000740000000, 0x0000000745580000, 0x0000000795580000)
  object space 87552K, 3% used [0x0000000740000000,0x00000007403450f0,0x0000000745580000)
 Metaspace       used 20771K, capacity 21203K, committed 21296K, reserved 1069056K
  class space    used 2171K, capacity 2326K, committed 2352K, reserved 1048576K
}
Event: 5.339 GC heap before
{Heap before GC invocations=4 (full 1):
 PSYoungGen      total 38400K, used 5104K [0x0000000795580000, 0x000000079a080000, 0x00000007c0000000)
  eden space 33280K, 0% used [0x0000000795580000,0x0000000795580000,0x0000000797600000)
  from space 5120K, 99% used [0x0000000797600000,0x0000000797afc050,0x0000000797b00000)
  to   space 5120K, 0% used [0x0000000799b80000,0x0000000799b80000,0x000000079a080000)
 ParOldGen       total 87552K, used 3348K [0x0000000740000000, 0x0000000745580000, 0x0000000795580000)
  object space 87552K, 3% used [0x0000000740000000,0x00000007403450f0,0x0000000745580000)
 Metaspace       used 20771K, capacity 21203K, committed 21296K, reserved 1069056K
  class space    used 2171K, capacity 2326K, committed 2352K, reserved 1048576K
Event: 5.400 GC heap after
Heap after GC invocations=4 (full 1):
 PSYoungGen      total 38400K, used 0K [0x0000000795580000, 0x000000079a080000, 0x00000007c0000000)
  eden space 33280K, 0% used [0x0000000795580000,0x0000000795580000,0x0000000797600000)
  from space 5120K, 0% used [0x0000000797600000,0x0000000797600000,0x0000000797b00000)
  to   space 5120K, 0% used [0x0000000799b80000,0x0000000799b80000,0x000000079a080000)
 ParOldGen       total 49664K, used 7274K [0x0000000740000000, 0x0000000743080000, 0x0000000795580000)
  object space 49664K, 14% used [0x0000000740000000,0x000000074071ab88,0x0000000743080000)
 Metaspace       used 20771K, capacity 21203K, committed 21296K, reserved 1069056K
  class space    used 2171K, capacity 2326K, committed 2352K, reserved 1048576K
}
Event: 6.447 GC heap before
{Heap before GC invocations=5 (full 1):
 PSYoungGen      total 38400K, used 33102K [0x0000000795580000, 0x000000079a080000, 0x00000007c0000000)
  eden space 33280K, 99% used [0x0000000795580000,0x00000007975d3a08,0x0000000797600000)
  from space 5120K, 0% used [0x0000000797600000,0x0000000797600000,0x0000000797b00000)
  to   space 5120K, 0% used [0x0000000799b80000,0x0000000799b80000,0x000000079a080000)
 ParOldGen       total 49664K, used 7274K [0x0000000740000000, 0x0000000743080000, 0x0000000795580000)
  object space 49664K, 14% used [0x0000000740000000,0x000000074071ab88,0x0000000743080000)
 Metaspace       used 23266K, capacity 23717K, committed 23856K, reserved 1071104K
  class space    used 2409K, capacity 2521K, committed 2608K, reserved 1048576K
Event: 6.466 GC heap after
Heap after GC invocations=5 (full 1):
 PSYoungGen      total 65536K, used 5097K [0x0000000795580000, 0x000000079a080000, 0x00000007c0000000)
  eden space 60416K, 0% used [0x0000000795580000,0x0000000795580000,0x0000000799080000)
  from space 5120K, 99% used [0x0000000799b80000,0x000000079a07a418,0x000000079a080000)
  to   space 5120K, 0% used [0x0000000799680000,0x0000000799680000,0x0000000799b80000)
 ParOldGen       total 49664K, used 17547K [0x0000000740000000, 0x0000000743080000, 0x0000000795580000)
  object space 49664K, 35% used [0x0000000740000000,0x0000000741122c98,0x0000000743080000)
 Metaspace       used 23266K, capacity 23717K, committed 23856K, reserved 1071104K
  class space    used 2409K, capacity 2521K, committed 2608K, reserved 1048576K
}
Event: 7.768 GC heap before
{Heap before GC invocations=6 (full 1):
 PSYoungGen      total 65536K, used 65513K [0x0000000795580000, 0x000000079a080000, 0x00000007c0000000)
  eden space 60416K, 100% used [0x0000000795580000,0x0000000799080000,0x0000000799080000)
  from space 5120K, 99% used [0x0000000799b80000,0x000000079a07a418,0x000000079a080000)
  to   space 5120K, 0% used [0x0000000799680000,0x0000000799680000,0x0000000799b80000)
 ParOldGen       total 49664K, used 17547K [0x0000000740000000, 0x0000000743080000, 0x0000000795580000)
  object space 49664K, 35% used [0x0000000740000000,0x0000000741122c98,0x0000000743080000)
 Metaspace       used 29188K, capacity 29670K, committed 29872K, reserved 1077248K
  class space    used 2476K, capacity 2619K, committed 2736K, reserved 1048576K
Event: 7.786 GC heap after
Heap after GC invocations=6 (full 1):
 PSYoungGen      total 71680K, used 5099K [0x0000000795580000, 0x000000079df80000, 0x00000007c0000000)
  eden space 66560K, 0% used [0x0000000795580000,0x0000000795580000,0x0000000799680000)
  from space 5120K, 99% used [0x0000000799680000,0x0000000799b7aeb0,0x0000000799b80000)
  to   space 16896K, 0% used [0x000000079cf00000,0x000000079cf00000,0x000000079df80000)
 ParOldGen       total 49664K, used 25132K [0x0000000740000000, 0x0000000743080000, 0x0000000795580000)
  object space 49664K, 50% used [0x0000000740000000,0x000000074188b248,0x0000000743080000)
 Metaspace       used 29188K, capacity 29670K, committed 29872K, reserved 1077248K
  class space    used 2476K, capacity 2619K, committed 2736K, reserved 1048576K
}
Event: 10.537 GC heap before
{Heap before GC invocations=7 (full 1):
 PSYoungGen      total 71680K, used 71659K [0x0000000795580000, 0x000000079df80000, 0x00000007c0000000)
  eden space 66560K, 100% used [0x0000000795580000,0x0000000799680000,0x0000000799680000)
  from space 5120K, 99% used [0x0000000799680000,0x0000000799b7aeb0,0x0000000799b80000)
  to   space 16896K, 0% used [0x000000079cf00000,0x000000079cf00000,0x000000079df80000)
 ParOldGen       total 49664K, used 25132K [0x0000000740000000, 0x0000000743080000, 0x0000000795580000)
  object space 49664K, 50% used [0x0000000740000000,0x000000074188b248,0x0000000743080000)
 Metaspace       used 30724K, capacity 31187K, committed 31408K, reserved 1077248K
  class space    used 2579K, capacity 2715K, committed 2736K, reserved 1048576K
Event: 10.553 GC heap after
Heap after GC invocations=7 (full 1):
 PSYoungGen      total 123904K, used 12294K [0x0000000795580000, 0x000000079e800000, 0x00000007c0000000)
  eden space 107008K, 0% used [0x0000000795580000,0x0000000795580000,0x000000079be00000)
  from space 16896K, 72% used [0x000000079cf00000,0x000000079db01ab8,0x000000079df80000)
  to   space 17408K, 0% used [0x000000079be00000,0x000000079be00000,0x000000079cf00000)
 ParOldGen       total 49664K, used 25132K [0x0000000740000000, 0x0000000743080000, 0x0000000795580000)
  object space 49664K, 50% used [0x0000000740000000,0x000000074188b248,0x0000000743080000)
 Metaspace       used 30724K, capacity 31187K, committed 31408K, reserved 1077248K
  class space    used 2579K, capacity 2715K, committed 2736K, reserved 1048576K
}

