# JRE version: Java(TM) SE Runtime Environment (8.0_151-b12) (build 1.8.0_151-b12)
# Java VM: Java HotSpot(TM) 64-Bit Server VM (25.151-b12 mixed mode bsd-amd64 compressed oops)
Heap:
 PSYoungGen      total 56832K, used 13309K [0x0000000795580000, 0x000000079c600000, 0x00000007c0000000)
  eden space 51712K, 15% used [0x0000000795580000,0x0000000795d853f0,0x0000000798800000)
  from space 5120K, 99% used [0x0000000798800000,0x0000000798cfa268,0x0000000798d00000)
  to   space 18944K, 0% used [0x000000079b380000,0x000000079b380000,0x000000079c600000)
 ParOldGen       total 64000K, used 34490K [0x0000000740000000, 0x0000000743e80000, 0x0000000795580000)
  object space 64000K, 53% used [0x0000000740000000,0x00000007421aeaa0,0x0000000743e80000)
 Metaspace       used 30620K, capacity 31051K, committed 31408K, reserved 1077248K
  class space    used 2564K, capacity 2681K, committed 2736K, reserved 1048576K
GC Heap History (10 events):
Event: 5.066 GC heap before
{Heap before GC invocations=2 (full 0):
 PSYoungGen      total 38400K, used 28214K [0x0000000795580000, 0x0000000798000000, 0x00000007c0000000)
  eden space 33280K, 69% used [0x0000000795580000,0x0000000796c0eeb8,0x0000000797600000)
  from space 5120K, 99% used [0x0000000797600000,0x0000000797afeb10,0x0000000797b00000)
  to   space 5120K, 0% used [0x0000000797b00000,0x0000000797b00000,0x0000000798000000)
 ParOldGen       total 87552K, used 62K [0x0000000740000000, 0x0000000745580000, 0x0000000795580000)
  object space 87552K, 0% used [0x0000000740000000,0x000000074000f960,0x0000000745580000)
 Metaspace       used 20813K, capacity 21223K, committed 21296K, reserved 1069056K
  class space    used 2182K, capacity 2324K, committed 2352K, reserved 1048576K
Event: 5.081 GC heap after
Heap after GC invocations=2 (full 0):
 PSYoungGen      total 38400K, used 5104K [0x0000000795580000, 0x0000000798000000, 0x00000007c0000000)
  eden space 33280K, 0% used [0x0000000795580000,0x0000000795580000,0x0000000797600000)
  from space 5120K, 99% used [0x0000000797b00000,0x0000000797ffc290,0x0000000798000000)
  to   space 5120K, 0% used [0x0000000797600000,0x0000000797600000,0x0000000797b00000)
 ParOldGen       total 87552K, used 2869K [0x0000000740000000, 0x0000000745580000, 0x0000000795580000)
  object space 87552K, 3% used [0x0000000740000000,0x00000007402cd430,0x0000000745580000)
 Metaspace       used 20813K, capacity 21223K, committed 21296K, reserved 1069056K
  class space    used 2182K, capacity 2324K, committed 2352K, reserved 1048576K
}
Event: 5.081 GC heap before
{Heap before GC invocations=3 (full 1):
 PSYoungGen      total 38400K, used 5104K [0x0000000795580000, 0x0000000798000000, 0x00000007c0000000)
  eden space 33280K, 0% used [0x0000000795580000,0x0000000795580000,0x0000000797600000)
  from space 5120K, 99% used [0x0000000797b00000,0x0000000797ffc290,0x0000000798000000)
  to   space 5120K, 0% used [0x0000000797600000,0x0000000797600000,0x0000000797b00000)
 ParOldGen       total 87552K, used 2869K [0x0000000740000000, 0x0000000745580000, 0x0000000795580000)
  object space 87552K, 3% used [0x0000000740000000,0x00000007402cd430,0x0000000745580000)
 Metaspace       used 20813K, capacity 21223K, committed 21296K, reserved 1069056K
  class space    used 2182K, capacity 2324K, committed 2352K, reserved 1048576K
Event: 5.127 GC heap after
Heap after GC invocations=3 (full 1):
 PSYoungGen      total 38400K, used 0K [0x0000000795580000, 0x0000000798000000, 0x00000007c0000000)
  eden space 33280K, 0% used [0x0000000795580000,0x0000000795580000,0x0000000797600000)
  from space 5120K, 0% used [0x0000000797b00000,0x0000000797b00000,0x0000000798000000)
  to   space 5120K, 0% used [0x0000000797600000,0x0000000797600000,0x0000000797b00000)
 ParOldGen       total 64000K, used 7772K [0x0000000740000000, 0x0000000743e80000, 0x0000000795580000)
  object space 64000K, 12% used [0x0000000740000000,0x00000007407970f8,0x0000000743e80000)
 Metaspace       used 20813K, capacity 21223K, committed 21296K, reserved 1069056K
  class space    used 2182K, capacity 2324K, committed 2352K, reserved 1048576K
}
Event: 6.332 GC heap before
{Heap before GC invocations=4 (full 1):
 PSYoungGen      total 38400K, used 33280K [0x0000000795580000, 0x0000000798000000, 0x00000007c0000000)
  eden space 33280K, 100% used [0x0000000795580000,0x0000000797600000,0x0000000797600000)
  from space 5120K, 0% used [0x0000000797b00000,0x0000000797b00000,0x0000000798000000)
  to   space 5120K, 0% used [0x0000000797600000,0x0000000797600000,0x0000000797b00000)
 ParOldGen       total 64000K, used 7772K [0x0000000740000000, 0x0000000743e80000, 0x0000000795580000)
  object space 64000K, 12% used [0x0000000740000000,0x00000007407970f8,0x0000000743e80000)
 Metaspace       used 23261K, capacity 23705K, committed 23856K, reserved 1071104K
  class space    used 2401K, capacity 2551K, committed 2608K, reserved 1048576K
Event: 6.355 GC heap after
Heap after GC invocations=4 (full 1):
 PSYoungGen      total 38400K, used 5090K [0x0000000795580000, 0x0000000799200000, 0x00000007c0000000)
  eden space 33280K, 0% used [0x0000000795580000,0x0000000795580000,0x0000000797600000)
  from space 5120K, 99% used [0x0000000797600000,0x0000000797af8ae0,0x0000000797b00000)
  to   space 5120K, 0% used [0x0000000798d00000,0x0000000798d00000,0x0000000799200000)
 ParOldGen       total 64000K, used 20182K [0x0000000740000000, 0x0000000743e80000, 0x0000000795580000)
  object space 64000K, 31% used [0x0000000740000000,0x00000007413b58c0,0x0000000743e80000)
 Metaspace       used 23261K, capacity 23705K, committed 23856K, reserved 1071104K
  class space    used 2401K, capacity 2551K, committed 2608K, reserved 1048576K
}
Event: 7.450 GC heap before
{Heap before GC invocations=5 (full 1):
 PSYoungGen      total 38400K, used 38370K [0x0000000795580000, 0x0000000799200000, 0x00000007c0000000)
  eden space 33280K, 100% used [0x0000000795580000,0x0000000797600000,0x0000000797600000)
  from space 5120K, 99% used [0x0000000797600000,0x0000000797af8ae0,0x0000000797b00000)
  to   space 5120K, 0% used [0x0000000798d00000,0x0000000798d00000,0x0000000799200000)
 ParOldGen       total 64000K, used 20182K [0x0000000740000000, 0x0000000743e80000, 0x0000000795580000)
  object space 64000K, 31% used [0x0000000740000000,0x00000007413b58c0,0x0000000743e80000)
 Metaspace       used 28994K, capacity 29400K, committed 29744K, reserved 1077248K
  class space    used 2457K, capacity 2584K, committed 2608K, reserved 1048576K
Event: 7.460 GC heap after
Heap after GC invocations=5 (full 1):
 PSYoungGen      total 56320K, used 5088K [0x0000000795580000, 0x0000000799200000, 0x00000007c0000000)
  eden space 51200K, 0% used [0x0000000795580000,0x0000000795580000,0x0000000798780000)
  from space 5120K, 99% used [0x0000000798d00000,0x00000007991f80f0,0x0000000799200000)
  to   space 5120K, 0% used [0x0000000798800000,0x0000000798800000,0x0000000798d00000)
 ParOldGen       total 64000K, used 24687K [0x0000000740000000, 0x0000000743e80000, 0x0000000795580000)
  object space 64000K, 38% used [0x0000000740000000,0x000000074181bf20,0x0000000743e80000)
 Metaspace       used 28994K, capacity 29400K, committed 29744K, reserved 1077248K
  class space    used 2457K, capacity 2584K, committed 2608K, reserved 1048576K
}
Event: 10.309 GC heap before
{Heap before GC invocations=6 (full 1):
 PSYoungGen      total 56320K, used 56121K [0x0000000795580000, 0x0000000799200000, 0x00000007c0000000)
  eden space 51200K, 99% used [0x0000000795580000,0x0000000798756670,0x0000000798780000)
  from space 5120K, 99% used [0x0000000798d00000,0x00000007991f80f0,0x0000000799200000)
  to   space 5120K, 0% used [0x0000000798800000,0x0000000798800000,0x0000000798d00000)
 ParOldGen       total 64000K, used 24687K [0x0000000740000000, 0x0000000743e80000, 0x0000000795580000)
  object space 64000K, 38% used [0x0000000740000000,0x000000074181bf20,0x0000000743e80000)
 Metaspace       used 30553K, capacity 31051K, committed 31408K, reserved 1077248K
  class space    used 2556K, capacity 2681K, committed 2736K, reserved 1048576K
Event: 10.325 GC heap after
Heap after GC invocations=6 (full 1):
 PSYoungGen      total 56832K, used 5096K [0x0000000795580000, 0x000000079c600000, 0x00000007c0000000)
  eden space 51712K, 0% used [0x0000000795580000,0x0000000795580000,0x0000000798800000)
  from space 5120K, 99% used [0x0000000798800000,0x0000000798cfa268,0x0000000798d00000)
  to   space 18944K, 0% used [0x000000079b380000,0x000000079b380000,0x000000079c600000)
 ParOldGen       total 64000K, used 34490K [0x0000000740000000, 0x0000000743e80000, 0x0000000795580000)
  object space 64000K, 53% used [0x0000000740000000,0x00000007421aeaa0,0x0000000743e80000)
 Metaspace       used 30553K, capacity 31051K, committed 31408K, reserved 1077248K
  class space    used 2556K, capacity 2681K, committed 2736K, reserved 1048576K
}

