# JRE version: Java(TM) SE Runtime Environment (8.0_151-b12) (build 1.8.0_151-b12)
# Java VM: Java HotSpot(TM) 64-Bit Server VM (25.151-b12 mixed mode bsd-amd64 compressed oops)
Heap:
 PSYoungGen      total 240640K, used 56742K [0x0000000795580000, 0x00000007a5a00000, 0x00000007c0000000)
  eden space 227840K, 24% used [0x0000000795580000,0x0000000798ce9b78,0x00000007a3400000)
  from space 12800K, 0% used [0x00000007a4d80000,0x00000007a4d80000,0x00000007a5a00000)
  to   space 19456K, 0% used [0x00000007a3400000,0x00000007a3400000,0x00000007a4700000)
 ParOldGen       total 92672K, used 28291K [0x0000000740000000, 0x0000000745a80000, 0x0000000795580000)
  object space 92672K, 30% used [0x0000000740000000,0x0000000741ba0e78,0x0000000745a80000)
 Metaspace       used 31293K, capacity 31763K, committed 32000K, reserved 1079296K
  class space    used 2579K, capacity 2715K, committed 2816K, reserved 1048576K
GC Heap History (10 events):
Event: 16.236 GC heap before
{Heap before GC invocations=8 (full 1):
 PSYoungGen      total 123904K, used 119047K [0x0000000795580000, 0x000000079e880000, 0x00000007c0000000)
  eden space 107008K, 100% used [0x0000000795580000,0x000000079be00000,0x000000079be00000)
  from space 16896K, 71% used [0x000000079cf00000,0x000000079dac1f08,0x000000079df80000)
  to   space 17408K, 0% used [0x000000079be00000,0x000000079be00000,0x000000079cf00000)
 ParOldGen       total 49664K, used 25096K [0x0000000740000000, 0x0000000743080000, 0x0000000795580000)
  object space 49664K, 50% used [0x0000000740000000,0x00000007418822c8,0x0000000743080000)
 Metaspace       used 31126K, capacity 31571K, committed 32000K, reserved 1079296K
  class space    used 2573K, capacity 2715K, committed 2816K, reserved 1048576K
Event: 16.263 GC heap after
Heap after GC invocations=8 (full 1):
 PSYoungGen      total 124416K, used 14776K [0x0000000795580000, 0x00000007a2b80000, 0x00000007c0000000)
  eden space 107008K, 0% used [0x0000000795580000,0x0000000795580000,0x000000079be00000)
  from space 17408K, 84% used [0x000000079be00000,0x000000079cc6e118,0x000000079cf00000)
  to   space 18944K, 0% used [0x00000007a1900000,0x00000007a1900000,0x00000007a2b80000)
 ParOldGen       total 49664K, used 25104K [0x0000000740000000, 0x0000000743080000, 0x0000000795580000)
  object space 49664K, 50% used [0x0000000740000000,0x00000007418842c8,0x0000000743080000)
 Metaspace       used 31126K, capacity 31571K, committed 32000K, reserved 1079296K
  class space    used 2573K, capacity 2715K, committed 2816K, reserved 1048576K
}
Event: 24.117 GC heap before
{Heap before GC invocations=9 (full 1):
 PSYoungGen      total 124416K, used 121784K [0x0000000795580000, 0x00000007a2b80000, 0x00000007c0000000)
  eden space 107008K, 100% used [0x0000000795580000,0x000000079be00000,0x000000079be00000)
  from space 17408K, 84% used [0x000000079be00000,0x000000079cc6e118,0x000000079cf00000)
  to   space 18944K, 0% used [0x00000007a1900000,0x00000007a1900000,0x00000007a2b80000)
 ParOldGen       total 49664K, used 25104K [0x0000000740000000, 0x0000000743080000, 0x0000000795580000)
  object space 49664K, 50% used [0x0000000740000000,0x00000007418842c8,0x0000000743080000)
 Metaspace       used 31206K, capacity 31699K, committed 32000K, reserved 1079296K
  class space    used 2573K, capacity 2715K, committed 2816K, reserved 1048576K
Event: 24.134 GC heap after
Heap after GC invocations=9 (full 1):
 PSYoungGen      total 186880K, used 11690K [0x0000000795580000, 0x00000007a2480000, 0x00000007c0000000)
  eden space 175104K, 0% used [0x0000000795580000,0x0000000795580000,0x00000007a0080000)
  from space 11776K, 99% used [0x00000007a1900000,0x00000007a246abd8,0x00000007a2480000)
  to   space 18432K, 0% used [0x00000007a0080000,0x00000007a0080000,0x00000007a1280000)
 ParOldGen       total 49664K, used 28201K [0x0000000740000000, 0x0000000743080000, 0x0000000795580000)
  object space 49664K, 56% used [0x0000000740000000,0x0000000741b8a738,0x0000000743080000)
 Metaspace       used 31206K, capacity 31699K, committed 32000K, reserved 1079296K
  class space    used 2573K, capacity 2715K, committed 2816K, reserved 1048576K
}
Event: 36.902 GC heap before
{Heap before GC invocations=10 (full 1):
 PSYoungGen      total 186880K, used 186794K [0x0000000795580000, 0x00000007a2480000, 0x00000007c0000000)
  eden space 175104K, 100% used [0x0000000795580000,0x00000007a0080000,0x00000007a0080000)
  from space 11776K, 99% used [0x00000007a1900000,0x00000007a246abd8,0x00000007a2480000)
  to   space 18432K, 0% used [0x00000007a0080000,0x00000007a0080000,0x00000007a1280000)
 ParOldGen       total 49664K, used 28201K [0x0000000740000000, 0x0000000743080000, 0x0000000795580000)
  object space 49664K, 56% used [0x0000000740000000,0x0000000741b8a738,0x0000000743080000)
 Metaspace       used 31207K, capacity 31699K, committed 32000K, reserved 1079296K
  class space    used 2573K, capacity 2715K, committed 2816K, reserved 1048576K
Event: 36.914 GC heap after
Heap after GC invocations=10 (full 1):
 PSYoungGen      total 193536K, used 4000K [0x0000000795580000, 0x00000007a6000000, 0x00000007c0000000)
  eden space 175104K, 0% used [0x0000000795580000,0x0000000795580000,0x00000007a0080000)
  from space 18432K, 21% used [0x00000007a0080000,0x00000007a04680e0,0x00000007a1280000)
  to   space 18944K, 0% used [0x00000007a4d80000,0x00000007a4d80000,0x00000007a6000000)
 ParOldGen       total 49664K, used 35519K [0x0000000740000000, 0x0000000743080000, 0x0000000795580000)
  object space 49664K, 71% used [0x0000000740000000,0x00000007422afcd0,0x0000000743080000)
 Metaspace       used 31207K, capacity 31699K, committed 32000K, reserved 1079296K
  class space    used 2573K, capacity 2715K, committed 2816K, reserved 1048576K
}
Event: 49.853 GC heap before
{Heap before GC invocations=11 (full 1):
 PSYoungGen      total 193536K, used 179104K [0x0000000795580000, 0x00000007a6000000, 0x00000007c0000000)
  eden space 175104K, 100% used [0x0000000795580000,0x00000007a0080000,0x00000007a0080000)
  from space 18432K, 21% used [0x00000007a0080000,0x00000007a04680e0,0x00000007a1280000)
  to   space 18944K, 0% used [0x00000007a4d80000,0x00000007a4d80000,0x00000007a6000000)
 ParOldGen       total 49664K, used 35519K [0x0000000740000000, 0x0000000743080000, 0x0000000795580000)
  object space 49664K, 71% used [0x0000000740000000,0x00000007422afcd0,0x0000000743080000)
 Metaspace       used 31207K, capacity 31699K, committed 32000K, reserved 1079296K
  class space    used 2573K, capacity 2715K, committed 2816K, reserved 1048576K
Event: 49.860 GC heap after
Heap after GC invocations=11 (full 1):
 PSYoungGen      total 240640K, used 128K [0x0000000795580000, 0x00000007a5a00000, 0x00000007c0000000)
  eden space 227840K, 0% used [0x0000000795580000,0x0000000795580000,0x00000007a3400000)
  from space 12800K, 1% used [0x00000007a4d80000,0x00000007a4da0000,0x00000007a5a00000)
  to   space 19456K, 0% used [0x00000007a3400000,0x00000007a3400000,0x00000007a4700000)
 ParOldGen       total 49664K, used 39436K [0x0000000740000000, 0x0000000743080000, 0x0000000795580000)
  object space 49664K, 79% used [0x0000000740000000,0x00000007426831c0,0x0000000743080000)
 Metaspace       used 31207K, capacity 31699K, committed 32000K, reserved 1079296K
  class space    used 2573K, capacity 2715K, committed 2816K, reserved 1048576K
}
Event: 49.860 GC heap before
{Heap before GC invocations=12 (full 2):
 PSYoungGen      total 240640K, used 128K [0x0000000795580000, 0x00000007a5a00000, 0x00000007c0000000)
  eden space 227840K, 0% used [0x0000000795580000,0x0000000795580000,0x00000007a3400000)
  from space 12800K, 1% used [0x00000007a4d80000,0x00000007a4da0000,0x00000007a5a00000)
  to   space 19456K, 0% used [0x00000007a3400000,0x00000007a3400000,0x00000007a4700000)
 ParOldGen       total 49664K, used 39436K [0x0000000740000000, 0x0000000743080000, 0x0000000795580000)
  object space 49664K, 79% used [0x0000000740000000,0x00000007426831c0,0x0000000743080000)
 Metaspace       used 31207K, capacity 31699K, committed 32000K, reserved 1079296K
  class space    used 2573K, capacity 2715K, committed 2816K, reserved 1048576K
Event: 49.930 GC heap after
Heap after GC invocations=12 (full 2):
 PSYoungGen      total 240640K, used 0K [0x0000000795580000, 0x00000007a5a00000, 0x00000007c0000000)
  eden space 227840K, 0% used [0x0000000795580000,0x0000000795580000,0x00000007a3400000)
  from space 12800K, 0% used [0x00000007a4d80000,0x00000007a4d80000,0x00000007a5a00000)
  to   space 19456K, 0% used [0x00000007a3400000,0x00000007a3400000,0x00000007a4700000)
 ParOldGen       total 92672K, used 28291K [0x0000000740000000, 0x0000000745a80000, 0x0000000795580000)
  object space 92672K, 30% used [0x0000000740000000,0x0000000741ba0e78,0x0000000745a80000)
 Metaspace       used 31207K, capacity 31699K, committed 32000K, reserved 1079296K
  class space    used 2573K, capacity 2715K, committed 2816K, reserved 1048576K
}

