# JRE version: Java(TM) SE Runtime Environment (8.0_151-b12) (build 1.8.0_151-b12)
# Java VM: Java HotSpot(TM) 64-Bit Server VM (25.151-b12 mixed mode bsd-amd64 compressed oops)
Heap:
 PSYoungGen      total 55808K, used 46651K [0x0000000795580000, 0x000000079c480000, 0x00000007c0000000)
  eden space 50688K, 81% used [0x0000000795580000,0x0000000797e14ce8,0x0000000798700000)
  from space 5120K, 99% used [0x0000000798700000,0x0000000798bfa228,0x0000000798c00000)
  to   space 18432K, 0% used [0x000000079b280000,0x000000079b280000,0x000000079c480000)
 ParOldGen       total 65024K, used 34015K [0x0000000740000000, 0x0000000743f80000, 0x0000000795580000)
  object space 65024K, 52% used [0x0000000740000000,0x0000000742137c28,0x0000000743f80000)
 Metaspace       used 30705K, capacity 31131K, committed 31408K, reserved 1077248K
  class space    used 2558K, capacity 2681K, committed 2736K, reserved 1048576K
GC Heap History (10 events):
Event: 5.200 GC heap before
{Heap before GC invocations=2 (full 0):
 PSYoungGen      total 38400K, used 27729K [0x0000000795580000, 0x0000000798000000, 0x00000007c0000000)
  eden space 33280K, 68% used [0x0000000795580000,0x0000000796b9a8e0,0x0000000797600000)
  from space 5120K, 99% used [0x0000000797600000,0x0000000797af9ba0,0x0000000797b00000)
  to   space 5120K, 0% used [0x0000000797b00000,0x0000000797b00000,0x0000000798000000)
 ParOldGen       total 87552K, used 61K [0x0000000740000000, 0x0000000745580000, 0x0000000795580000)
  object space 87552K, 0% used [0x0000000740000000,0x000000074000f750,0x0000000745580000)
 Metaspace       used 20826K, capacity 21239K, committed 21296K, reserved 1069056K
  class space    used 2178K, capacity 2324K, committed 2352K, reserved 1048576K
Event: 5.216 GC heap after
Heap after GC invocations=2 (full 0):
 PSYoungGen      total 38400K, used 5090K [0x0000000795580000, 0x0000000798000000, 0x00000007c0000000)
  eden space 33280K, 0% used [0x0000000795580000,0x0000000795580000,0x0000000797600000)
  from space 5120K, 99% used [0x0000000797b00000,0x0000000797ff8be0,0x0000000798000000)
  to   space 5120K, 0% used [0x0000000797600000,0x0000000797600000,0x0000000797b00000)
 ParOldGen       total 87552K, used 2918K [0x0000000740000000, 0x0000000745580000, 0x0000000795580000)
  object space 87552K, 3% used [0x0000000740000000,0x00000007402d9888,0x0000000745580000)
 Metaspace       used 20826K, capacity 21239K, committed 21296K, reserved 1069056K
  class space    used 2178K, capacity 2324K, committed 2352K, reserved 1048576K
}
Event: 5.216 GC heap before
{Heap before GC invocations=3 (full 1):
 PSYoungGen      total 38400K, used 5090K [0x0000000795580000, 0x0000000798000000, 0x00000007c0000000)
  eden space 33280K, 0% used [0x0000000795580000,0x0000000795580000,0x0000000797600000)
  from space 5120K, 99% used [0x0000000797b00000,0x0000000797ff8be0,0x0000000798000000)
  to   space 5120K, 0% used [0x0000000797600000,0x0000000797600000,0x0000000797b00000)
 ParOldGen       total 87552K, used 2918K [0x0000000740000000, 0x0000000745580000, 0x0000000795580000)
  object space 87552K, 3% used [0x0000000740000000,0x00000007402d9888,0x0000000745580000)
 Metaspace       used 20826K, capacity 21239K, committed 21296K, reserved 1069056K
  class space    used 2178K, capacity 2324K, committed 2352K, reserved 1048576K
Event: 5.268 GC heap after
Heap after GC invocations=3 (full 1):
 PSYoungGen      total 38400K, used 0K [0x0000000795580000, 0x0000000798000000, 0x00000007c0000000)
  eden space 33280K, 0% used [0x0000000795580000,0x0000000795580000,0x0000000797600000)
  from space 5120K, 0% used [0x0000000797b00000,0x0000000797b00000,0x0000000798000000)
  to   space 5120K, 0% used [0x0000000797600000,0x0000000797600000,0x0000000797b00000)
 ParOldGen       total 65024K, used 7777K [0x0000000740000000, 0x0000000743f80000, 0x0000000795580000)
  object space 65024K, 11% used [0x0000000740000000,0x0000000740798448,0x0000000743f80000)
 Metaspace       used 20826K, capacity 21239K, committed 21296K, reserved 1069056K
  class space    used 2178K, capacity 2324K, committed 2352K, reserved 1048576K
}
Event: 6.480 GC heap before
{Heap before GC invocations=4 (full 1):
 PSYoungGen      total 38400K, used 33149K [0x0000000795580000, 0x0000000798000000, 0x00000007c0000000)
  eden space 33280K, 99% used [0x0000000795580000,0x00000007975df5b0,0x0000000797600000)
  from space 5120K, 0% used [0x0000000797b00000,0x0000000797b00000,0x0000000798000000)
  to   space 5120K, 0% used [0x0000000797600000,0x0000000797600000,0x0000000797b00000)
 ParOldGen       total 65024K, used 7777K [0x0000000740000000, 0x0000000743f80000, 0x0000000795580000)
  object space 65024K, 11% used [0x0000000740000000,0x0000000740798448,0x0000000743f80000)
 Metaspace       used 23196K, capacity 23625K, committed 23856K, reserved 1071104K
  class space    used 2393K, capacity 2519K, committed 2608K, reserved 1048576K
Event: 6.504 GC heap after
Heap after GC invocations=4 (full 1):
 PSYoungGen      total 38400K, used 5092K [0x0000000795580000, 0x0000000799100000, 0x00000007c0000000)
  eden space 33280K, 0% used [0x0000000795580000,0x0000000795580000,0x0000000797600000)
  from space 5120K, 99% used [0x0000000797600000,0x0000000797af90b0,0x0000000797b00000)
  to   space 5120K, 0% used [0x0000000798c00000,0x0000000798c00000,0x0000000799100000)
 ParOldGen       total 65024K, used 19931K [0x0000000740000000, 0x0000000743f80000, 0x0000000795580000)
  object space 65024K, 30% used [0x0000000740000000,0x0000000741376c90,0x0000000743f80000)
 Metaspace       used 23196K, capacity 23625K, committed 23856K, reserved 1071104K
  class space    used 2393K, capacity 2519K, committed 2608K, reserved 1048576K
}
Event: 7.373 GC heap before
{Heap before GC invocations=5 (full 1):
 PSYoungGen      total 38400K, used 38372K [0x0000000795580000, 0x0000000799100000, 0x00000007c0000000)
  eden space 33280K, 100% used [0x0000000795580000,0x0000000797600000,0x0000000797600000)
  from space 5120K, 99% used [0x0000000797600000,0x0000000797af90b0,0x0000000797b00000)
  to   space 5120K, 0% used [0x0000000798c00000,0x0000000798c00000,0x0000000799100000)
 ParOldGen       total 65024K, used 19931K [0x0000000740000000, 0x0000000743f80000, 0x0000000795580000)
  object space 65024K, 30% used [0x0000000740000000,0x0000000741376c90,0x0000000743f80000)
 Metaspace       used 28919K, capacity 29346K, committed 29488K, reserved 1077248K
  class space    used 2449K, capacity 2583K, committed 2608K, reserved 1048576K
Event: 7.386 GC heap after
Heap after GC invocations=5 (full 1):
 PSYoungGen      total 55808K, used 5088K [0x0000000795580000, 0x0000000799180000, 0x00000007c0000000)
  eden space 50688K, 0% used [0x0000000795580000,0x0000000795580000,0x0000000798700000)
  from space 5120K, 99% used [0x0000000798c00000,0x00000007990f8090,0x0000000799100000)
  to   space 5120K, 0% used [0x0000000798700000,0x0000000798700000,0x0000000798c00000)
 ParOldGen       total 65024K, used 25012K [0x0000000740000000, 0x0000000743f80000, 0x0000000795580000)
  object space 65024K, 38% used [0x0000000740000000,0x000000074186d160,0x0000000743f80000)
 Metaspace       used 28919K, capacity 29346K, committed 29488K, reserved 1077248K
  class space    used 2449K, capacity 2583K, committed 2608K, reserved 1048576K
}
Event: 10.420 GC heap before
{Heap before GC invocations=6 (full 1):
 PSYoungGen      total 55808K, used 55642K [0x0000000795580000, 0x0000000799180000, 0x00000007c0000000)
  eden space 50688K, 99% used [0x0000000795580000,0x00000007986deaa8,0x0000000798700000)
  from space 5120K, 99% used [0x0000000798c00000,0x00000007990f8090,0x0000000799100000)
  to   space 5120K, 0% used [0x0000000798700000,0x0000000798700000,0x0000000798c00000)
 ParOldGen       total 65024K, used 25012K [0x0000000740000000, 0x0000000743f80000, 0x0000000795580000)
  object space 65024K, 38% used [0x0000000740000000,0x000000074186d160,0x0000000743f80000)
 Metaspace       used 30491K, capacity 30939K, committed 31152K, reserved 1077248K
  class space    used 2550K, capacity 2681K, committed 2736K, reserved 1048576K
Event: 10.444 GC heap after
Heap after GC invocations=6 (full 1):
 PSYoungGen      total 55808K, used 5096K [0x0000000795580000, 0x000000079c480000, 0x00000007c0000000)
  eden space 50688K, 0% used [0x0000000795580000,0x0000000795580000,0x0000000798700000)
  from space 5120K, 99% used [0x0000000798700000,0x0000000798bfa228,0x0000000798c00000)
  to   space 18432K, 0% used [0x000000079b280000,0x000000079b280000,0x000000079c480000)
 ParOldGen       total 65024K, used 34015K [0x0000000740000000, 0x0000000743f80000, 0x0000000795580000)
  object space 65024K, 52% used [0x0000000740000000,0x0000000742137c28,0x0000000743f80000)
 Metaspace       used 30491K, capacity 30939K, committed 31152K, reserved 1077248K
  class space    used 2550K, capacity 2681K, committed 2736K, reserved 1048576K
}

