# JRE version: Java(TM) SE Runtime Environment (8.0_151-b12) (build 1.8.0_151-b12)
# Java VM: Java HotSpot(TM) 64-Bit Server VM (25.151-b12 mixed mode bsd-amd64 compressed oops)
Heap:
 PSYoungGen      total 120320K, used 113217K [0x0000000795580000, 0x000000079e380000, 0x00000007c0000000)
  eden space 107008K, 94% used [0x0000000795580000,0x000000079b8596d0,0x000000079be00000)
  from space 13312K, 90% used [0x000000079cc80000,0x000000079d836fc0,0x000000079d980000)
  to   space 14848K, 0% used [0x000000079be00000,0x000000079be00000,0x000000079cc80000)
 ParOldGen       total 64512K, used 23724K [0x0000000740000000, 0x0000000743f00000, 0x0000000795580000)
  object space 64512K, 36% used [0x0000000740000000,0x000000074172b1a0,0x0000000743f00000)
 Metaspace       used 27977K, capacity 28363K, committed 28544K, reserved 1075200K
  class space    used 2205K, capacity 2341K, committed 2432K, reserved 1048576K
GC Heap History (10 events):
Event: 5.362 GC heap before
{Heap before GC invocations=3 (full 0):
 PSYoungGen      total 38400K, used 19034K [0x0000000795580000, 0x0000000798000000, 0x00000007c0000000)
  eden space 33280K, 41% used [0x0000000795580000,0x000000079631b8a0,0x0000000797600000)
  from space 5120K, 99% used [0x0000000797b00000,0x0000000797ffb070,0x0000000798000000)
  to   space 5120K, 0% used [0x0000000797600000,0x0000000797600000,0x0000000797b00000)
 ParOldGen       total 87552K, used 8153K [0x0000000740000000, 0x0000000745580000, 0x0000000795580000)
  object space 87552K, 9% used [0x0000000740000000,0x00000007407f6790,0x0000000745580000)
 Metaspace       used 20928K, capacity 21230K, committed 21296K, reserved 1069056K
  class space    used 2038K, capacity 2147K, committed 2176K, reserved 1048576K
Event: 5.378 GC heap after
Heap after GC invocations=3 (full 0):
 PSYoungGen      total 38400K, used 5005K [0x0000000795580000, 0x000000079a080000, 0x00000007c0000000)
  eden space 33280K, 0% used [0x0000000795580000,0x0000000795580000,0x0000000797600000)
  from space 5120K, 97% used [0x0000000797600000,0x0000000797ae3440,0x0000000797b00000)
  to   space 5120K, 0% used [0x0000000799b80000,0x0000000799b80000,0x000000079a080000)
 ParOldGen       total 87552K, used 12665K [0x0000000740000000, 0x0000000745580000, 0x0000000795580000)
  object space 87552K, 14% used [0x0000000740000000,0x0000000740c5e7e0,0x0000000745580000)
 Metaspace       used 20928K, capacity 21230K, committed 21296K, reserved 1069056K
  class space    used 2038K, capacity 2147K, committed 2176K, reserved 1048576K
}
Event: 5.378 GC heap before
{Heap before GC invocations=4 (full 1):
 PSYoungGen      total 38400K, used 5005K [0x0000000795580000, 0x000000079a080000, 0x00000007c0000000)
  eden space 33280K, 0% used [0x0000000795580000,0x0000000795580000,0x0000000797600000)
  from space 5120K, 97% used [0x0000000797600000,0x0000000797ae3440,0x0000000797b00000)
  to   space 5120K, 0% used [0x0000000799b80000,0x0000000799b80000,0x000000079a080000)
 ParOldGen       total 87552K, used 12665K [0x0000000740000000, 0x0000000745580000, 0x0000000795580000)
  object space 87552K, 14% used [0x0000000740000000,0x0000000740c5e7e0,0x0000000745580000)
 Metaspace       used 20928K, capacity 21230K, committed 21296K, reserved 1069056K
  class space    used 2038K, capacity 2147K, committed 2176K, reserved 1048576K
Event: 5.460 GC heap after
Heap after GC invocations=4 (full 1):
 PSYoungGen      total 38400K, used 0K [0x0000000795580000, 0x000000079a080000, 0x00000007c0000000)
  eden space 33280K, 0% used [0x0000000795580000,0x0000000795580000,0x0000000797600000)
  from space 5120K, 0% used [0x0000000797600000,0x0000000797600000,0x0000000797b00000)
  to   space 5120K, 0% used [0x0000000799b80000,0x0000000799b80000,0x000000079a080000)
 ParOldGen       total 64512K, used 17438K [0x0000000740000000, 0x0000000743f00000, 0x0000000795580000)
  object space 64512K, 27% used [0x0000000740000000,0x0000000741107870,0x0000000743f00000)
 Metaspace       used 20928K, capacity 21230K, committed 21296K, reserved 1069056K
  class space    used 2038K, capacity 2147K, committed 2176K, reserved 1048576K
}
Event: 7.340 GC heap before
{Heap before GC invocations=5 (full 1):
 PSYoungGen      total 38400K, used 33074K [0x0000000795580000, 0x000000079a080000, 0x00000007c0000000)
  eden space 33280K, 99% used [0x0000000795580000,0x00000007975ccb30,0x0000000797600000)
  from space 5120K, 0% used [0x0000000797600000,0x0000000797600000,0x0000000797b00000)
  to   space 5120K, 0% used [0x0000000799b80000,0x0000000799b80000,0x000000079a080000)
 ParOldGen       total 64512K, used 17438K [0x0000000740000000, 0x0000000743f00000, 0x0000000795580000)
  object space 64512K, 27% used [0x0000000740000000,0x0000000741107870,0x0000000743f00000)
 Metaspace       used 26689K, capacity 26972K, committed 27136K, reserved 1075200K
  class space    used 2194K, capacity 2276K, committed 2304K, reserved 1048576K
Event: 7.348 GC heap after
Heap after GC invocations=5 (full 1):
 PSYoungGen      total 66048K, used 5092K [0x0000000795580000, 0x000000079a080000, 0x00000007c0000000)
  eden space 60928K, 0% used [0x0000000795580000,0x0000000795580000,0x0000000799100000)
  from space 5120K, 99% used [0x0000000799b80000,0x000000079a0790e8,0x000000079a080000)
  to   space 5120K, 0% used [0x0000000799680000,0x0000000799680000,0x0000000799b80000)
 ParOldGen       total 64512K, used 19678K [0x0000000740000000, 0x0000000743f00000, 0x0000000795580000)
  object space 64512K, 30% used [0x0000000740000000,0x0000000741337b30,0x0000000743f00000)
 Metaspace       used 26689K, capacity 26972K, committed 27136K, reserved 1075200K
  class space    used 2194K, capacity 2276K, committed 2304K, reserved 1048576K
}
Event: 11.615 GC heap before
{Heap before GC invocations=6 (full 1):
 PSYoungGen      total 66048K, used 66020K [0x0000000795580000, 0x000000079a080000, 0x00000007c0000000)
  eden space 60928K, 100% used [0x0000000795580000,0x0000000799100000,0x0000000799100000)
  from space 5120K, 99% used [0x0000000799b80000,0x000000079a0790e8,0x000000079a080000)
  to   space 5120K, 0% used [0x0000000799680000,0x0000000799680000,0x0000000799b80000)
 ParOldGen       total 64512K, used 19678K [0x0000000740000000, 0x0000000743f00000, 0x0000000795580000)
  object space 64512K, 30% used [0x0000000740000000,0x0000000741337b30,0x0000000743f00000)
 Metaspace       used 27301K, capacity 27627K, committed 28032K, reserved 1075200K
  class space    used 2195K, capacity 2309K, committed 2432K, reserved 1048576K
Event: 11.632 GC heap after
Heap after GC invocations=6 (full 1):
 PSYoungGen      total 71680K, used 5101K [0x0000000795580000, 0x000000079d980000, 0x00000007c0000000)
  eden space 66560K, 0% used [0x0000000795580000,0x0000000795580000,0x0000000799680000)
  from space 5120K, 99% used [0x0000000799680000,0x0000000799b7b408,0x0000000799b80000)
  to   space 13312K, 0% used [0x000000079cc80000,0x000000079cc80000,0x000000079d980000)
 ParOldGen       total 64512K, used 23716K [0x0000000740000000, 0x0000000743f00000, 0x0000000795580000)
  object space 64512K, 36% used [0x0000000740000000,0x00000007417291a0,0x0000000743f00000)
 Metaspace       used 27301K, capacity 27627K, committed 28032K, reserved 1075200K
  class space    used 2195K, capacity 2309K, committed 2432K, reserved 1048576K
}
Event: 15.784 GC heap before
{Heap before GC invocations=7 (full 1):
 PSYoungGen      total 71680K, used 71661K [0x0000000795580000, 0x000000079d980000, 0x00000007c0000000)
  eden space 66560K, 100% used [0x0000000795580000,0x0000000799680000,0x0000000799680000)
  from space 5120K, 99% used [0x0000000799680000,0x0000000799b7b408,0x0000000799b80000)
  to   space 13312K, 0% used [0x000000079cc80000,0x000000079cc80000,0x000000079d980000)
 ParOldGen       total 64512K, used 23716K [0x0000000740000000, 0x0000000743f00000, 0x0000000795580000)
  object space 64512K, 36% used [0x0000000740000000,0x00000007417291a0,0x0000000743f00000)
 Metaspace       used 27647K, capacity 27947K, committed 28288K, reserved 1075200K
  class space    used 2195K, capacity 2309K, committed 2432K, reserved 1048576K
Event: 15.800 GC heap after
Heap after GC invocations=7 (full 1):
 PSYoungGen      total 120320K, used 11995K [0x0000000795580000, 0x000000079e380000, 0x00000007c0000000)
  eden space 107008K, 0% used [0x0000000795580000,0x0000000795580000,0x000000079be00000)
  from space 13312K, 90% used [0x000000079cc80000,0x000000079d836fc0,0x000000079d980000)
  to   space 14848K, 0% used [0x000000079be00000,0x000000079be00000,0x000000079cc80000)
 ParOldGen       total 64512K, used 23724K [0x0000000740000000, 0x0000000743f00000, 0x0000000795580000)
  object space 64512K, 36% used [0x0000000740000000,0x000000074172b1a0,0x0000000743f00000)
 Metaspace       used 27647K, capacity 27947K, committed 28288K, reserved 1075200K
  class space    used 2195K, capacity 2309K, committed 2432K, reserved 1048576K
}

