# JRE version: Java(TM) SE Runtime Environment (8.0_151-b12) (build 1.8.0_151-b12)
# Java VM: Java HotSpot(TM) 64-Bit Server VM (25.151-b12 mixed mode bsd-amd64 compressed oops)
Heap:
 PSYoungGen      total 64000K, used 62221K [0x0000000795580000, 0x000000079a080000, 0x00000007c0000000)
  eden space 58880K, 97% used [0x0000000795580000,0x0000000798d49178,0x0000000798f00000)
  from space 5120K, 99% used [0x0000000799b80000,0x000000079a07a620,0x000000079a080000)
  to   space 5120K, 0% used [0x0000000799680000,0x0000000799680000,0x0000000799b80000)
 ParOldGen       total 66048K, used 19502K [0x0000000740000000, 0x0000000744080000, 0x0000000795580000)
  object space 66048K, 29% used [0x0000000740000000,0x000000074130baf8,0x0000000744080000)
 Metaspace       used 27313K, capacity 27655K, committed 28032K, reserved 1075200K
  class space    used 2211K, capacity 2341K, committed 2432K, reserved 1048576K
GC Heap History (10 events):
Event: 3.840 GC heap before
{Heap before GC invocations=1 (full 0):
 PSYoungGen      total 38400K, used 33280K [0x0000000795580000, 0x0000000798000000, 0x00000007c0000000)
  eden space 33280K, 100% used [0x0000000795580000,0x0000000797600000,0x0000000797600000)
  from space 5120K, 0% used [0x0000000797b00000,0x0000000797b00000,0x0000000798000000)
  to   space 5120K, 0% used [0x0000000797600000,0x0000000797600000,0x0000000797b00000)
 ParOldGen       total 87552K, used 0K [0x0000000740000000, 0x0000000745580000, 0x0000000795580000)
  object space 87552K, 0% used [0x0000000740000000,0x0000000740000000,0x0000000745580000)
 Metaspace       used 16205K, capacity 16545K, committed 16640K, reserved 1064960K
  class space    used 1675K, capacity 1791K, committed 1792K, reserved 1048576K
Event: 3.848 GC heap after
Heap after GC invocations=1 (full 0):
 PSYoungGen      total 38400K, used 5108K [0x0000000795580000, 0x0000000798000000, 0x00000007c0000000)
  eden space 33280K, 0% used [0x0000000795580000,0x0000000795580000,0x0000000797600000)
  from space 5120K, 99% used [0x0000000797600000,0x0000000797afd010,0x0000000797b00000)
  to   space 5120K, 0% used [0x0000000797b00000,0x0000000797b00000,0x0000000798000000)
 ParOldGen       total 87552K, used 8K [0x0000000740000000, 0x0000000745580000, 0x0000000795580000)
  object space 87552K, 0% used [0x0000000740000000,0x0000000740002000,0x0000000745580000)
 Metaspace       used 16205K, capacity 16545K, committed 16640K, reserved 1064960K
  class space    used 1675K, capacity 1791K, committed 1792K, reserved 1048576K
}
Event: 5.262 GC heap before
{Heap before GC invocations=2 (full 0):
 PSYoungGen      total 38400K, used 38388K [0x0000000795580000, 0x0000000798000000, 0x00000007c0000000)
  eden space 33280K, 100% used [0x0000000795580000,0x0000000797600000,0x0000000797600000)
  from space 5120K, 99% used [0x0000000797600000,0x0000000797afd010,0x0000000797b00000)
  to   space 5120K, 0% used [0x0000000797b00000,0x0000000797b00000,0x0000000798000000)
 ParOldGen       total 87552K, used 8K [0x0000000740000000, 0x0000000745580000, 0x0000000795580000)
  object space 87552K, 0% used [0x0000000740000000,0x0000000740002000,0x0000000745580000)
 Metaspace       used 19819K, capacity 20181K, committed 20352K, reserved 1067008K
  class space    used 2045K, capacity 2147K, committed 2176K, reserved 1048576K
Event: 5.278 GC heap after
Heap after GC invocations=2 (full 0):
 PSYoungGen      total 38400K, used 5101K [0x0000000795580000, 0x0000000798000000, 0x00000007c0000000)
  eden space 33280K, 0% used [0x0000000795580000,0x0000000795580000,0x0000000797600000)
  from space 5120K, 99% used [0x0000000797b00000,0x0000000797ffb450,0x0000000798000000)
  to   space 5120K, 0% used [0x0000000797600000,0x0000000797600000,0x0000000797b00000)
 ParOldGen       total 87552K, used 7817K [0x0000000740000000, 0x0000000745580000, 0x0000000795580000)
  object space 87552K, 8% used [0x0000000740000000,0x00000007407a2400,0x0000000745580000)
 Metaspace       used 19819K, capacity 20181K, committed 20352K, reserved 1067008K
  class space    used 2045K, capacity 2147K, committed 2176K, reserved 1048576K
}
Event: 5.329 GC heap before
{Heap before GC invocations=3 (full 0):
 PSYoungGen      total 38400K, used 19515K [0x0000000795580000, 0x0000000798000000, 0x00000007c0000000)
  eden space 33280K, 43% used [0x0000000795580000,0x0000000796393b40,0x0000000797600000)
  from space 5120K, 99% used [0x0000000797b00000,0x0000000797ffb450,0x0000000798000000)
  to   space 5120K, 0% used [0x0000000797600000,0x0000000797600000,0x0000000797b00000)
 ParOldGen       total 87552K, used 7817K [0x0000000740000000, 0x0000000745580000, 0x0000000795580000)
  object space 87552K, 8% used [0x0000000740000000,0x00000007407a2400,0x0000000745580000)
 Metaspace       used 20939K, capacity 21226K, committed 21296K, reserved 1069056K
  class space    used 2046K, capacity 2147K, committed 2176K, reserved 1048576K
Event: 5.338 GC heap after
Heap after GC invocations=3 (full 0):
 PSYoungGen      total 38400K, used 5101K [0x0000000795580000, 0x000000079a080000, 0x00000007c0000000)
  eden space 33280K, 0% used [0x0000000795580000,0x0000000795580000,0x0000000797600000)
  from space 5120K, 99% used [0x0000000797600000,0x0000000797afb430,0x0000000797b00000)
  to   space 5120K, 0% used [0x0000000799b80000,0x0000000799b80000,0x000000079a080000)
 ParOldGen       total 87552K, used 12417K [0x0000000740000000, 0x0000000745580000, 0x0000000795580000)
  object space 87552K, 14% used [0x0000000740000000,0x0000000740c20460,0x0000000745580000)
 Metaspace       used 20939K, capacity 21226K, committed 21296K, reserved 1069056K
  class space    used 2046K, capacity 2147K, committed 2176K, reserved 1048576K
}
Event: 5.339 GC heap before
{Heap before GC invocations=4 (full 1):
 PSYoungGen      total 38400K, used 5101K [0x0000000795580000, 0x000000079a080000, 0x00000007c0000000)
  eden space 33280K, 0% used [0x0000000795580000,0x0000000795580000,0x0000000797600000)
  from space 5120K, 99% used [0x0000000797600000,0x0000000797afb430,0x0000000797b00000)
  to   space 5120K, 0% used [0x0000000799b80000,0x0000000799b80000,0x000000079a080000)
 ParOldGen       total 87552K, used 12417K [0x0000000740000000, 0x0000000745580000, 0x0000000795580000)
  object space 87552K, 14% used [0x0000000740000000,0x0000000740c20460,0x0000000745580000)
 Metaspace       used 20939K, capacity 21226K, committed 21296K, reserved 1069056K
  class space    used 2046K, capacity 2147K, committed 2176K, reserved 1048576K
Event: 5.408 GC heap after
Heap after GC invocations=4 (full 1):
 PSYoungGen      total 38400K, used 0K [0x0000000795580000, 0x000000079a080000, 0x00000007c0000000)
  eden space 33280K, 0% used [0x0000000795580000,0x0000000795580000,0x0000000797600000)
  from space 5120K, 0% used [0x0000000797600000,0x0000000797600000,0x0000000797b00000)
  to   space 5120K, 0% used [0x0000000799b80000,0x0000000799b80000,0x000000079a080000)
 ParOldGen       total 66048K, used 17346K [0x0000000740000000, 0x0000000744080000, 0x0000000795580000)
  object space 66048K, 26% used [0x0000000740000000,0x00000007410f0878,0x0000000744080000)
 Metaspace       used 20939K, capacity 21226K, committed 21296K, reserved 1069056K
  class space    used 2046K, capacity 2147K, committed 2176K, reserved 1048576K
}
Event: 7.363 GC heap before
{Heap before GC invocations=5 (full 1):
 PSYoungGen      total 38400K, used 33280K [0x0000000795580000, 0x000000079a080000, 0x00000007c0000000)
  eden space 33280K, 100% used [0x0000000795580000,0x0000000797600000,0x0000000797600000)
  from space 5120K, 0% used [0x0000000797600000,0x0000000797600000,0x0000000797b00000)
  to   space 5120K, 0% used [0x0000000799b80000,0x0000000799b80000,0x000000079a080000)
 ParOldGen       total 66048K, used 17346K [0x0000000740000000, 0x0000000744080000, 0x0000000795580000)
  object space 66048K, 26% used [0x0000000740000000,0x00000007410f0878,0x0000000744080000)
 Metaspace       used 26761K, capacity 27064K, committed 27264K, reserved 1075200K
  class space    used 2202K, capacity 2308K, committed 2432K, reserved 1048576K
Event: 7.375 GC heap after
Heap after GC invocations=5 (full 1):
 PSYoungGen      total 64000K, used 5097K [0x0000000795580000, 0x000000079a080000, 0x00000007c0000000)
  eden space 58880K, 0% used [0x0000000795580000,0x0000000795580000,0x0000000798f00000)
  from space 5120K, 99% used [0x0000000799b80000,0x000000079a07a620,0x000000079a080000)
  to   space 5120K, 0% used [0x0000000799680000,0x0000000799680000,0x0000000799b80000)
 ParOldGen       total 66048K, used 19502K [0x0000000740000000, 0x0000000744080000, 0x0000000795580000)
  object space 66048K, 29% used [0x0000000740000000,0x000000074130baf8,0x0000000744080000)
 Metaspace       used 26761K, capacity 27064K, committed 27264K, reserved 1075200K
  class space    used 2202K, capacity 2308K, committed 2432K, reserved 1048576K
}

