# JRE version: Java(TM) SE Runtime Environment (8.0_151-b12) (build 1.8.0_151-b12)
# Java VM: Java HotSpot(TM) 64-Bit Server VM (25.151-b12 mixed mode bsd-amd64 compressed oops)
Heap:
 PSYoungGen      total 193536K, used 90589K [0x0000000795580000, 0x00000007a6100000, 0x00000007c0000000)
  eden space 175104K, 49% used [0x0000000795580000,0x000000079a99f600,0x00000007a0080000)
  from space 18432K, 24% used [0x00000007a0080000,0x00000007a04d80f0,0x00000007a1280000)
  to   space 18432K, 0% used [0x00000007a4f00000,0x00000007a4f00000,0x00000007a6100000)
 ParOldGen       total 51200K, used 35540K [0x0000000740000000, 0x0000000743200000, 0x0000000795580000)
  object space 51200K, 69% used [0x0000000740000000,0x00000007422b5390,0x0000000743200000)
 Metaspace       used 31335K, capacity 31759K, committed 32000K, reserved 1079296K
  class space    used 2581K, capacity 2715K, committed 2816K, reserved 1048576K
GC Heap History (10 events):
Event: 10.281 GC heap before
{Heap before GC invocations=6 (full 1):
 PSYoungGen      total 65024K, used 65015K [0x0000000795580000, 0x000000079a080000, 0x00000007c0000000)
  eden space 59904K, 100% used [0x0000000795580000,0x0000000799000000,0x0000000799000000)
  from space 5120K, 99% used [0x0000000799b80000,0x000000079a07df70,0x000000079a080000)
  to   space 5120K, 0% used [0x0000000799680000,0x0000000799680000,0x0000000799b80000)
 ParOldGen       total 51200K, used 17718K [0x0000000740000000, 0x0000000743200000, 0x0000000795580000)
  object space 51200K, 34% used [0x0000000740000000,0x000000074114db98,0x0000000743200000)
 Metaspace       used 29144K, capacity 29596K, committed 29824K, reserved 1077248K
  class space    used 2469K, capacity 2618K, committed 2688K, reserved 1048576K
Event: 10.305 GC heap after
Heap after GC invocations=6 (full 1):
 PSYoungGen      total 71680K, used 5117K [0x0000000795580000, 0x000000079df80000, 0x00000007c0000000)
  eden space 66560K, 0% used [0x0000000795580000,0x0000000795580000,0x0000000799680000)
  from space 5120K, 99% used [0x0000000799680000,0x0000000799b7f410,0x0000000799b80000)
  to   space 17408K, 0% used [0x000000079ce80000,0x000000079ce80000,0x000000079df80000)
 ParOldGen       total 51200K, used 25271K [0x0000000740000000, 0x0000000743200000, 0x0000000795580000)
  object space 51200K, 49% used [0x0000000740000000,0x00000007418adc08,0x0000000743200000)
 Metaspace       used 29144K, capacity 29596K, committed 29824K, reserved 1077248K
  class space    used 2469K, capacity 2618K, committed 2688K, reserved 1048576K
}
Event: 12.971 GC heap before
{Heap before GC invocations=7 (full 1):
 PSYoungGen      total 71680K, used 71677K [0x0000000795580000, 0x000000079df80000, 0x00000007c0000000)
  eden space 66560K, 100% used [0x0000000795580000,0x0000000799680000,0x0000000799680000)
  from space 5120K, 99% used [0x0000000799680000,0x0000000799b7f410,0x0000000799b80000)
  to   space 17408K, 0% used [0x000000079ce80000,0x000000079ce80000,0x000000079df80000)
 ParOldGen       total 51200K, used 25271K [0x0000000740000000, 0x0000000743200000, 0x0000000795580000)
  object space 51200K, 49% used [0x0000000740000000,0x00000007418adc08,0x0000000743200000)
 Metaspace       used 30487K, capacity 30886K, committed 31232K, reserved 1077248K
  class space    used 2572K, capacity 2715K, committed 2816K, reserved 1048576K
Event: 12.991 GC heap after
Heap after GC invocations=7 (full 1):
 PSYoungGen      total 123904K, used 11880K [0x0000000795580000, 0x000000079e880000, 0x00000007c0000000)
  eden space 106496K, 0% used [0x0000000795580000,0x0000000795580000,0x000000079bd80000)
  from space 17408K, 68% used [0x000000079ce80000,0x000000079da1a008,0x000000079df80000)
  to   space 17408K, 0% used [0x000000079bd80000,0x000000079bd80000,0x000000079ce80000)
 ParOldGen       total 51200K, used 25279K [0x0000000740000000, 0x0000000743200000, 0x0000000795580000)
  object space 51200K, 49% used [0x0000000740000000,0x00000007418afc08,0x0000000743200000)
 Metaspace       used 30487K, capacity 30886K, committed 31232K, reserved 1077248K
  class space    used 2572K, capacity 2715K, committed 2816K, reserved 1048576K
}
Event: 17.391 GC heap before
{Heap before GC invocations=8 (full 1):
 PSYoungGen      total 123904K, used 118376K [0x0000000795580000, 0x000000079e880000, 0x00000007c0000000)
  eden space 106496K, 100% used [0x0000000795580000,0x000000079bd80000,0x000000079bd80000)
  from space 17408K, 68% used [0x000000079ce80000,0x000000079da1a008,0x000000079df80000)
  to   space 17408K, 0% used [0x000000079bd80000,0x000000079bd80000,0x000000079ce80000)
 ParOldGen       total 51200K, used 25279K [0x0000000740000000, 0x0000000743200000, 0x0000000795580000)
  object space 51200K, 49% used [0x0000000740000000,0x00000007418afc08,0x0000000743200000)
 Metaspace       used 30971K, capacity 31375K, committed 31744K, reserved 1079296K
  class space    used 2572K, capacity 2715K, committed 2816K, reserved 1048576K
Event: 17.414 GC heap after
Heap after GC invocations=8 (full 1):
 PSYoungGen      total 123904K, used 14872K [0x0000000795580000, 0x00000007a2a80000, 0x00000007c0000000)
  eden space 106496K, 0% used [0x0000000795580000,0x0000000795580000,0x000000079bd80000)
  from space 17408K, 85% used [0x000000079bd80000,0x000000079cc060c8,0x000000079ce80000)
  to   space 18944K, 0% used [0x00000007a1800000,0x00000007a1800000,0x00000007a2a80000)
 ParOldGen       total 51200K, used 25287K [0x0000000740000000, 0x0000000743200000, 0x0000000795580000)
  object space 51200K, 49% used [0x0000000740000000,0x00000007418b1c08,0x0000000743200000)
 Metaspace       used 30971K, capacity 31375K, committed 31744K, reserved 1079296K
  class space    used 2572K, capacity 2715K, committed 2816K, reserved 1048576K
}
Event: 22.529 GC heap before
{Heap before GC invocations=9 (full 1):
 PSYoungGen      total 123904K, used 121368K [0x0000000795580000, 0x00000007a2a80000, 0x00000007c0000000)
  eden space 106496K, 100% used [0x0000000795580000,0x000000079bd80000,0x000000079bd80000)
  from space 17408K, 85% used [0x000000079bd80000,0x000000079cc060c8,0x000000079ce80000)
  to   space 18944K, 0% used [0x00000007a1800000,0x00000007a1800000,0x00000007a2a80000)
 ParOldGen       total 51200K, used 25287K [0x0000000740000000, 0x0000000743200000, 0x0000000795580000)
  object space 51200K, 49% used [0x0000000740000000,0x00000007418b1c08,0x0000000743200000)
 Metaspace       used 31074K, capacity 31503K, committed 31744K, reserved 1079296K
  class space    used 2572K, capacity 2715K, committed 2816K, reserved 1048576K
Event: 22.549 GC heap after
Heap after GC invocations=9 (full 1):
 PSYoungGen      total 187904K, used 10955K [0x0000000795580000, 0x00000007a2480000, 0x00000007c0000000)
  eden space 175104K, 0% used [0x0000000795580000,0x0000000795580000,0x00000007a0080000)
  from space 12800K, 85% used [0x00000007a1800000,0x00000007a22b2ce8,0x00000007a2480000)
  to   space 18432K, 0% used [0x00000007a0080000,0x00000007a0080000,0x00000007a1280000)
 ParOldGen       total 51200K, used 29233K [0x0000000740000000, 0x0000000743200000, 0x0000000795580000)
  object space 51200K, 57% used [0x0000000740000000,0x0000000741c8c6b8,0x0000000743200000)
 Metaspace       used 31074K, capacity 31503K, committed 31744K, reserved 1079296K
  class space    used 2572K, capacity 2715K, committed 2816K, reserved 1048576K
}
Event: 31.417 GC heap before
{Heap before GC invocations=10 (full 1):
 PSYoungGen      total 187904K, used 186059K [0x0000000795580000, 0x00000007a2480000, 0x00000007c0000000)
  eden space 175104K, 100% used [0x0000000795580000,0x00000007a0080000,0x00000007a0080000)
  from space 12800K, 85% used [0x00000007a1800000,0x00000007a22b2ce8,0x00000007a2480000)
  to   space 18432K, 0% used [0x00000007a0080000,0x00000007a0080000,0x00000007a1280000)
 ParOldGen       total 51200K, used 29233K [0x0000000740000000, 0x0000000743200000, 0x0000000795580000)
  object space 51200K, 57% used [0x0000000740000000,0x0000000741c8c6b8,0x0000000743200000)
 Metaspace       used 31250K, capacity 31695K, committed 32000K, reserved 1079296K
  class space    used 2573K, capacity 2715K, committed 2816K, reserved 1048576K
Event: 31.433 GC heap after
Heap after GC invocations=10 (full 1):
 PSYoungGen      total 193536K, used 4448K [0x0000000795580000, 0x00000007a6100000, 0x00000007c0000000)
  eden space 175104K, 0% used [0x0000000795580000,0x0000000795580000,0x00000007a0080000)
  from space 18432K, 24% used [0x00000007a0080000,0x00000007a04d80f0,0x00000007a1280000)
  to   space 18432K, 0% used [0x00000007a4f00000,0x00000007a4f00000,0x00000007a6100000)
 ParOldGen       total 51200K, used 35540K [0x0000000740000000, 0x0000000743200000, 0x0000000795580000)
  object space 51200K, 69% used [0x0000000740000000,0x00000007422b5390,0x0000000743200000)
 Metaspace       used 31250K, capacity 31695K, committed 32000K, reserved 1079296K
  class space    used 2573K, capacity 2715K, committed 2816K, reserved 1048576K
}

