# JRE version: Java(TM) SE Runtime Environment (8.0_151-b12) (build 1.8.0_151-b12)
# Java VM: Java HotSpot(TM) 64-Bit Server VM (25.151-b12 mixed mode bsd-amd64 compressed oops)
Heap:
 PSYoungGen      total 55808K, used 40798K [0x0000000795580000, 0x000000079c100000, 0x00000007c0000000)
  eden space 50688K, 70% used [0x0000000795580000,0x0000000797858d08,0x0000000798700000)
  from space 5120K, 99% used [0x0000000798700000,0x0000000798bfee60,0x0000000798c00000)
  to   space 17408K, 0% used [0x000000079b000000,0x000000079b000000,0x000000079c100000)
 ParOldGen       total 64000K, used 32916K [0x0000000740000000, 0x0000000743e80000, 0x0000000795580000)
  object space 64000K, 51% used [0x0000000740000000,0x00000007420250b8,0x0000000743e80000)
 Metaspace       used 30734K, capacity 31131K, committed 31408K, reserved 1077248K
  class space    used 2559K, capacity 2681K, committed 2736K, reserved 1048576K
GC Heap History (10 events):
Event: 5.298 GC heap before
{Heap before GC invocations=2 (full 0):
 PSYoungGen      total 38400K, used 28178K [0x0000000795580000, 0x0000000798000000, 0x00000007c0000000)
  eden space 33280K, 69% used [0x0000000795580000,0x0000000796c0ac88,0x0000000797600000)
  from space 5120K, 99% used [0x0000000797600000,0x0000000797af9ed8,0x0000000797b00000)
  to   space 5120K, 0% used [0x0000000797b00000,0x0000000797b00000,0x0000000798000000)
 ParOldGen       total 87552K, used 86K [0x0000000740000000, 0x0000000745580000, 0x0000000795580000)
  object space 87552K, 0% used [0x0000000740000000,0x0000000740015960,0x0000000745580000)
 Metaspace       used 20824K, capacity 21239K, committed 21296K, reserved 1069056K
  class space    used 2179K, capacity 2324K, committed 2352K, reserved 1048576K
Event: 5.318 GC heap after
Heap after GC invocations=2 (full 0):
 PSYoungGen      total 38400K, used 5106K [0x0000000795580000, 0x0000000798000000, 0x00000007c0000000)
  eden space 33280K, 0% used [0x0000000795580000,0x0000000795580000,0x0000000797600000)
  from space 5120K, 99% used [0x0000000797b00000,0x0000000797ffcbf0,0x0000000798000000)
  to   space 5120K, 0% used [0x0000000797600000,0x0000000797600000,0x0000000797b00000)
 ParOldGen       total 87552K, used 2890K [0x0000000740000000, 0x0000000745580000, 0x0000000795580000)
  object space 87552K, 3% used [0x0000000740000000,0x00000007402d2b48,0x0000000745580000)
 Metaspace       used 20824K, capacity 21239K, committed 21296K, reserved 1069056K
  class space    used 2179K, capacity 2324K, committed 2352K, reserved 1048576K
}
Event: 5.318 GC heap before
{Heap before GC invocations=3 (full 1):
 PSYoungGen      total 38400K, used 5106K [0x0000000795580000, 0x0000000798000000, 0x00000007c0000000)
  eden space 33280K, 0% used [0x0000000795580000,0x0000000795580000,0x0000000797600000)
  from space 5120K, 99% used [0x0000000797b00000,0x0000000797ffcbf0,0x0000000798000000)
  to   space 5120K, 0% used [0x0000000797600000,0x0000000797600000,0x0000000797b00000)
 ParOldGen       total 87552K, used 2890K [0x0000000740000000, 0x0000000745580000, 0x0000000795580000)
  object space 87552K, 3% used [0x0000000740000000,0x00000007402d2b48,0x0000000745580000)
 Metaspace       used 20824K, capacity 21239K, committed 21296K, reserved 1069056K
  class space    used 2179K, capacity 2324K, committed 2352K, reserved 1048576K
Event: 5.373 GC heap after
Heap after GC invocations=3 (full 1):
 PSYoungGen      total 38400K, used 0K [0x0000000795580000, 0x0000000798000000, 0x00000007c0000000)
  eden space 33280K, 0% used [0x0000000795580000,0x0000000795580000,0x0000000797600000)
  from space 5120K, 0% used [0x0000000797b00000,0x0000000797b00000,0x0000000798000000)
  to   space 5120K, 0% used [0x0000000797600000,0x0000000797600000,0x0000000797b00000)
 ParOldGen       total 64000K, used 7772K [0x0000000740000000, 0x0000000743e80000, 0x0000000795580000)
  object space 64000K, 12% used [0x0000000740000000,0x0000000740797320,0x0000000743e80000)
 Metaspace       used 20824K, capacity 21239K, committed 21296K, reserved 1069056K
  class space    used 2179K, capacity 2324K, committed 2352K, reserved 1048576K
}
Event: 6.594 GC heap before
{Heap before GC invocations=4 (full 1):
 PSYoungGen      total 38400K, used 33152K [0x0000000795580000, 0x0000000798000000, 0x00000007c0000000)
  eden space 33280K, 99% used [0x0000000795580000,0x00000007975e0328,0x0000000797600000)
  from space 5120K, 0% used [0x0000000797b00000,0x0000000797b00000,0x0000000798000000)
  to   space 5120K, 0% used [0x0000000797600000,0x0000000797600000,0x0000000797b00000)
 ParOldGen       total 64000K, used 7772K [0x0000000740000000, 0x0000000743e80000, 0x0000000795580000)
  object space 64000K, 12% used [0x0000000740000000,0x0000000740797320,0x0000000743e80000)
 Metaspace       used 23228K, capacity 23625K, committed 23856K, reserved 1071104K
  class space    used 2393K, capacity 2519K, committed 2608K, reserved 1048576K
Event: 6.619 GC heap after
Heap after GC invocations=4 (full 1):
 PSYoungGen      total 38400K, used 5093K [0x0000000795580000, 0x0000000799100000, 0x00000007c0000000)
  eden space 33280K, 0% used [0x0000000795580000,0x0000000795580000,0x0000000797600000)
  from space 5120K, 99% used [0x0000000797600000,0x0000000797af96b8,0x0000000797b00000)
  to   space 5120K, 0% used [0x0000000798c00000,0x0000000798c00000,0x0000000799100000)
 ParOldGen       total 64000K, used 19897K [0x0000000740000000, 0x0000000743e80000, 0x0000000795580000)
  object space 64000K, 31% used [0x0000000740000000,0x000000074136e778,0x0000000743e80000)
 Metaspace       used 23228K, capacity 23625K, committed 23856K, reserved 1071104K
  class space    used 2393K, capacity 2519K, committed 2608K, reserved 1048576K
}
Event: 7.552 GC heap before
{Heap before GC invocations=5 (full 1):
 PSYoungGen      total 38400K, used 38373K [0x0000000795580000, 0x0000000799100000, 0x00000007c0000000)
  eden space 33280K, 100% used [0x0000000795580000,0x0000000797600000,0x0000000797600000)
  from space 5120K, 99% used [0x0000000797600000,0x0000000797af96b8,0x0000000797b00000)
  to   space 5120K, 0% used [0x0000000798c00000,0x0000000798c00000,0x0000000799100000)
 ParOldGen       total 64000K, used 19897K [0x0000000740000000, 0x0000000743e80000, 0x0000000795580000)
  object space 64000K, 31% used [0x0000000740000000,0x000000074136e778,0x0000000743e80000)
 Metaspace       used 28948K, capacity 29410K, committed 29744K, reserved 1077248K
  class space    used 2450K, capacity 2583K, committed 2608K, reserved 1048576K
Event: 7.563 GC heap after
Heap after GC invocations=5 (full 1):
 PSYoungGen      total 55808K, used 5090K [0x0000000795580000, 0x0000000799180000, 0x00000007c0000000)
  eden space 50688K, 0% used [0x0000000795580000,0x0000000795580000,0x0000000798700000)
  from space 5120K, 99% used [0x0000000798c00000,0x00000007990f8af0,0x0000000799100000)
  to   space 5120K, 0% used [0x0000000798700000,0x0000000798700000,0x0000000798c00000)
 ParOldGen       total 64000K, used 25014K [0x0000000740000000, 0x0000000743e80000, 0x0000000795580000)
  object space 64000K, 39% used [0x0000000740000000,0x000000074186dab0,0x0000000743e80000)
 Metaspace       used 28948K, capacity 29410K, committed 29744K, reserved 1077248K
  class space    used 2450K, capacity 2583K, committed 2608K, reserved 1048576K
}
Event: 11.206 GC heap before
{Heap before GC invocations=6 (full 1):
 PSYoungGen      total 55808K, used 55623K [0x0000000795580000, 0x0000000799180000, 0x00000007c0000000)
  eden space 50688K, 99% used [0x0000000795580000,0x00000007986d91d8,0x0000000798700000)
  from space 5120K, 99% used [0x0000000798c00000,0x00000007990f8af0,0x0000000799100000)
  to   space 5120K, 0% used [0x0000000798700000,0x0000000798700000,0x0000000798c00000)
 ParOldGen       total 64000K, used 25014K [0x0000000740000000, 0x0000000743e80000, 0x0000000795580000)
  object space 64000K, 39% used [0x0000000740000000,0x000000074186dab0,0x0000000743e80000)
 Metaspace       used 30581K, capacity 31067K, committed 31408K, reserved 1077248K
  class space    used 2551K, capacity 2681K, committed 2736K, reserved 1048576K
Event: 11.220 GC heap after
Heap after GC invocations=6 (full 1):
 PSYoungGen      total 55808K, used 5115K [0x0000000795580000, 0x000000079c100000, 0x00000007c0000000)
  eden space 50688K, 0% used [0x0000000795580000,0x0000000795580000,0x0000000798700000)
  from space 5120K, 99% used [0x0000000798700000,0x0000000798bfee60,0x0000000798c00000)
  to   space 17408K, 0% used [0x000000079b000000,0x000000079b000000,0x000000079c100000)
 ParOldGen       total 64000K, used 32916K [0x0000000740000000, 0x0000000743e80000, 0x0000000795580000)
  object space 64000K, 51% used [0x0000000740000000,0x00000007420250b8,0x0000000743e80000)
 Metaspace       used 30581K, capacity 31067K, committed 31408K, reserved 1077248K
  class space    used 2551K, capacity 2681K, committed 2736K, reserved 1048576K
}

