# JRE version: Java(TM) SE Runtime Environment (8.0_151-b12) (build 1.8.0_151-b12)
# Java VM: Java HotSpot(TM) 64-Bit Server VM (25.151-b12 mixed mode bsd-amd64 compressed oops)
Heap:
 PSYoungGen      total 240640K, used 24217K [0x0000000795580000, 0x00000007b4880000, 0x00000007c0000000)
  eden space 233472K, 10% used [0x0000000795580000,0x0000000796d0e708,0x00000007a3980000)
  from space 7168K, 1% used [0x00000007b3a80000,0x00000007b3a98000,0x00000007b4180000)
  to   space 6656K, 0% used [0x00000007b4200000,0x00000007b4200000,0x00000007b4880000)
 ParOldGen       total 82944K, used 28656K [0x0000000740000000, 0x0000000745100000, 0x0000000795580000)
  object space 82944K, 34% used [0x0000000740000000,0x0000000741bfc228,0x0000000745100000)
 Metaspace       used 31327K, capacity 31759K, committed 32000K, reserved 1079296K
  class space    used 2589K, capacity 2715K, committed 2816K, reserved 1048576K
GC Heap History (10 events):
Event: 456.561 GC heap before
{Heap before GC invocations=33 (full 2):
 PSYoungGen      total 290304K, used 289920K [0x0000000795580000, 0x00000007b5780000, 0x00000007c0000000)
  eden space 289792K, 100% used [0x0000000795580000,0x00000007a7080000,0x00000007a7080000)
  from space 512K, 25% used [0x00000007b5700000,0x00000007b5720000,0x00000007b5780000)
  to   space 9216K, 0% used [0x00000007b4580000,0x00000007b4580000,0x00000007b4e80000)
 ParOldGen       total 82944K, used 28560K [0x0000000740000000, 0x0000000745100000, 0x0000000795580000)
  object space 82944K, 34% used [0x0000000740000000,0x0000000741be4228,0x0000000745100000)
 Metaspace       used 31217K, capacity 31631K, committed 32000K, reserved 1079296K
  class space    used 2581K, capacity 2715K, committed 2816K, reserved 1048576K
Event: 456.563 GC heap after
Heap after GC invocations=33 (full 2):
 PSYoungGen      total 286720K, used 128K [0x0000000795580000, 0x00000007b5780000, 0x00000007c0000000)
  eden space 277504K, 0% used [0x0000000795580000,0x0000000795580000,0x00000007a6480000)
  from space 9216K, 1% used [0x00000007b4580000,0x00000007b45a0000,0x00000007b4e80000)
  to   space 8704K, 0% used [0x00000007b4f00000,0x00000007b4f00000,0x00000007b5780000)
 ParOldGen       total 82944K, used 28576K [0x0000000740000000, 0x0000000745100000, 0x0000000795580000)
  object space 82944K, 34% used [0x0000000740000000,0x0000000741be8228,0x0000000745100000)
 Metaspace       used 31217K, capacity 31631K, committed 32000K, reserved 1079296K
  class space    used 2581K, capacity 2715K, committed 2816K, reserved 1048576K
}
Event: 469.495 GC heap before
{Heap before GC invocations=34 (full 2):
 PSYoungGen      total 286720K, used 277632K [0x0000000795580000, 0x00000007b5780000, 0x00000007c0000000)
  eden space 277504K, 100% used [0x0000000795580000,0x00000007a6480000,0x00000007a6480000)
  from space 9216K, 1% used [0x00000007b4580000,0x00000007b45a0000,0x00000007b4e80000)
  to   space 8704K, 0% used [0x00000007b4f00000,0x00000007b4f00000,0x00000007b5780000)
 ParOldGen       total 82944K, used 28576K [0x0000000740000000, 0x0000000745100000, 0x0000000795580000)
  object space 82944K, 34% used [0x0000000740000000,0x0000000741be8228,0x0000000745100000)
 Metaspace       used 31217K, capacity 31631K, committed 32000K, reserved 1079296K
  class space    used 2581K, capacity 2715K, committed 2816K, reserved 1048576K
Event: 469.498 GC heap after
Heap after GC invocations=34 (full 2):
 PSYoungGen      total 266240K, used 128K [0x0000000795580000, 0x00000007b4f80000, 0x00000007c0000000)
  eden space 265728K, 0% used [0x0000000795580000,0x0000000795580000,0x00000007a5900000)
  from space 512K, 25% used [0x00000007b4f00000,0x00000007b4f20000,0x00000007b4f80000)
  to   space 8192K, 0% used [0x00000007b3f80000,0x00000007b3f80000,0x00000007b4780000)
 ParOldGen       total 82944K, used 28592K [0x0000000740000000, 0x0000000745100000, 0x0000000795580000)
  object space 82944K, 34% used [0x0000000740000000,0x0000000741bec228,0x0000000745100000)
 Metaspace       used 31217K, capacity 31631K, committed 32000K, reserved 1079296K
  class space    used 2581K, capacity 2715K, committed 2816K, reserved 1048576K
}
Event: 482.578 GC heap before
{Heap before GC invocations=35 (full 2):
 PSYoungGen      total 266240K, used 265856K [0x0000000795580000, 0x00000007b4f80000, 0x00000007c0000000)
  eden space 265728K, 100% used [0x0000000795580000,0x00000007a5900000,0x00000007a5900000)
  from space 512K, 25% used [0x00000007b4f00000,0x00000007b4f20000,0x00000007b4f80000)
  to   space 8192K, 0% used [0x00000007b3f80000,0x00000007b3f80000,0x00000007b4780000)
 ParOldGen       total 82944K, used 28592K [0x0000000740000000, 0x0000000745100000, 0x0000000795580000)
  object space 82944K, 34% used [0x0000000740000000,0x0000000741bec228,0x0000000745100000)
 Metaspace       used 31217K, capacity 31631K, committed 32000K, reserved 1079296K
  class space    used 2581K, capacity 2715K, committed 2816K, reserved 1048576K
Event: 482.579 GC heap after
Heap after GC invocations=35 (full 2):
 PSYoungGen      total 262656K, used 96K [0x0000000795580000, 0x00000007b4f80000, 0x00000007c0000000)
  eden space 254464K, 0% used [0x0000000795580000,0x0000000795580000,0x00000007a4e00000)
  from space 8192K, 1% used [0x00000007b3f80000,0x00000007b3f98000,0x00000007b4780000)
  to   space 7680K, 0% used [0x00000007b4800000,0x00000007b4800000,0x00000007b4f80000)
 ParOldGen       total 82944K, used 28640K [0x0000000740000000, 0x0000000745100000, 0x0000000795580000)
  object space 82944K, 34% used [0x0000000740000000,0x0000000741bf8228,0x0000000745100000)
 Metaspace       used 31217K, capacity 31631K, committed 32000K, reserved 1079296K
  class space    used 2581K, capacity 2715K, committed 2816K, reserved 1048576K
}
Event: 496.980 GC heap before
{Heap before GC invocations=36 (full 2):
 PSYoungGen      total 262656K, used 254560K [0x0000000795580000, 0x00000007b4f80000, 0x00000007c0000000)
  eden space 254464K, 100% used [0x0000000795580000,0x00000007a4e00000,0x00000007a4e00000)
  from space 8192K, 1% used [0x00000007b3f80000,0x00000007b3f98000,0x00000007b4780000)
  to   space 7680K, 0% used [0x00000007b4800000,0x00000007b4800000,0x00000007b4f80000)
 ParOldGen       total 82944K, used 28640K [0x0000000740000000, 0x0000000745100000, 0x0000000795580000)
  object space 82944K, 34% used [0x0000000740000000,0x0000000741bf8228,0x0000000745100000)
 Metaspace       used 31217K, capacity 31631K, committed 32000K, reserved 1079296K
  class space    used 2581K, capacity 2715K, committed 2816K, reserved 1048576K
Event: 496.984 GC heap after
Heap after GC invocations=36 (full 2):
 PSYoungGen      total 244224K, used 32K [0x0000000795580000, 0x00000007b4880000, 0x00000007c0000000)
  eden space 243712K, 0% used [0x0000000795580000,0x0000000795580000,0x00000007a4380000)
  from space 512K, 6% used [0x00000007b4800000,0x00000007b4808000,0x00000007b4880000)
  to   space 7168K, 0% used [0x00000007b3a80000,0x00000007b3a80000,0x00000007b4180000)
 ParOldGen       total 82944K, used 28648K [0x0000000740000000, 0x0000000745100000, 0x0000000795580000)
  object space 82944K, 34% used [0x0000000740000000,0x0000000741bfa228,0x0000000745100000)
 Metaspace       used 31217K, capacity 31631K, committed 32000K, reserved 1079296K
  class space    used 2581K, capacity 2715K, committed 2816K, reserved 1048576K
}
Event: 508.325 GC heap before
{Heap before GC invocations=37 (full 2):
 PSYoungGen      total 244224K, used 243744K [0x0000000795580000, 0x00000007b4880000, 0x00000007c0000000)
  eden space 243712K, 100% used [0x0000000795580000,0x00000007a4380000,0x00000007a4380000)
  from space 512K, 6% used [0x00000007b4800000,0x00000007b4808000,0x00000007b4880000)
  to   space 7168K, 0% used [0x00000007b3a80000,0x00000007b3a80000,0x00000007b4180000)
 ParOldGen       total 82944K, used 28648K [0x0000000740000000, 0x0000000745100000, 0x0000000795580000)
  object space 82944K, 34% used [0x0000000740000000,0x0000000741bfa228,0x0000000745100000)
 Metaspace       used 31293K, capacity 31759K, committed 32000K, reserved 1079296K
  class space    used 2581K, capacity 2715K, committed 2816K, reserved 1048576K
Event: 508.328 GC heap after
Heap after GC invocations=37 (full 2):
 PSYoungGen      total 240640K, used 96K [0x0000000795580000, 0x00000007b4880000, 0x00000007c0000000)
  eden space 233472K, 0% used [0x0000000795580000,0x0000000795580000,0x00000007a3980000)
  from space 7168K, 1% used [0x00000007b3a80000,0x00000007b3a98000,0x00000007b4180000)
  to   space 6656K, 0% used [0x00000007b4200000,0x00000007b4200000,0x00000007b4880000)
 ParOldGen       total 82944K, used 28656K [0x0000000740000000, 0x0000000745100000, 0x0000000795580000)
  object space 82944K, 34% used [0x0000000740000000,0x0000000741bfc228,0x0000000745100000)
 Metaspace       used 31293K, capacity 31759K, committed 32000K, reserved 1079296K
  class space    used 2581K, capacity 2715K, committed 2816K, reserved 1048576K
}

