# JRE version: Java(TM) SE Runtime Environment (8.0_151-b12) (build 1.8.0_151-b12)
# Java VM: Java HotSpot(TM) 64-Bit Server VM (25.151-b12 mixed mode bsd-amd64 compressed oops)
Heap:
 PSYoungGen      total 69120K, used 32405K [0x0000000795580000, 0x000000079cb00000, 0x00000007c0000000)
  eden space 64000K, 42% used [0x0000000795580000,0x00000007970259b0,0x0000000799400000)
  from space 5120K, 99% used [0x0000000799400000,0x00000007998ffda8,0x0000000799900000)
  to   space 16384K, 0% used [0x000000079bb00000,0x000000079bb00000,0x000000079cb00000)
 ParOldGen       total 71680K, used 23760K [0x0000000740000000, 0x0000000744600000, 0x0000000795580000)
  object space 71680K, 33% used [0x0000000740000000,0x0000000741734228,0x0000000744600000)
 Metaspace       used 27428K, capacity 27783K, committed 28288K, reserved 1075200K
  class space    used 2209K, capacity 2341K, committed 2432K, reserved 1048576K
GC Heap History (10 events):
Event: 5.405 GC heap before
{Heap before GC invocations=2 (full 0):
 PSYoungGen      total 38400K, used 38368K [0x0000000795580000, 0x0000000798000000, 0x00000007c0000000)
  eden space 33280K, 100% used [0x0000000795580000,0x0000000797600000,0x0000000797600000)
  from space 5120K, 99% used [0x0000000797600000,0x0000000797af83b8,0x0000000797b00000)
  to   space 5120K, 0% used [0x0000000797b00000,0x0000000797b00000,0x0000000798000000)
 ParOldGen       total 87552K, used 16K [0x0000000740000000, 0x0000000745580000, 0x0000000795580000)
  object space 87552K, 0% used [0x0000000740000000,0x0000000740004000,0x0000000745580000)
 Metaspace       used 19569K, capacity 19893K, committed 20096K, reserved 1067008K
  class space    used 2016K, capacity 2115K, committed 2176K, reserved 1048576K
Event: 5.426 GC heap after
Heap after GC invocations=2 (full 0):
 PSYoungGen      total 38400K, used 5117K [0x0000000795580000, 0x0000000798000000, 0x00000007c0000000)
  eden space 33280K, 0% used [0x0000000795580000,0x0000000795580000,0x0000000797600000)
  from space 5120K, 99% used [0x0000000797b00000,0x0000000797fff430,0x0000000798000000)
  to   space 5120K, 0% used [0x0000000797600000,0x0000000797600000,0x0000000797b00000)
 ParOldGen       total 87552K, used 7495K [0x0000000740000000, 0x0000000745580000, 0x0000000795580000)
  object space 87552K, 8% used [0x0000000740000000,0x0000000740751ff8,0x0000000745580000)
 Metaspace       used 19569K, capacity 19893K, committed 20096K, reserved 1067008K
  class space    used 2016K, capacity 2115K, committed 2176K, reserved 1048576K
}
Event: 5.539 GC heap before
{Heap before GC invocations=3 (full 0):
 PSYoungGen      total 38400K, used 22197K [0x0000000795580000, 0x0000000798000000, 0x00000007c0000000)
  eden space 33280K, 51% used [0x0000000795580000,0x000000079662e388,0x0000000797600000)
  from space 5120K, 99% used [0x0000000797b00000,0x0000000797fff430,0x0000000798000000)
  to   space 5120K, 0% used [0x0000000797600000,0x0000000797600000,0x0000000797b00000)
 ParOldGen       total 87552K, used 7495K [0x0000000740000000, 0x0000000745580000, 0x0000000795580000)
  object space 87552K, 8% used [0x0000000740000000,0x0000000740751ff8,0x0000000745580000)
 Metaspace       used 20777K, capacity 21098K, committed 21296K, reserved 1069056K
  class space    used 2044K, capacity 2147K, committed 2176K, reserved 1048576K
Event: 5.552 GC heap after
Heap after GC invocations=3 (full 0):
 PSYoungGen      total 38400K, used 5117K [0x0000000795580000, 0x000000079a080000, 0x00000007c0000000)
  eden space 33280K, 0% used [0x0000000795580000,0x0000000795580000,0x0000000797600000)
  from space 5120K, 99% used [0x0000000797600000,0x0000000797aff4b0,0x0000000797b00000)
  to   space 5120K, 0% used [0x0000000799b80000,0x0000000799b80000,0x000000079a080000)
 ParOldGen       total 87552K, used 13392K [0x0000000740000000, 0x0000000745580000, 0x0000000795580000)
  object space 87552K, 15% used [0x0000000740000000,0x0000000740d14128,0x0000000745580000)
 Metaspace       used 20777K, capacity 21098K, committed 21296K, reserved 1069056K
  class space    used 2044K, capacity 2147K, committed 2176K, reserved 1048576K
}
Event: 5.552 GC heap before
{Heap before GC invocations=4 (full 1):
 PSYoungGen      total 38400K, used 5117K [0x0000000795580000, 0x000000079a080000, 0x00000007c0000000)
  eden space 33280K, 0% used [0x0000000795580000,0x0000000795580000,0x0000000797600000)
  from space 5120K, 99% used [0x0000000797600000,0x0000000797aff4b0,0x0000000797b00000)
  to   space 5120K, 0% used [0x0000000799b80000,0x0000000799b80000,0x000000079a080000)
 ParOldGen       total 87552K, used 13392K [0x0000000740000000, 0x0000000745580000, 0x0000000795580000)
  object space 87552K, 15% used [0x0000000740000000,0x0000000740d14128,0x0000000745580000)
 Metaspace       used 20777K, capacity 21098K, committed 21296K, reserved 1069056K
  class space    used 2044K, capacity 2147K, committed 2176K, reserved 1048576K
Event: 5.643 GC heap after
Heap after GC invocations=4 (full 1):
 PSYoungGen      total 38400K, used 0K [0x0000000795580000, 0x000000079a080000, 0x00000007c0000000)
  eden space 33280K, 0% used [0x0000000795580000,0x0000000795580000,0x0000000797600000)
  from space 5120K, 0% used [0x0000000797600000,0x0000000797600000,0x0000000797b00000)
  to   space 5120K, 0% used [0x0000000799b80000,0x0000000799b80000,0x000000079a080000)
 ParOldGen       total 71680K, used 18331K [0x0000000740000000, 0x0000000744600000, 0x0000000795580000)
  object space 71680K, 25% used [0x0000000740000000,0x00000007411e6e40,0x0000000744600000)
 Metaspace       used 20777K, capacity 21098K, committed 21296K, reserved 1069056K
  class space    used 2044K, capacity 2147K, committed 2176K, reserved 1048576K
}
Event: 7.533 GC heap before
{Heap before GC invocations=5 (full 1):
 PSYoungGen      total 38400K, used 33144K [0x0000000795580000, 0x000000079a080000, 0x00000007c0000000)
  eden space 33280K, 99% used [0x0000000795580000,0x00000007975de1b8,0x0000000797600000)
  from space 5120K, 0% used [0x0000000797600000,0x0000000797600000,0x0000000797b00000)
  to   space 5120K, 0% used [0x0000000799b80000,0x0000000799b80000,0x000000079a080000)
 ParOldGen       total 71680K, used 18331K [0x0000000740000000, 0x0000000744600000, 0x0000000795580000)
  object space 71680K, 25% used [0x0000000740000000,0x00000007411e6e40,0x0000000744600000)
 Metaspace       used 25716K, capacity 26072K, committed 26368K, reserved 1073152K
  class space    used 2102K, capacity 2212K, committed 2304K, reserved 1048576K
Event: 7.537 GC heap after
Heap after GC invocations=5 (full 1):
 PSYoungGen      total 57344K, used 2525K [0x0000000795580000, 0x0000000799e00000, 0x00000007c0000000)
  eden space 54784K, 0% used [0x0000000795580000,0x0000000795580000,0x0000000798b00000)
  from space 2560K, 98% used [0x0000000799b80000,0x0000000799df7700,0x0000000799e00000)
  to   space 5120K, 0% used [0x0000000799400000,0x0000000799400000,0x0000000799900000)
 ParOldGen       total 71680K, used 18339K [0x0000000740000000, 0x0000000744600000, 0x0000000795580000)
  object space 71680K, 25% used [0x0000000740000000,0x00000007411e8e40,0x0000000744600000)
 Metaspace       used 25716K, capacity 26072K, committed 26368K, reserved 1073152K
  class space    used 2102K, capacity 2212K, committed 2304K, reserved 1048576K
}
Event: 9.364 GC heap before
{Heap before GC invocations=6 (full 1):
 PSYoungGen      total 57344K, used 57309K [0x0000000795580000, 0x0000000799e00000, 0x00000007c0000000)
  eden space 54784K, 100% used [0x0000000795580000,0x0000000798b00000,0x0000000798b00000)
  from space 2560K, 98% used [0x0000000799b80000,0x0000000799df7700,0x0000000799e00000)
  to   space 5120K, 0% used [0x0000000799400000,0x0000000799400000,0x0000000799900000)
 ParOldGen       total 71680K, used 18339K [0x0000000740000000, 0x0000000744600000, 0x0000000795580000)
  object space 71680K, 25% used [0x0000000740000000,0x00000007411e8e40,0x0000000744600000)
 Metaspace       used 27199K, capacity 27553K, committed 28032K, reserved 1075200K
  class space    used 2201K, capacity 2308K, committed 2432K, reserved 1048576K
Event: 9.380 GC heap after
Heap after GC invocations=6 (full 1):
 PSYoungGen      total 69120K, used 5119K [0x0000000795580000, 0x000000079cb00000, 0x00000007c0000000)
  eden space 64000K, 0% used [0x0000000795580000,0x0000000795580000,0x0000000799400000)
  from space 5120K, 99% used [0x0000000799400000,0x00000007998ffda8,0x0000000799900000)
  to   space 16384K, 0% used [0x000000079bb00000,0x000000079bb00000,0x000000079cb00000)
 ParOldGen       total 71680K, used 23760K [0x0000000740000000, 0x0000000744600000, 0x0000000795580000)
  object space 71680K, 33% used [0x0000000740000000,0x0000000741734228,0x0000000744600000)
 Metaspace       used 27199K, capacity 27553K, committed 28032K, reserved 1075200K
  class space    used 2201K, capacity 2308K, committed 2432K, reserved 1048576K
}

