# JRE version: Java(TM) SE Runtime Environment (8.0_151-b12) (build 1.8.0_151-b12)
# Java VM: Java HotSpot(TM) 64-Bit Server VM (25.151-b12 mixed mode bsd-amd64 compressed oops)
Heap:
 PSYoungGen      total 226816K, used 23170K [0x0000000795580000, 0x00000007aa600000, 0x00000007c0000000)
  eden space 205824K, 3% used [0x0000000795580000,0x0000000795d56c70,0x00000007a1e80000)
  from space 20992K, 72% used [0x00000007a1e80000,0x00000007a2d49ba0,0x00000007a3300000)
  to   space 22016K, 0% used [0x00000007a9080000,0x00000007a9080000,0x00000007aa600000)
 ParOldGen       total 48640K, used 24828K [0x0000000740000000, 0x0000000742f80000, 0x0000000795580000)
  object space 48640K, 51% used [0x0000000740000000,0x000000074183f170,0x0000000742f80000)
 Metaspace       used 31508K, capacity 31939K, committed 32256K, reserved 1079296K
  class space    used 2606K, capacity 2715K, committed 2816K, reserved 1048576K
GC Heap History (10 events):
Event: 7.534 GC heap before
{Heap before GC invocations=6 (full 1):
 PSYoungGen      total 67072K, used 67069K [0x0000000795580000, 0x000000079a080000, 0x00000007c0000000)
  eden space 61952K, 100% used [0x0000000795580000,0x0000000799200000,0x0000000799200000)
  from space 5120K, 99% used [0x0000000799b80000,0x000000079a07f580,0x000000079a080000)
  to   space 5120K, 0% used [0x0000000799680000,0x0000000799680000,0x0000000799b80000)
 ParOldGen       total 48640K, used 15026K [0x0000000740000000, 0x0000000742f80000, 0x0000000795580000)
  object space 48640K, 30% used [0x0000000740000000,0x0000000740eacbd8,0x0000000742f80000)
 Metaspace       used 23371K, capacity 23829K, committed 24064K, reserved 1071104K
  class space    used 2401K, capacity 2521K, committed 2560K, reserved 1048576K
Event: 7.541 GC heap after
Heap after GC invocations=6 (full 1):
 PSYoungGen      total 71680K, used 5099K [0x0000000795580000, 0x000000079e000000, 0x00000007c0000000)
  eden space 66560K, 0% used [0x0000000795580000,0x0000000795580000,0x0000000799680000)
  from space 5120K, 99% used [0x0000000799680000,0x0000000799b7ade0,0x0000000799b80000)
  to   space 13824K, 0% used [0x000000079d280000,0x000000079d280000,0x000000079e000000)
 ParOldGen       total 48640K, used 15050K [0x0000000740000000, 0x0000000742f80000, 0x0000000795580000)
  object space 48640K, 30% used [0x0000000740000000,0x0000000740eb2bd8,0x0000000742f80000)
 Metaspace       used 23371K, capacity 23829K, committed 24064K, reserved 1071104K
  class space    used 2401K, capacity 2521K, committed 2560K, reserved 1048576K
}
Event: 7.648 GC heap before
{Heap before GC invocations=7 (full 1):
 PSYoungGen      total 71680K, used 71659K [0x0000000795580000, 0x000000079e000000, 0x00000007c0000000)
  eden space 66560K, 100% used [0x0000000795580000,0x0000000799680000,0x0000000799680000)
  from space 5120K, 99% used [0x0000000799680000,0x0000000799b7ade0,0x0000000799b80000)
  to   space 13824K, 0% used [0x000000079d280000,0x000000079d280000,0x000000079e000000)
 ParOldGen       total 48640K, used 15050K [0x0000000740000000, 0x0000000742f80000, 0x0000000795580000)
  object space 48640K, 30% used [0x0000000740000000,0x0000000740eb2bd8,0x0000000742f80000)
 Metaspace       used 23371K, capacity 23829K, committed 24064K, reserved 1071104K
  class space    used 2401K, capacity 2521K, committed 2560K, reserved 1048576K
Event: 7.657 GC heap after
Heap after GC invocations=7 (full 1):
 PSYoungGen      total 128512K, used 5195K [0x0000000795580000, 0x000000079e900000, 0x00000007c0000000)
  eden space 114688K, 0% used [0x0000000795580000,0x0000000795580000,0x000000079c580000)
  from space 13824K, 37% used [0x000000079d280000,0x000000079d792ea8,0x000000079e000000)
  to   space 13312K, 0% used [0x000000079c580000,0x000000079c580000,0x000000079d280000)
 ParOldGen       total 48640K, used 15050K [0x0000000740000000, 0x0000000742f80000, 0x0000000795580000)
  object space 48640K, 30% used [0x0000000740000000,0x0000000740eb2bd8,0x0000000742f80000)
 Metaspace       used 23371K, capacity 23829K, committed 24064K, reserved 1071104K
  class space    used 2401K, capacity 2521K, committed 2560K, reserved 1048576K
}
Event: 8.337 GC heap before
{Heap before GC invocations=8 (full 1):
 PSYoungGen      total 128512K, used 119883K [0x0000000795580000, 0x000000079e900000, 0x00000007c0000000)
  eden space 114688K, 100% used [0x0000000795580000,0x000000079c580000,0x000000079c580000)
  from space 13824K, 37% used [0x000000079d280000,0x000000079d792ea8,0x000000079e000000)
  to   space 13312K, 0% used [0x000000079c580000,0x000000079c580000,0x000000079d280000)
 ParOldGen       total 48640K, used 15050K [0x0000000740000000, 0x0000000742f80000, 0x0000000795580000)
  object space 48640K, 30% used [0x0000000740000000,0x0000000740eb2bd8,0x0000000742f80000)
 Metaspace       used 29215K, capacity 29680K, committed 30080K, reserved 1077248K
  class space    used 2473K, capacity 2586K, committed 2688K, reserved 1048576K
Event: 8.350 GC heap after
Heap after GC invocations=8 (full 1):
 PSYoungGen      total 128000K, used 12748K [0x0000000795580000, 0x00000007a4200000, 0x00000007c0000000)
  eden space 114688K, 0% used [0x0000000795580000,0x0000000795580000,0x000000079c580000)
  from space 13312K, 95% used [0x000000079c580000,0x000000079d1f3048,0x000000079d280000)
  to   space 15360K, 0% used [0x00000007a3300000,0x00000007a3300000,0x00000007a4200000)
 ParOldGen       total 48640K, used 17511K [0x0000000740000000, 0x0000000742f80000, 0x0000000795580000)
  object space 48640K, 36% used [0x0000000740000000,0x0000000741119fa8,0x0000000742f80000)
 Metaspace       used 29215K, capacity 29680K, committed 30080K, reserved 1077248K
  class space    used 2473K, capacity 2586K, committed 2688K, reserved 1048576K
}
Event: 10.802 GC heap before
{Heap before GC invocations=9 (full 1):
 PSYoungGen      total 128000K, used 127436K [0x0000000795580000, 0x00000007a4200000, 0x00000007c0000000)
  eden space 114688K, 100% used [0x0000000795580000,0x000000079c580000,0x000000079c580000)
  from space 13312K, 95% used [0x000000079c580000,0x000000079d1f3048,0x000000079d280000)
  to   space 15360K, 0% used [0x00000007a3300000,0x00000007a3300000,0x00000007a4200000)
 ParOldGen       total 48640K, used 17511K [0x0000000740000000, 0x0000000742f80000, 0x0000000795580000)
  object space 48640K, 36% used [0x0000000740000000,0x0000000741119fa8,0x0000000742f80000)
 Metaspace       used 30979K, capacity 31427K, committed 31744K, reserved 1079296K
  class space    used 2598K, capacity 2715K, committed 2816K, reserved 1048576K
Event: 10.824 GC heap after
Heap after GC invocations=9 (full 1):
 PSYoungGen      total 221184K, used 15336K [0x0000000795580000, 0x00000007a4900000, 0x00000007c0000000)
  eden space 205824K, 0% used [0x0000000795580000,0x0000000795580000,0x00000007a1e80000)
  from space 15360K, 99% used [0x00000007a3300000,0x00000007a41fa178,0x00000007a4200000)
  to   space 20992K, 0% used [0x00000007a1e80000,0x00000007a1e80000,0x00000007a3300000)
 ParOldGen       total 48640K, used 24804K [0x0000000740000000, 0x0000000742f80000, 0x0000000795580000)
  object space 48640K, 50% used [0x0000000740000000,0x0000000741839170,0x0000000742f80000)
 Metaspace       used 30979K, capacity 31427K, committed 31744K, reserved 1079296K
  class space    used 2598K, capacity 2715K, committed 2816K, reserved 1048576K
}
Event: 22.285 GC heap before
{Heap before GC invocations=10 (full 1):
 PSYoungGen      total 221184K, used 221160K [0x0000000795580000, 0x00000007a4900000, 0x00000007c0000000)
  eden space 205824K, 100% used [0x0000000795580000,0x00000007a1e80000,0x00000007a1e80000)
  from space 15360K, 99% used [0x00000007a3300000,0x00000007a41fa178,0x00000007a4200000)
  to   space 20992K, 0% used [0x00000007a1e80000,0x00000007a1e80000,0x00000007a3300000)
 ParOldGen       total 48640K, used 24804K [0x0000000740000000, 0x0000000742f80000, 0x0000000795580000)
  object space 48640K, 50% used [0x0000000740000000,0x0000000741839170,0x0000000742f80000)
 Metaspace       used 31483K, capacity 31939K, committed 32256K, reserved 1079296K
  class space    used 2600K, capacity 2715K, committed 2816K, reserved 1048576K
Event: 22.299 GC heap after
Heap after GC invocations=10 (full 1):
 PSYoungGen      total 226816K, used 15142K [0x0000000795580000, 0x00000007aa600000, 0x00000007c0000000)
  eden space 205824K, 0% used [0x0000000795580000,0x0000000795580000,0x00000007a1e80000)
  from space 20992K, 72% used [0x00000007a1e80000,0x00000007a2d49ba0,0x00000007a3300000)
  to   space 22016K, 0% used [0x00000007a9080000,0x00000007a9080000,0x00000007aa600000)
 ParOldGen       total 48640K, used 24828K [0x0000000740000000, 0x0000000742f80000, 0x0000000795580000)
  object space 48640K, 51% used [0x0000000740000000,0x000000074183f170,0x0000000742f80000)
 Metaspace       used 31483K, capacity 31939K, committed 32256K, reserved 1079296K
  class space    used 2600K, capacity 2715K, committed 2816K, reserved 1048576K
}

