# JRE version: Java(TM) SE Runtime Environment (8.0_151-b12) (build 1.8.0_151-b12)
# Java VM: Java HotSpot(TM) 64-Bit Server VM (25.151-b12 mixed mode bsd-amd64 compressed oops)
Heap:
 PSYoungGen      total 64000K, used 52462K [0x0000000795580000, 0x000000079a080000, 0x00000007c0000000)
  eden space 58880K, 80% used [0x0000000795580000,0x00000007983bdb78,0x0000000798f00000)
  from space 5120K, 99% used [0x0000000799b80000,0x000000079a07dda0,0x000000079a080000)
  to   space 5120K, 0% used [0x0000000799680000,0x0000000799680000,0x0000000799b80000)
 ParOldGen       total 66048K, used 19406K [0x0000000740000000, 0x0000000744080000, 0x0000000795580000)
  object space 66048K, 29% used [0x0000000740000000,0x00000007412f3a98,0x0000000744080000)
 Metaspace       used 27229K, capacity 27591K, committed 27776K, reserved 1075200K
  class space    used 2211K, capacity 2341K, committed 2432K, reserved 1048576K
GC Heap History (10 events):
Event: 3.840 GC heap before
{Heap before GC invocations=1 (full 0):
 PSYoungGen      total 38400K, used 33280K [0x0000000795580000, 0x0000000798000000, 0x00000007c0000000)
  eden space 33280K, 100% used [0x0000000795580000,0x0000000797600000,0x0000000797600000)
  from space 5120K, 0% used [0x0000000797b00000,0x0000000797b00000,0x0000000798000000)
  to   space 5120K, 0% used [0x0000000797600000,0x0000000797600000,0x0000000797b00000)
 ParOldGen       total 87552K, used 0K [0x0000000740000000, 0x0000000745580000, 0x0000000795580000)
  object space 87552K, 0% used [0x0000000740000000,0x0000000740000000,0x0000000745580000)
 Metaspace       used 16203K, capacity 16545K, committed 16640K, reserved 1064960K
  class space    used 1676K, capacity 1791K, committed 1792K, reserved 1048576K
Event: 3.849 GC heap after
Heap after GC invocations=1 (full 0):
 PSYoungGen      total 38400K, used 5119K [0x0000000795580000, 0x0000000798000000, 0x00000007c0000000)
  eden space 33280K, 0% used [0x0000000795580000,0x0000000795580000,0x0000000797600000)
  from space 5120K, 99% used [0x0000000797600000,0x0000000797affed8,0x0000000797b00000)
  to   space 5120K, 0% used [0x0000000797b00000,0x0000000797b00000,0x0000000798000000)
 ParOldGen       total 87552K, used 16K [0x0000000740000000, 0x0000000745580000, 0x0000000795580000)
  object space 87552K, 0% used [0x0000000740000000,0x0000000740004000,0x0000000745580000)
 Metaspace       used 16203K, capacity 16545K, committed 16640K, reserved 1064960K
  class space    used 1676K, capacity 1791K, committed 1792K, reserved 1048576K
}
Event: 5.285 GC heap before
{Heap before GC invocations=2 (full 0):
 PSYoungGen      total 38400K, used 38167K [0x0000000795580000, 0x0000000798000000, 0x00000007c0000000)
  eden space 33280K, 99% used [0x0000000795580000,0x00000007975c5f38,0x0000000797600000)
  from space 5120K, 99% used [0x0000000797600000,0x0000000797affed8,0x0000000797b00000)
  to   space 5120K, 0% used [0x0000000797b00000,0x0000000797b00000,0x0000000798000000)
 ParOldGen       total 87552K, used 16K [0x0000000740000000, 0x0000000745580000, 0x0000000795580000)
  object space 87552K, 0% used [0x0000000740000000,0x0000000740004000,0x0000000745580000)
 Metaspace       used 19743K, capacity 20117K, committed 20352K, reserved 1067008K
  class space    used 2046K, capacity 2147K, committed 2176K, reserved 1048576K
Event: 5.302 GC heap after
Heap after GC invocations=2 (full 0):
 PSYoungGen      total 38400K, used 5100K [0x0000000795580000, 0x0000000798000000, 0x00000007c0000000)
  eden space 33280K, 0% used [0x0000000795580000,0x0000000795580000,0x0000000797600000)
  from space 5120K, 99% used [0x0000000797b00000,0x0000000797ffb070,0x0000000798000000)
  to   space 5120K, 0% used [0x0000000797600000,0x0000000797600000,0x0000000797b00000)
 ParOldGen       total 87552K, used 7929K [0x0000000740000000, 0x0000000745580000, 0x0000000795580000)
  object space 87552K, 9% used [0x0000000740000000,0x00000007407be400,0x0000000745580000)
 Metaspace       used 19743K, capacity 20117K, committed 20352K, reserved 1067008K
  class space    used 2046K, capacity 2147K, committed 2176K, reserved 1048576K
}
Event: 5.346 GC heap before
{Heap before GC invocations=3 (full 0):
 PSYoungGen      total 38400K, used 18705K [0x0000000795580000, 0x0000000798000000, 0x00000007c0000000)
  eden space 33280K, 40% used [0x0000000795580000,0x00000007962c9768,0x0000000797600000)
  from space 5120K, 99% used [0x0000000797b00000,0x0000000797ffb070,0x0000000798000000)
  to   space 5120K, 0% used [0x0000000797600000,0x0000000797600000,0x0000000797b00000)
 ParOldGen       total 87552K, used 7929K [0x0000000740000000, 0x0000000745580000, 0x0000000795580000)
  object space 87552K, 9% used [0x0000000740000000,0x00000007407be400,0x0000000745580000)
 Metaspace       used 20937K, capacity 21226K, committed 21296K, reserved 1069056K
  class space    used 2046K, capacity 2147K, committed 2176K, reserved 1048576K
Event: 5.355 GC heap after
Heap after GC invocations=3 (full 0):
 PSYoungGen      total 38400K, used 5005K [0x0000000795580000, 0x000000079a080000, 0x00000007c0000000)
  eden space 33280K, 0% used [0x0000000795580000,0x0000000795580000,0x0000000797600000)
  from space 5120K, 97% used [0x0000000797600000,0x0000000797ae3460,0x0000000797b00000)
  to   space 5120K, 0% used [0x0000000799b80000,0x0000000799b80000,0x000000079a080000)
 ParOldGen       total 87552K, used 12449K [0x0000000740000000, 0x0000000745580000, 0x0000000795580000)
  object space 87552K, 14% used [0x0000000740000000,0x0000000740c28450,0x0000000745580000)
 Metaspace       used 20937K, capacity 21226K, committed 21296K, reserved 1069056K
  class space    used 2046K, capacity 2147K, committed 2176K, reserved 1048576K
}
Event: 5.355 GC heap before
{Heap before GC invocations=4 (full 1):
 PSYoungGen      total 38400K, used 5005K [0x0000000795580000, 0x000000079a080000, 0x00000007c0000000)
  eden space 33280K, 0% used [0x0000000795580000,0x0000000795580000,0x0000000797600000)
  from space 5120K, 97% used [0x0000000797600000,0x0000000797ae3460,0x0000000797b00000)
  to   space 5120K, 0% used [0x0000000799b80000,0x0000000799b80000,0x000000079a080000)
 ParOldGen       total 87552K, used 12449K [0x0000000740000000, 0x0000000745580000, 0x0000000795580000)
  object space 87552K, 14% used [0x0000000740000000,0x0000000740c28450,0x0000000745580000)
 Metaspace       used 20937K, capacity 21226K, committed 21296K, reserved 1069056K
  class space    used 2046K, capacity 2147K, committed 2176K, reserved 1048576K
Event: 5.431 GC heap after
Heap after GC invocations=4 (full 1):
 PSYoungGen      total 38400K, used 0K [0x0000000795580000, 0x000000079a080000, 0x00000007c0000000)
  eden space 33280K, 0% used [0x0000000795580000,0x0000000795580000,0x0000000797600000)
  from space 5120K, 0% used [0x0000000797600000,0x0000000797600000,0x0000000797b00000)
  to   space 5120K, 0% used [0x0000000799b80000,0x0000000799b80000,0x000000079a080000)
 ParOldGen       total 66048K, used 17282K [0x0000000740000000, 0x0000000744080000, 0x0000000795580000)
  object space 66048K, 26% used [0x0000000740000000,0x00000007410e0bc0,0x0000000744080000)
 Metaspace       used 20937K, capacity 21226K, committed 21296K, reserved 1069056K
  class space    used 2046K, capacity 2147K, committed 2176K, reserved 1048576K
}
Event: 7.367 GC heap before
{Heap before GC invocations=5 (full 1):
 PSYoungGen      total 38400K, used 33280K [0x0000000795580000, 0x000000079a080000, 0x00000007c0000000)
  eden space 33280K, 100% used [0x0000000795580000,0x0000000797600000,0x0000000797600000)
  from space 5120K, 0% used [0x0000000797600000,0x0000000797600000,0x0000000797b00000)
  to   space 5120K, 0% used [0x0000000799b80000,0x0000000799b80000,0x000000079a080000)
 ParOldGen       total 66048K, used 17282K [0x0000000740000000, 0x0000000744080000, 0x0000000795580000)
  object space 66048K, 26% used [0x0000000740000000,0x00000007410e0bc0,0x0000000744080000)
 Metaspace       used 26674K, capacity 27000K, committed 27264K, reserved 1075200K
  class space    used 2202K, capacity 2308K, committed 2432K, reserved 1048576K
Event: 7.378 GC heap after
Heap after GC invocations=5 (full 1):
 PSYoungGen      total 64000K, used 5111K [0x0000000795580000, 0x000000079a080000, 0x00000007c0000000)
  eden space 58880K, 0% used [0x0000000795580000,0x0000000795580000,0x0000000798f00000)
  from space 5120K, 99% used [0x0000000799b80000,0x000000079a07dda0,0x000000079a080000)
  to   space 5120K, 0% used [0x0000000799680000,0x0000000799680000,0x0000000799b80000)
 ParOldGen       total 66048K, used 19406K [0x0000000740000000, 0x0000000744080000, 0x0000000795580000)
  object space 66048K, 29% used [0x0000000740000000,0x00000007412f3a98,0x0000000744080000)
 Metaspace       used 26674K, capacity 27000K, committed 27264K, reserved 1075200K
  class space    used 2202K, capacity 2308K, committed 2432K, reserved 1048576K
}

