# JRE version: Java(TM) SE Runtime Environment (8.0_151-b12) (build 1.8.0_151-b12)
# Java VM: Java HotSpot(TM) 64-Bit Server VM (25.151-b12 mixed mode bsd-amd64 compressed oops)
Heap:
 PSYoungGen      total 127488K, used 58729K [0x0000000795580000, 0x000000079e280000, 0x00000007c0000000)
  eden space 114688K, 46% used [0x0000000795580000,0x00000007989c26b0,0x000000079c580000)
  from space 12800K, 40% used [0x000000079d200000,0x000000079d7180c0,0x000000079de80000)
  to   space 12800K, 0% used [0x000000079c580000,0x000000079c580000,0x000000079d200000)
 ParOldGen       total 62464K, used 22875K [0x0000000740000000, 0x0000000743d00000, 0x0000000795580000)
  object space 62464K, 36% used [0x0000000740000000,0x0000000741656cf0,0x0000000743d00000)
 Metaspace       used 27778K, capacity 28103K, committed 28288K, reserved 1075200K
  class space    used 2222K, capacity 2341K, committed 2432K, reserved 1048576K
GC Heap History (10 events):
Event: 5.325 GC heap before
{Heap before GC invocations=3 (full 0):
 PSYoungGen      total 38400K, used 20211K [0x0000000795580000, 0x0000000798000000, 0x00000007c0000000)
  eden space 33280K, 45% used [0x0000000795580000,0x00000007964418c8,0x0000000797600000)
  from space 5120K, 99% used [0x0000000797b00000,0x0000000797ffb450,0x0000000798000000)
  to   space 5120K, 0% used [0x0000000797600000,0x0000000797600000,0x0000000797b00000)
 ParOldGen       total 87552K, used 7884K [0x0000000740000000, 0x0000000745580000, 0x0000000795580000)
  object space 87552K, 9% used [0x0000000740000000,0x00000007407b3010,0x0000000745580000)
 Metaspace       used 20897K, capacity 21226K, committed 21296K, reserved 1069056K
  class space    used 2039K, capacity 2147K, committed 2176K, reserved 1048576K
Event: 5.335 GC heap after
Heap after GC invocations=3 (full 0):
 PSYoungGen      total 38400K, used 5117K [0x0000000795580000, 0x000000079a080000, 0x00000007c0000000)
  eden space 33280K, 0% used [0x0000000795580000,0x0000000795580000,0x0000000797600000)
  from space 5120K, 99% used [0x0000000797600000,0x0000000797aff440,0x0000000797b00000)
  to   space 5120K, 0% used [0x0000000799b80000,0x0000000799b80000,0x000000079a080000)
 ParOldGen       total 87552K, used 12436K [0x0000000740000000, 0x0000000745580000, 0x0000000795580000)
  object space 87552K, 14% used [0x0000000740000000,0x0000000740c25070,0x0000000745580000)
 Metaspace       used 20897K, capacity 21226K, committed 21296K, reserved 1069056K
  class space    used 2039K, capacity 2147K, committed 2176K, reserved 1048576K
}
Event: 5.335 GC heap before
{Heap before GC invocations=4 (full 1):
 PSYoungGen      total 38400K, used 5117K [0x0000000795580000, 0x000000079a080000, 0x00000007c0000000)
  eden space 33280K, 0% used [0x0000000795580000,0x0000000795580000,0x0000000797600000)
  from space 5120K, 99% used [0x0000000797600000,0x0000000797aff440,0x0000000797b00000)
  to   space 5120K, 0% used [0x0000000799b80000,0x0000000799b80000,0x000000079a080000)
 ParOldGen       total 87552K, used 12436K [0x0000000740000000, 0x0000000745580000, 0x0000000795580000)
  object space 87552K, 14% used [0x0000000740000000,0x0000000740c25070,0x0000000745580000)
 Metaspace       used 20897K, capacity 21226K, committed 21296K, reserved 1069056K
  class space    used 2039K, capacity 2147K, committed 2176K, reserved 1048576K
Event: 5.372 GC heap after
Heap after GC invocations=4 (full 1):
 PSYoungGen      total 38400K, used 0K [0x0000000795580000, 0x000000079a080000, 0x00000007c0000000)
  eden space 33280K, 0% used [0x0000000795580000,0x0000000795580000,0x0000000797600000)
  from space 5120K, 0% used [0x0000000797600000,0x0000000797600000,0x0000000797b00000)
  to   space 5120K, 0% used [0x0000000799b80000,0x0000000799b80000,0x000000079a080000)
 ParOldGen       total 62464K, used 16475K [0x0000000740000000, 0x0000000743d00000, 0x0000000795580000)
  object space 62464K, 26% used [0x0000000740000000,0x0000000741016ef0,0x0000000743d00000)
 Metaspace       used 20897K, capacity 21226K, committed 21296K, reserved 1069056K
  class space    used 2039K, capacity 2147K, committed 2176K, reserved 1048576K
}
Event: 7.370 GC heap before
{Heap before GC invocations=5 (full 1):
 PSYoungGen      total 38400K, used 33280K [0x0000000795580000, 0x000000079a080000, 0x00000007c0000000)
  eden space 33280K, 100% used [0x0000000795580000,0x0000000797600000,0x0000000797600000)
  from space 5120K, 0% used [0x0000000797600000,0x0000000797600000,0x0000000797b00000)
  to   space 5120K, 0% used [0x0000000799b80000,0x0000000799b80000,0x000000079a080000)
 ParOldGen       total 62464K, used 16475K [0x0000000740000000, 0x0000000743d00000, 0x0000000795580000)
  object space 62464K, 26% used [0x0000000740000000,0x0000000741016ef0,0x0000000743d00000)
 Metaspace       used 26772K, capacity 27128K, committed 27520K, reserved 1075200K
  class space    used 2196K, capacity 2308K, committed 2432K, reserved 1048576K
Event: 7.379 GC heap after
Heap after GC invocations=5 (full 1):
 PSYoungGen      total 67584K, used 5117K [0x0000000795580000, 0x000000079a080000, 0x00000007c0000000)
  eden space 62464K, 0% used [0x0000000795580000,0x0000000795580000,0x0000000799280000)
  from space 5120K, 99% used [0x0000000799b80000,0x000000079a07f4e0,0x000000079a080000)
  to   space 5120K, 0% used [0x0000000799680000,0x0000000799680000,0x0000000799b80000)
 ParOldGen       total 62464K, used 18785K [0x0000000740000000, 0x0000000743d00000, 0x0000000795580000)
  object space 62464K, 30% used [0x0000000740000000,0x0000000741258690,0x0000000743d00000)
 Metaspace       used 26772K, capacity 27128K, committed 27520K, reserved 1075200K
  class space    used 2196K, capacity 2308K, committed 2432K, reserved 1048576K
}
Event: 11.987 GC heap before
{Heap before GC invocations=6 (full 1):
 PSYoungGen      total 67584K, used 67581K [0x0000000795580000, 0x000000079a080000, 0x00000007c0000000)
  eden space 62464K, 100% used [0x0000000795580000,0x0000000799280000,0x0000000799280000)
  from space 5120K, 99% used [0x0000000799b80000,0x000000079a07f4e0,0x000000079a080000)
  to   space 5120K, 0% used [0x0000000799680000,0x0000000799680000,0x0000000799b80000)
 ParOldGen       total 62464K, used 18785K [0x0000000740000000, 0x0000000743d00000, 0x0000000795580000)
  object space 62464K, 30% used [0x0000000740000000,0x0000000741258690,0x0000000743d00000)
 Metaspace       used 27315K, capacity 27623K, committed 28032K, reserved 1075200K
  class space    used 2196K, capacity 2309K, committed 2432K, reserved 1048576K
Event: 11.998 GC heap after
Heap after GC invocations=6 (full 1):
 PSYoungGen      total 71680K, used 5088K [0x0000000795580000, 0x000000079de80000, 0x00000007c0000000)
  eden space 66560K, 0% used [0x0000000795580000,0x0000000795580000,0x0000000799680000)
  from space 5120K, 99% used [0x0000000799680000,0x0000000799b780c0,0x0000000799b80000)
  to   space 12800K, 0% used [0x000000079d200000,0x000000079d200000,0x000000079de80000)
 ParOldGen       total 62464K, used 22867K [0x0000000740000000, 0x0000000743d00000, 0x0000000795580000)
  object space 62464K, 36% used [0x0000000740000000,0x0000000741654cf0,0x0000000743d00000)
 Metaspace       used 27315K, capacity 27623K, committed 28032K, reserved 1075200K
  class space    used 2196K, capacity 2309K, committed 2432K, reserved 1048576K
}
Event: 27.238 GC heap before
{Heap before GC invocations=7 (full 1):
 PSYoungGen      total 71680K, used 71648K [0x0000000795580000, 0x000000079de80000, 0x00000007c0000000)
  eden space 66560K, 100% used [0x0000000795580000,0x0000000799680000,0x0000000799680000)
  from space 5120K, 99% used [0x0000000799680000,0x0000000799b780c0,0x0000000799b80000)
  to   space 12800K, 0% used [0x000000079d200000,0x000000079d200000,0x000000079de80000)
 ParOldGen       total 62464K, used 22867K [0x0000000740000000, 0x0000000743d00000, 0x0000000795580000)
  object space 62464K, 36% used [0x0000000740000000,0x0000000741654cf0,0x0000000743d00000)
 Metaspace       used 27600K, capacity 27943K, committed 28288K, reserved 1075200K
  class space    used 2197K, capacity 2309K, committed 2432K, reserved 1048576K
Event: 27.246 GC heap after
Heap after GC invocations=7 (full 1):
 PSYoungGen      total 127488K, used 5216K [0x0000000795580000, 0x000000079e280000, 0x00000007c0000000)
  eden space 114688K, 0% used [0x0000000795580000,0x0000000795580000,0x000000079c580000)
  from space 12800K, 40% used [0x000000079d200000,0x000000079d7180c0,0x000000079de80000)
  to   space 12800K, 0% used [0x000000079c580000,0x000000079c580000,0x000000079d200000)
 ParOldGen       total 62464K, used 22875K [0x0000000740000000, 0x0000000743d00000, 0x0000000795580000)
  object space 62464K, 36% used [0x0000000740000000,0x0000000741656cf0,0x0000000743d00000)
 Metaspace       used 27600K, capacity 27943K, committed 28288K, reserved 1075200K
  class space    used 2197K, capacity 2309K, committed 2432K, reserved 1048576K
}

