# JRE version: Java(TM) SE Runtime Environment (8.0_151-b12) (build 1.8.0_151-b12)
# Java VM: Java HotSpot(TM) 64-Bit Server VM (25.151-b12 mixed mode bsd-amd64 compressed oops)
Heap:
 PSYoungGen      total 130048K, used 12014K [0x0000000795580000, 0x00000007a2f00000, 0x00000007c0000000)
  eden space 109568K, 2% used [0x0000000795580000,0x0000000795870320,0x000000079c080000)
  from space 20480K, 43% used [0x000000079c080000,0x000000079c94b508,0x000000079d480000)
  to   space 18944K, 0% used [0x00000007a1c80000,0x00000007a1c80000,0x00000007a2f00000)
 ParOldGen       total 49152K, used 31168K [0x0000000740000000, 0x0000000743000000, 0x0000000795580000)
  object space 49152K, 63% used [0x0000000740000000,0x0000000741e70350,0x0000000743000000)
 Metaspace       used 31212K, capacity 31631K, committed 31920K, reserved 1079296K
  class space    used 2588K, capacity 2715K, committed 2736K, reserved 1048576K
GC Heap History (10 events):
Event: 5.516 GC heap before
{Heap before GC invocations=4 (full 1):
 PSYoungGen      total 38400K, used 5089K [0x0000000795580000, 0x000000079a080000, 0x00000007c0000000)
  eden space 33280K, 0% used [0x0000000795580000,0x0000000795580000,0x0000000797600000)
  from space 5120K, 99% used [0x0000000797600000,0x0000000797af8780,0x0000000797b00000)
  to   space 5120K, 0% used [0x0000000799b80000,0x0000000799b80000,0x000000079a080000)
 ParOldGen       total 87552K, used 3350K [0x0000000740000000, 0x0000000745580000, 0x0000000795580000)
  object space 87552K, 3% used [0x0000000740000000,0x0000000740345aa0,0x0000000745580000)
 Metaspace       used 20777K, capacity 21195K, committed 21296K, reserved 1069056K
  class space    used 2173K, capacity 2326K, committed 2352K, reserved 1048576K
Event: 5.565 GC heap after
Heap after GC invocations=4 (full 1):
 PSYoungGen      total 38400K, used 0K [0x0000000795580000, 0x000000079a080000, 0x00000007c0000000)
  eden space 33280K, 0% used [0x0000000795580000,0x0000000795580000,0x0000000797600000)
  from space 5120K, 0% used [0x0000000797600000,0x0000000797600000,0x0000000797b00000)
  to   space 5120K, 0% used [0x0000000799b80000,0x0000000799b80000,0x000000079a080000)
 ParOldGen       total 49152K, used 7262K [0x0000000740000000, 0x0000000743000000, 0x0000000795580000)
  object space 49152K, 14% used [0x0000000740000000,0x00000007407179c8,0x0000000743000000)
 Metaspace       used 20777K, capacity 21195K, committed 21296K, reserved 1069056K
  class space    used 2173K, capacity 2326K, committed 2352K, reserved 1048576K
}
Event: 7.418 GC heap before
{Heap before GC invocations=5 (full 1):
 PSYoungGen      total 38400K, used 33261K [0x0000000795580000, 0x000000079a080000, 0x00000007c0000000)
  eden space 33280K, 99% used [0x0000000795580000,0x00000007975fb608,0x0000000797600000)
  from space 5120K, 0% used [0x0000000797600000,0x0000000797600000,0x0000000797b00000)
  to   space 5120K, 0% used [0x0000000799b80000,0x0000000799b80000,0x000000079a080000)
 ParOldGen       total 49152K, used 7262K [0x0000000740000000, 0x0000000743000000, 0x0000000795580000)
  object space 49152K, 14% used [0x0000000740000000,0x00000007407179c8,0x0000000743000000)
 Metaspace       used 23282K, capacity 23709K, committed 23856K, reserved 1071104K
  class space    used 2411K, capacity 2521K, committed 2608K, reserved 1048576K
Event: 7.436 GC heap after
Heap after GC invocations=5 (full 1):
 PSYoungGen      total 66048K, used 5095K [0x0000000795580000, 0x000000079a080000, 0x00000007c0000000)
  eden space 60928K, 0% used [0x0000000795580000,0x0000000795580000,0x0000000799100000)
  from space 5120K, 99% used [0x0000000799b80000,0x000000079a079d30,0x000000079a080000)
  to   space 5120K, 0% used [0x0000000799680000,0x0000000799680000,0x0000000799b80000)
 ParOldGen       total 49152K, used 17605K [0x0000000740000000, 0x0000000743000000, 0x0000000795580000)
  object space 49152K, 35% used [0x0000000740000000,0x0000000741131670,0x0000000743000000)
 Metaspace       used 23282K, capacity 23709K, committed 23856K, reserved 1071104K
  class space    used 2411K, capacity 2521K, committed 2608K, reserved 1048576K
}
Event: 9.676 GC heap before
{Heap before GC invocations=6 (full 1):
 PSYoungGen      total 66048K, used 66023K [0x0000000795580000, 0x000000079a080000, 0x00000007c0000000)
  eden space 60928K, 100% used [0x0000000795580000,0x0000000799100000,0x0000000799100000)
  from space 5120K, 99% used [0x0000000799b80000,0x000000079a079d30,0x000000079a080000)
  to   space 5120K, 0% used [0x0000000799680000,0x0000000799680000,0x0000000799b80000)
 ParOldGen       total 49152K, used 17605K [0x0000000740000000, 0x0000000743000000, 0x0000000795580000)
  object space 49152K, 35% used [0x0000000740000000,0x0000000741131670,0x0000000743000000)
 Metaspace       used 30353K, capacity 30822K, committed 31152K, reserved 1077248K
  class space    used 2580K, capacity 2715K, committed 2736K, reserved 1048576K
Event: 9.693 GC heap after
Heap after GC invocations=6 (full 1):
 PSYoungGen      total 71680K, used 5116K [0x0000000795580000, 0x000000079e900000, 0x00000007c0000000)
  eden space 66560K, 0% used [0x0000000795580000,0x0000000795580000,0x0000000799680000)
  from space 5120K, 99% used [0x0000000799680000,0x0000000799b7f0a0,0x0000000799b80000)
  to   space 20992K, 0% used [0x000000079d480000,0x000000079d480000,0x000000079e900000)
 ParOldGen       total 49152K, used 31160K [0x0000000740000000, 0x0000000743000000, 0x0000000795580000)
  object space 49152K, 63% used [0x0000000740000000,0x0000000741e6e350,0x0000000743000000)
 Metaspace       used 30353K, capacity 30822K, committed 31152K, reserved 1077248K
  class space    used 2580K, capacity 2715K, committed 2736K, reserved 1048576K
}
Event: 12.801 GC heap before
{Heap before GC invocations=7 (full 1):
 PSYoungGen      total 71680K, used 71676K [0x0000000795580000, 0x000000079e900000, 0x00000007c0000000)
  eden space 66560K, 100% used [0x0000000795580000,0x0000000799680000,0x0000000799680000)
  from space 5120K, 99% used [0x0000000799680000,0x0000000799b7f0a0,0x0000000799b80000)
  to   space 20992K, 0% used [0x000000079d480000,0x000000079d480000,0x000000079e900000)
 ParOldGen       total 49152K, used 31160K [0x0000000740000000, 0x0000000743000000, 0x0000000795580000)
  object space 49152K, 63% used [0x0000000740000000,0x0000000741e6e350,0x0000000743000000)
 Metaspace       used 30831K, capacity 31247K, committed 31408K, reserved 1077248K
  class space    used 2580K, capacity 2715K, committed 2736K, reserved 1048576K
Event: 12.810 GC heap after
Heap after GC invocations=7 (full 1):
 PSYoungGen      total 130560K, used 7597K [0x0000000795580000, 0x000000079ef00000, 0x00000007c0000000)
  eden space 109568K, 0% used [0x0000000795580000,0x0000000795580000,0x000000079c080000)
  from space 20992K, 36% used [0x000000079d480000,0x000000079dbeb6f8,0x000000079e900000)
  to   space 20480K, 0% used [0x000000079c080000,0x000000079c080000,0x000000079d480000)
 ParOldGen       total 49152K, used 31168K [0x0000000740000000, 0x0000000743000000, 0x0000000795580000)
  object space 49152K, 63% used [0x0000000740000000,0x0000000741e70350,0x0000000743000000)
 Metaspace       used 30831K, capacity 31247K, committed 31408K, reserved 1077248K
  class space    used 2580K, capacity 2715K, committed 2736K, reserved 1048576K
}
Event: 19.876 GC heap before
{Heap before GC invocations=8 (full 1):
 PSYoungGen      total 130560K, used 117165K [0x0000000795580000, 0x000000079ef00000, 0x00000007c0000000)
  eden space 109568K, 100% used [0x0000000795580000,0x000000079c080000,0x000000079c080000)
  from space 20992K, 36% used [0x000000079d480000,0x000000079dbeb6f8,0x000000079e900000)
  to   space 20480K, 0% used [0x000000079c080000,0x000000079c080000,0x000000079d480000)
 ParOldGen       total 49152K, used 31168K [0x0000000740000000, 0x0000000743000000, 0x0000000795580000)
  object space 49152K, 63% used [0x0000000740000000,0x0000000741e70350,0x0000000743000000)
 Metaspace       used 31209K, capacity 31631K, committed 31920K, reserved 1079296K
  class space    used 2588K, capacity 2715K, committed 2736K, reserved 1048576K
Event: 19.887 GC heap after
Heap after GC invocations=8 (full 1):
 PSYoungGen      total 130048K, used 9005K [0x0000000795580000, 0x00000007a2f00000, 0x00000007c0000000)
  eden space 109568K, 0% used [0x0000000795580000,0x0000000795580000,0x000000079c080000)
  from space 20480K, 43% used [0x000000079c080000,0x000000079c94b508,0x000000079d480000)
  to   space 18944K, 0% used [0x00000007a1c80000,0x00000007a1c80000,0x00000007a2f00000)
 ParOldGen       total 49152K, used 31168K [0x0000000740000000, 0x0000000743000000, 0x0000000795580000)
  object space 49152K, 63% used [0x0000000740000000,0x0000000741e70350,0x0000000743000000)
 Metaspace       used 31209K, capacity 31631K, committed 31920K, reserved 1079296K
  class space    used 2588K, capacity 2715K, committed 2736K, reserved 1048576K
}

