# JRE version: Java(TM) SE Runtime Environment (8.0_151-b12) (build 1.8.0_151-b12)
# Java VM: Java HotSpot(TM) 64-Bit Server VM (25.151-b12 mixed mode bsd-amd64 compressed oops)
Heap:
 PSYoungGen      total 258560K, used 102771K [0x0000000795580000, 0x00000007a6b00000, 0x00000007c0000000)
  eden space 240128K, 35% used [0x0000000795580000,0x000000079a9e8a00,0x00000007a4000000)
  from space 18432K, 88% used [0x00000007a5900000,0x00000007a68f43d0,0x00000007a6b00000)
  to   space 22016K, 0% used [0x00000007a4000000,0x00000007a4000000,0x00000007a5580000)
 ParOldGen       total 56320K, used 37983K [0x0000000740000000, 0x0000000743700000, 0x0000000795580000)
  object space 56320K, 67% used [0x0000000740000000,0x0000000742517e78,0x0000000743700000)
 Metaspace       used 31789K, capacity 32259K, committed 32512K, reserved 1079296K
  class space    used 2597K, capacity 2715K, committed 2816K, reserved 1048576K
GC Heap History (10 events):
Event: 7.338 GC heap before
{Heap before GC invocations=7 (full 1):
 PSYoungGen      total 71680K, used 71642K [0x0000000795580000, 0x000000079cd00000, 0x00000007c0000000)
  eden space 66560K, 100% used [0x0000000795580000,0x0000000799680000,0x0000000799680000)
  from space 5120K, 99% used [0x0000000799680000,0x0000000799b76b90,0x0000000799b80000)
  to   space 13312K, 0% used [0x000000079c000000,0x000000079c000000,0x000000079cd00000)
 ParOldGen       total 56320K, used 15166K [0x0000000740000000, 0x0000000743700000, 0x0000000795580000)
  object space 56320K, 26% used [0x0000000740000000,0x0000000740ecf838,0x0000000743700000)
 Metaspace       used 23237K, capacity 23697K, committed 23808K, reserved 1071104K
  class space    used 2393K, capacity 2521K, committed 2560K, reserved 1048576K
Event: 7.347 GC heap after
Heap after GC invocations=7 (full 1):
 PSYoungGen      total 109056K, used 5083K [0x0000000795580000, 0x000000079e500000, 0x00000007c0000000)
  eden space 95744K, 0% used [0x0000000795580000,0x0000000795580000,0x000000079b300000)
  from space 13312K, 38% used [0x000000079c000000,0x000000079c4f6dd0,0x000000079cd00000)
  to   space 13312K, 0% used [0x000000079b300000,0x000000079b300000,0x000000079c000000)
 ParOldGen       total 56320K, used 15174K [0x0000000740000000, 0x0000000743700000, 0x0000000795580000)
  object space 56320K, 26% used [0x0000000740000000,0x0000000740ed1838,0x0000000743700000)
 Metaspace       used 23237K, capacity 23697K, committed 23808K, reserved 1071104K
  class space    used 2393K, capacity 2521K, committed 2560K, reserved 1048576K
}
Event: 7.683 GC heap before
{Heap before GC invocations=8 (full 1):
 PSYoungGen      total 109056K, used 99585K [0x0000000795580000, 0x000000079e500000, 0x00000007c0000000)
  eden space 95744K, 98% used [0x0000000795580000,0x000000079b1c9708,0x000000079b300000)
  from space 13312K, 38% used [0x000000079c000000,0x000000079c4f6dd0,0x000000079cd00000)
  to   space 13312K, 0% used [0x000000079b300000,0x000000079b300000,0x000000079c000000)
 ParOldGen       total 56320K, used 15174K [0x0000000740000000, 0x0000000743700000, 0x0000000795580000)
  object space 56320K, 26% used [0x0000000740000000,0x0000000740ed1838,0x0000000743700000)
 Metaspace       used 23747K, capacity 24209K, committed 24448K, reserved 1071104K
  class space    used 2438K, capacity 2585K, committed 2688K, reserved 1048576K
Event: 7.696 GC heap after
Heap after GC invocations=8 (full 1):
 PSYoungGen      total 109056K, used 13306K [0x0000000795580000, 0x00000007a1e00000, 0x00000007c0000000)
  eden space 95744K, 0% used [0x0000000795580000,0x0000000795580000,0x000000079b300000)
  from space 13312K, 99% used [0x000000079b300000,0x000000079bffe940,0x000000079c000000)
  to   space 15872K, 0% used [0x00000007a0e80000,0x00000007a0e80000,0x00000007a1e00000)
 ParOldGen       total 56320K, used 16050K [0x0000000740000000, 0x0000000743700000, 0x0000000795580000)
  object space 56320K, 28% used [0x0000000740000000,0x0000000740fac958,0x0000000743700000)
 Metaspace       used 23747K, capacity 24209K, committed 24448K, reserved 1071104K
  class space    used 2438K, capacity 2585K, committed 2688K, reserved 1048576K
}
Event: 10.728 GC heap before
{Heap before GC invocations=9 (full 1):
 PSYoungGen      total 109056K, used 109050K [0x0000000795580000, 0x00000007a1e00000, 0x00000007c0000000)
  eden space 95744K, 100% used [0x0000000795580000,0x000000079b300000,0x000000079b300000)
  from space 13312K, 99% used [0x000000079b300000,0x000000079bffe940,0x000000079c000000)
  to   space 15872K, 0% used [0x00000007a0e80000,0x00000007a0e80000,0x00000007a1e00000)
 ParOldGen       total 56320K, used 16050K [0x0000000740000000, 0x0000000743700000, 0x0000000795580000)
  object space 56320K, 28% used [0x0000000740000000,0x0000000740fac958,0x0000000743700000)
 Metaspace       used 30841K, capacity 31299K, committed 31744K, reserved 1079296K
  class space    used 2588K, capacity 2715K, committed 2816K, reserved 1048576K
Event: 10.755 GC heap after
Heap after GC invocations=9 (full 1):
 PSYoungGen      total 186368K, used 14656K [0x0000000795580000, 0x00000007a1f00000, 0x00000007c0000000)
  eden space 170496K, 0% used [0x0000000795580000,0x0000000795580000,0x000000079fc00000)
  from space 15872K, 92% used [0x00000007a0e80000,0x00000007a1cd0208,0x00000007a1e00000)
  to   space 17920K, 0% used [0x000000079fc00000,0x000000079fc00000,0x00000007a0d80000)
 ParOldGen       total 56320K, used 25292K [0x0000000740000000, 0x0000000743700000, 0x0000000795580000)
  object space 56320K, 44% used [0x0000000740000000,0x00000007418b3260,0x0000000743700000)
 Metaspace       used 30841K, capacity 31299K, committed 31744K, reserved 1079296K
  class space    used 2588K, capacity 2715K, committed 2816K, reserved 1048576K
}
Event: 17.684 GC heap before
{Heap before GC invocations=10 (full 1):
 PSYoungGen      total 186368K, used 185121K [0x0000000795580000, 0x00000007a1f00000, 0x00000007c0000000)
  eden space 170496K, 99% used [0x0000000795580000,0x000000079fbf8538,0x000000079fc00000)
  from space 15872K, 92% used [0x00000007a0e80000,0x00000007a1cd0208,0x00000007a1e00000)
  to   space 17920K, 0% used [0x000000079fc00000,0x000000079fc00000,0x00000007a0d80000)
 ParOldGen       total 56320K, used 25292K [0x0000000740000000, 0x0000000743700000, 0x0000000795580000)
  object space 56320K, 44% used [0x0000000740000000,0x00000007418b3260,0x0000000743700000)
 Metaspace       used 31358K, capacity 31811K, committed 32256K, reserved 1079296K
  class space    used 2589K, capacity 2715K, committed 2816K, reserved 1048576K
Event: 17.696 GC heap after
Heap after GC invocations=10 (full 1):
 PSYoungGen      total 188416K, used 17899K [0x0000000795580000, 0x00000007a6d00000, 0x00000007c0000000)
  eden space 170496K, 0% used [0x0000000795580000,0x0000000795580000,0x000000079fc00000)
  from space 17920K, 99% used [0x000000079fc00000,0x00000007a0d7ad18,0x00000007a0d80000)
  to   space 20480K, 0% used [0x00000007a5900000,0x00000007a5900000,0x00000007a6d00000)
 ParOldGen       total 56320K, used 25324K [0x0000000740000000, 0x0000000743700000, 0x0000000795580000)
  object space 56320K, 44% used [0x0000000740000000,0x00000007418bb328,0x0000000743700000)
 Metaspace       used 31358K, capacity 31811K, committed 32256K, reserved 1079296K
  class space    used 2589K, capacity 2715K, committed 2816K, reserved 1048576K
}
Event: 21.808 GC heap before
{Heap before GC invocations=11 (full 1):
 PSYoungGen      total 188416K, used 188395K [0x0000000795580000, 0x00000007a6d00000, 0x00000007c0000000)
  eden space 170496K, 100% used [0x0000000795580000,0x000000079fc00000,0x000000079fc00000)
  from space 17920K, 99% used [0x000000079fc00000,0x00000007a0d7ad18,0x00000007a0d80000)
  to   space 20480K, 0% used [0x00000007a5900000,0x00000007a5900000,0x00000007a6d00000)
 ParOldGen       total 56320K, used 25324K [0x0000000740000000, 0x0000000743700000, 0x0000000795580000)
  object space 56320K, 44% used [0x0000000740000000,0x00000007418bb328,0x0000000743700000)
 Metaspace       used 31619K, capacity 32067K, committed 32512K, reserved 1079296K
  class space    used 2589K, capacity 2715K, committed 2816K, reserved 1048576K
Event: 21.823 GC heap after
Heap after GC invocations=11 (full 1):
 PSYoungGen      total 258560K, used 16336K [0x0000000795580000, 0x00000007a6b00000, 0x00000007c0000000)
  eden space 240128K, 0% used [0x0000000795580000,0x0000000795580000,0x00000007a4000000)
  from space 18432K, 88% used [0x00000007a5900000,0x00000007a68f43d0,0x00000007a6b00000)
  to   space 22016K, 0% used [0x00000007a4000000,0x00000007a4000000,0x00000007a5580000)
 ParOldGen       total 56320K, used 37983K [0x0000000740000000, 0x0000000743700000, 0x0000000795580000)
  object space 56320K, 67% used [0x0000000740000000,0x0000000742517e78,0x0000000743700000)
 Metaspace       used 31619K, capacity 32067K, committed 32512K, reserved 1079296K
  class space    used 2589K, capacity 2715K, committed 2816K, reserved 1048576K
}

