# JRE version: Java(TM) SE Runtime Environment (8.0_151-b12) (build 1.8.0_151-b12)
# Java VM: Java HotSpot(TM) 64-Bit Server VM (25.151-b12 mixed mode bsd-amd64 compressed oops)
Heap:
 PSYoungGen      total 50688K, used 44694K [0x0000000795580000, 0x000000079b500000, 0x00000007c0000000)
  eden space 45568K, 86% used [0x0000000795580000,0x0000000797c2a7a0,0x0000000798200000)
  from space 5120K, 99% used [0x0000000798200000,0x00000007986fb428,0x0000000798700000)
  to   space 17408K, 0% used [0x000000079a400000,0x000000079a400000,0x000000079b500000)
 ParOldGen       total 66560K, used 31917K [0x0000000740000000, 0x0000000744100000, 0x0000000795580000)
  object space 66560K, 47% used [0x0000000740000000,0x0000000741f2b5c8,0x0000000744100000)
 Metaspace       used 30797K, capacity 31195K, committed 31408K, reserved 1077248K
  class space    used 2558K, capacity 2681K, committed 2736K, reserved 1048576K
GC Heap History (10 events):
Event: 5.651 GC heap before
{Heap before GC invocations=2 (full 0):
 PSYoungGen      total 38400K, used 28052K [0x0000000795580000, 0x0000000798000000, 0x00000007c0000000)
  eden space 33280K, 68% used [0x0000000795580000,0x0000000796be52d8,0x0000000797600000)
  from space 5120K, 99% used [0x0000000797600000,0x0000000797affd30,0x0000000797b00000)
  to   space 5120K, 0% used [0x0000000797b00000,0x0000000797b00000,0x0000000798000000)
 ParOldGen       total 87552K, used 56K [0x0000000740000000, 0x0000000745580000, 0x0000000795580000)
  object space 87552K, 0% used [0x0000000740000000,0x000000074000e010,0x0000000745580000)
 Metaspace       used 20826K, capacity 21239K, committed 21296K, reserved 1069056K
  class space    used 2177K, capacity 2324K, committed 2352K, reserved 1048576K
Event: 5.667 GC heap after
Heap after GC invocations=2 (full 0):
 PSYoungGen      total 38400K, used 5106K [0x0000000795580000, 0x0000000798000000, 0x00000007c0000000)
  eden space 33280K, 0% used [0x0000000795580000,0x0000000795580000,0x0000000797600000)
  from space 5120K, 99% used [0x0000000797b00000,0x0000000797ffc9d0,0x0000000798000000)
  to   space 5120K, 0% used [0x0000000797600000,0x0000000797600000,0x0000000797b00000)
 ParOldGen       total 87552K, used 2849K [0x0000000740000000, 0x0000000745580000, 0x0000000795580000)
  object space 87552K, 3% used [0x0000000740000000,0x00000007402c8478,0x0000000745580000)
 Metaspace       used 20826K, capacity 21239K, committed 21296K, reserved 1069056K
  class space    used 2177K, capacity 2324K, committed 2352K, reserved 1048576K
}
Event: 5.667 GC heap before
{Heap before GC invocations=3 (full 1):
 PSYoungGen      total 38400K, used 5106K [0x0000000795580000, 0x0000000798000000, 0x00000007c0000000)
  eden space 33280K, 0% used [0x0000000795580000,0x0000000795580000,0x0000000797600000)
  from space 5120K, 99% used [0x0000000797b00000,0x0000000797ffc9d0,0x0000000798000000)
  to   space 5120K, 0% used [0x0000000797600000,0x0000000797600000,0x0000000797b00000)
 ParOldGen       total 87552K, used 2849K [0x0000000740000000, 0x0000000745580000, 0x0000000795580000)
  object space 87552K, 3% used [0x0000000740000000,0x00000007402c8478,0x0000000745580000)
 Metaspace       used 20826K, capacity 21239K, committed 21296K, reserved 1069056K
  class space    used 2177K, capacity 2324K, committed 2352K, reserved 1048576K
Event: 5.730 GC heap after
Heap after GC invocations=3 (full 1):
 PSYoungGen      total 38400K, used 0K [0x0000000795580000, 0x0000000798000000, 0x00000007c0000000)
  eden space 33280K, 0% used [0x0000000795580000,0x0000000795580000,0x0000000797600000)
  from space 5120K, 0% used [0x0000000797b00000,0x0000000797b00000,0x0000000798000000)
  to   space 5120K, 0% used [0x0000000797600000,0x0000000797600000,0x0000000797b00000)
 ParOldGen       total 66560K, used 7775K [0x0000000740000000, 0x0000000744100000, 0x0000000795580000)
  object space 66560K, 11% used [0x0000000740000000,0x0000000740797d70,0x0000000744100000)
 Metaspace       used 20826K, capacity 21239K, committed 21296K, reserved 1069056K
  class space    used 2177K, capacity 2324K, committed 2352K, reserved 1048576K
}
Event: 9.315 GC heap before
{Heap before GC invocations=4 (full 1):
 PSYoungGen      total 38400K, used 33280K [0x0000000795580000, 0x0000000798000000, 0x00000007c0000000)
  eden space 33280K, 100% used [0x0000000795580000,0x0000000797600000,0x0000000797600000)
  from space 5120K, 0% used [0x0000000797b00000,0x0000000797b00000,0x0000000798000000)
  to   space 5120K, 0% used [0x0000000797600000,0x0000000797600000,0x0000000797b00000)
 ParOldGen       total 66560K, used 7775K [0x0000000740000000, 0x0000000744100000, 0x0000000795580000)
  object space 66560K, 11% used [0x0000000740000000,0x0000000740797d70,0x0000000744100000)
 Metaspace       used 23294K, capacity 23753K, committed 24112K, reserved 1071104K
  class space    used 2395K, capacity 2519K, committed 2608K, reserved 1048576K
Event: 9.342 GC heap after
Heap after GC invocations=4 (full 1):
 PSYoungGen      total 38400K, used 5090K [0x0000000795580000, 0x0000000798c00000, 0x00000007c0000000)
  eden space 33280K, 0% used [0x0000000795580000,0x0000000795580000,0x0000000797600000)
  from space 5120K, 99% used [0x0000000797600000,0x0000000797af8a90,0x0000000797b00000)
  to   space 5120K, 0% used [0x0000000798700000,0x0000000798700000,0x0000000798c00000)
 ParOldGen       total 66560K, used 20426K [0x0000000740000000, 0x0000000744100000, 0x0000000795580000)
  object space 66560K, 30% used [0x0000000740000000,0x00000007413f2840,0x0000000744100000)
 Metaspace       used 23294K, capacity 23753K, committed 24112K, reserved 1071104K
  class space    used 2395K, capacity 2519K, committed 2608K, reserved 1048576K
}
Event: 10.423 GC heap before
{Heap before GC invocations=5 (full 1):
 PSYoungGen      total 38400K, used 38370K [0x0000000795580000, 0x0000000798c00000, 0x00000007c0000000)
  eden space 33280K, 100% used [0x0000000795580000,0x0000000797600000,0x0000000797600000)
  from space 5120K, 99% used [0x0000000797600000,0x0000000797af8a90,0x0000000797b00000)
  to   space 5120K, 0% used [0x0000000798700000,0x0000000798700000,0x0000000798c00000)
 ParOldGen       total 66560K, used 20426K [0x0000000740000000, 0x0000000744100000, 0x0000000795580000)
  object space 66560K, 30% used [0x0000000740000000,0x00000007413f2840,0x0000000744100000)
 Metaspace       used 29013K, capacity 29480K, committed 29744K, reserved 1077248K
  class space    used 2450K, capacity 2584K, committed 2608K, reserved 1048576K
Event: 10.435 GC heap after
Heap after GC invocations=5 (full 1):
 PSYoungGen      total 50688K, used 5088K [0x0000000795580000, 0x0000000798d00000, 0x00000007c0000000)
  eden space 45568K, 0% used [0x0000000795580000,0x0000000795580000,0x0000000798200000)
  from space 5120K, 99% used [0x0000000798700000,0x0000000798bf8150,0x0000000798c00000)
  to   space 5120K, 0% used [0x0000000798200000,0x0000000798200000,0x0000000798700000)
 ParOldGen       total 66560K, used 24723K [0x0000000740000000, 0x0000000744100000, 0x0000000795580000)
  object space 66560K, 37% used [0x0000000740000000,0x0000000741824c38,0x0000000744100000)
 Metaspace       used 29013K, capacity 29480K, committed 29744K, reserved 1077248K
  class space    used 2450K, capacity 2584K, committed 2608K, reserved 1048576K
}
Event: 13.979 GC heap before
{Heap before GC invocations=6 (full 1):
 PSYoungGen      total 50688K, used 50656K [0x0000000795580000, 0x0000000798d00000, 0x00000007c0000000)
  eden space 45568K, 100% used [0x0000000795580000,0x0000000798200000,0x0000000798200000)
  from space 5120K, 99% used [0x0000000798700000,0x0000000798bf8150,0x0000000798c00000)
  to   space 5120K, 0% used [0x0000000798200000,0x0000000798200000,0x0000000798700000)
 ParOldGen       total 66560K, used 24723K [0x0000000740000000, 0x0000000744100000, 0x0000000795580000)
  object space 66560K, 37% used [0x0000000740000000,0x0000000741824c38,0x0000000744100000)
 Metaspace       used 30601K, capacity 31003K, committed 31408K, reserved 1077248K
  class space    used 2551K, capacity 2681K, committed 2736K, reserved 1048576K
Event: 13.997 GC heap after
Heap after GC invocations=6 (full 1):
 PSYoungGen      total 50688K, used 5101K [0x0000000795580000, 0x000000079b500000, 0x00000007c0000000)
  eden space 45568K, 0% used [0x0000000795580000,0x0000000795580000,0x0000000798200000)
  from space 5120K, 99% used [0x0000000798200000,0x00000007986fb428,0x0000000798700000)
  to   space 17408K, 0% used [0x000000079a400000,0x000000079a400000,0x000000079b500000)
 ParOldGen       total 66560K, used 31917K [0x0000000740000000, 0x0000000744100000, 0x0000000795580000)
  object space 66560K, 47% used [0x0000000740000000,0x0000000741f2b5c8,0x0000000744100000)
 Metaspace       used 30601K, capacity 31003K, committed 31408K, reserved 1077248K
  class space    used 2551K, capacity 2681K, committed 2736K, reserved 1048576K
}

