# JRE version: Java(TM) SE Runtime Environment (8.0_151-b12) (build 1.8.0_151-b12)
# Java VM: Java HotSpot(TM) 64-Bit Server VM (25.151-b12 mixed mode bsd-amd64 compressed oops)
Heap:
 PSYoungGen      total 83968K, used 24948K [0x0000000795580000, 0x000000079ba00000, 0x00000007c0000000)
  eden space 68096K, 26% used [0x0000000795580000,0x0000000796735bd0,0x0000000799800000)
  from space 15872K, 42% used [0x000000079aa80000,0x000000079b127590,0x000000079ba00000)
  to   space 17408K, 0% used [0x0000000799800000,0x0000000799800000,0x000000079a900000)
 ParOldGen       total 66048K, used 32634K [0x0000000740000000, 0x0000000744080000, 0x0000000795580000)
  object space 66048K, 49% used [0x0000000740000000,0x0000000741fdeae0,0x0000000744080000)
 Metaspace       used 30862K, capacity 31307K, committed 31664K, reserved 1079296K
  class space    used 2559K, capacity 2681K, committed 2736K, reserved 1048576K
GC Heap History (10 events):
Event: 5.181 GC heap before
{Heap before GC invocations=3 (full 1):
 PSYoungGen      total 38400K, used 5104K [0x0000000795580000, 0x0000000798000000, 0x00000007c0000000)
  eden space 33280K, 0% used [0x0000000795580000,0x0000000795580000,0x0000000797600000)
  from space 5120K, 99% used [0x0000000797b00000,0x0000000797ffc070,0x0000000798000000)
  to   space 5120K, 0% used [0x0000000797600000,0x0000000797600000,0x0000000797b00000)
 ParOldGen       total 87552K, used 2888K [0x0000000740000000, 0x0000000745580000, 0x0000000795580000)
  object space 87552K, 3% used [0x0000000740000000,0x00000007402d2380,0x0000000745580000)
 Metaspace       used 20809K, capacity 21223K, committed 21296K, reserved 1069056K
  class space    used 2177K, capacity 2324K, committed 2352K, reserved 1048576K
Event: 5.235 GC heap after
Heap after GC invocations=3 (full 1):
 PSYoungGen      total 38400K, used 0K [0x0000000795580000, 0x0000000798000000, 0x00000007c0000000)
  eden space 33280K, 0% used [0x0000000795580000,0x0000000795580000,0x0000000797600000)
  from space 5120K, 0% used [0x0000000797b00000,0x0000000797b00000,0x0000000798000000)
  to   space 5120K, 0% used [0x0000000797600000,0x0000000797600000,0x0000000797b00000)
 ParOldGen       total 66048K, used 7770K [0x0000000740000000, 0x0000000744080000, 0x0000000795580000)
  object space 66048K, 11% used [0x0000000740000000,0x0000000740796ba8,0x0000000744080000)
 Metaspace       used 20809K, capacity 21223K, committed 21296K, reserved 1069056K
  class space    used 2177K, capacity 2324K, committed 2352K, reserved 1048576K
}
Event: 6.727 GC heap before
{Heap before GC invocations=4 (full 1):
 PSYoungGen      total 38400K, used 33280K [0x0000000795580000, 0x0000000798000000, 0x00000007c0000000)
  eden space 33280K, 100% used [0x0000000795580000,0x0000000797600000,0x0000000797600000)
  from space 5120K, 0% used [0x0000000797b00000,0x0000000797b00000,0x0000000798000000)
  to   space 5120K, 0% used [0x0000000797600000,0x0000000797600000,0x0000000797b00000)
 ParOldGen       total 66048K, used 7770K [0x0000000740000000, 0x0000000744080000, 0x0000000795580000)
  object space 66048K, 11% used [0x0000000740000000,0x0000000740796ba8,0x0000000744080000)
 Metaspace       used 23234K, capacity 23673K, committed 23856K, reserved 1071104K
  class space    used 2394K, capacity 2519K, committed 2608K, reserved 1048576K
Event: 6.752 GC heap after
Heap after GC invocations=4 (full 1):
 PSYoungGen      total 38400K, used 5109K [0x0000000795580000, 0x0000000798f80000, 0x00000007c0000000)
  eden space 33280K, 0% used [0x0000000795580000,0x0000000795580000,0x0000000797600000)
  from space 5120K, 99% used [0x0000000797600000,0x0000000797afd578,0x0000000797b00000)
  to   space 5120K, 0% used [0x0000000798a80000,0x0000000798a80000,0x0000000798f80000)
 ParOldGen       total 66048K, used 20150K [0x0000000740000000, 0x0000000744080000, 0x0000000795580000)
  object space 66048K, 30% used [0x0000000740000000,0x00000007413adbf8,0x0000000744080000)
 Metaspace       used 23234K, capacity 23673K, committed 23856K, reserved 1071104K
  class space    used 2394K, capacity 2519K, committed 2608K, reserved 1048576K
}
Event: 7.714 GC heap before
{Heap before GC invocations=5 (full 1):
 PSYoungGen      total 38400K, used 38389K [0x0000000795580000, 0x0000000798f80000, 0x00000007c0000000)
  eden space 33280K, 100% used [0x0000000795580000,0x0000000797600000,0x0000000797600000)
  from space 5120K, 99% used [0x0000000797600000,0x0000000797afd578,0x0000000797b00000)
  to   space 5120K, 0% used [0x0000000798a80000,0x0000000798a80000,0x0000000798f80000)
 ParOldGen       total 66048K, used 20150K [0x0000000740000000, 0x0000000744080000, 0x0000000795580000)
  object space 66048K, 30% used [0x0000000740000000,0x00000007413adbf8,0x0000000744080000)
 Metaspace       used 28947K, capacity 29400K, committed 29744K, reserved 1077248K
  class space    used 2451K, capacity 2584K, committed 2608K, reserved 1048576K
Event: 7.721 GC heap after
Heap after GC invocations=5 (full 1):
 PSYoungGen      total 53760K, used 5113K [0x0000000795580000, 0x0000000798f80000, 0x00000007c0000000)
  eden space 48640K, 0% used [0x0000000795580000,0x0000000795580000,0x0000000798500000)
  from space 5120K, 99% used [0x0000000798a80000,0x0000000798f7e620,0x0000000798f80000)
  to   space 5120K, 0% used [0x0000000798580000,0x0000000798580000,0x0000000798a80000)
 ParOldGen       total 66048K, used 24989K [0x0000000740000000, 0x0000000744080000, 0x0000000795580000)
  object space 66048K, 37% used [0x0000000740000000,0x0000000741867638,0x0000000744080000)
 Metaspace       used 28947K, capacity 29400K, committed 29744K, reserved 1077248K
  class space    used 2451K, capacity 2584K, committed 2608K, reserved 1048576K
}
Event: 11.397 GC heap before
{Heap before GC invocations=6 (full 1):
 PSYoungGen      total 53760K, used 53753K [0x0000000795580000, 0x0000000798f80000, 0x00000007c0000000)
  eden space 48640K, 100% used [0x0000000795580000,0x0000000798500000,0x0000000798500000)
  from space 5120K, 99% used [0x0000000798a80000,0x0000000798f7e620,0x0000000798f80000)
  to   space 5120K, 0% used [0x0000000798580000,0x0000000798580000,0x0000000798a80000)
 ParOldGen       total 66048K, used 24989K [0x0000000740000000, 0x0000000744080000, 0x0000000795580000)
  object space 66048K, 37% used [0x0000000740000000,0x0000000741867638,0x0000000744080000)
 Metaspace       used 30550K, capacity 30987K, committed 31408K, reserved 1077248K
  class space    used 2551K, capacity 2681K, committed 2736K, reserved 1048576K
Event: 11.415 GC heap after
Heap after GC invocations=6 (full 1):
 PSYoungGen      total 54272K, used 5117K [0x0000000795580000, 0x000000079bb80000, 0x00000007c0000000)
  eden space 49152K, 0% used [0x0000000795580000,0x0000000795580000,0x0000000798580000)
  from space 5120K, 99% used [0x0000000798580000,0x0000000798a7f530,0x0000000798a80000)
  to   space 17408K, 0% used [0x000000079aa80000,0x000000079aa80000,0x000000079bb80000)
 ParOldGen       total 66048K, used 32626K [0x0000000740000000, 0x0000000744080000, 0x0000000795580000)
  object space 66048K, 49% used [0x0000000740000000,0x0000000741fdcae0,0x0000000744080000)
 Metaspace       used 30550K, capacity 30987K, committed 31408K, reserved 1077248K
  class space    used 2551K, capacity 2681K, committed 2736K, reserved 1048576K
}
Event: 16.248 GC heap before
{Heap before GC invocations=7 (full 1):
 PSYoungGen      total 54272K, used 54269K [0x0000000795580000, 0x000000079bb80000, 0x00000007c0000000)
  eden space 49152K, 100% used [0x0000000795580000,0x0000000798580000,0x0000000798580000)
  from space 5120K, 99% used [0x0000000798580000,0x0000000798a7f530,0x0000000798a80000)
  to   space 17408K, 0% used [0x000000079aa80000,0x000000079aa80000,0x000000079bb80000)
 ParOldGen       total 66048K, used 32626K [0x0000000740000000, 0x0000000744080000, 0x0000000795580000)
  object space 66048K, 49% used [0x0000000740000000,0x0000000741fdcae0,0x0000000744080000)
 Metaspace       used 30806K, capacity 31243K, committed 31664K, reserved 1079296K
  class space    used 2551K, capacity 2681K, committed 2736K, reserved 1048576K
Event: 16.258 GC heap after
Heap after GC invocations=7 (full 1):
 PSYoungGen      total 83968K, used 6813K [0x0000000795580000, 0x000000079ba00000, 0x00000007c0000000)
  eden space 68096K, 0% used [0x0000000795580000,0x0000000795580000,0x0000000799800000)
  from space 15872K, 42% used [0x000000079aa80000,0x000000079b127590,0x000000079ba00000)
  to   space 17408K, 0% used [0x0000000799800000,0x0000000799800000,0x000000079a900000)
 ParOldGen       total 66048K, used 32634K [0x0000000740000000, 0x0000000744080000, 0x0000000795580000)
  object space 66048K, 49% used [0x0000000740000000,0x0000000741fdeae0,0x0000000744080000)
 Metaspace       used 30806K, capacity 31243K, committed 31664K, reserved 1079296K
  class space    used 2551K, capacity 2681K, committed 2736K, reserved 1048576K
}

