# JRE version: Java(TM) SE Runtime Environment (8.0_151-b12) (build 1.8.0_151-b12)
# Java VM: Java HotSpot(TM) 64-Bit Server VM (25.151-b12 mixed mode bsd-amd64 compressed oops)
Heap:
 PSYoungGen      total 67584K, used 37137K [0x0000000795580000, 0x000000079d680000, 0x00000007c0000000)
  eden space 62464K, 51% used [0x0000000795580000,0x00000007974c4698,0x0000000799280000)
  from space 5120K, 99% used [0x0000000799280000,0x000000079977fd98,0x0000000799780000)
  to   space 16384K, 0% used [0x000000079c680000,0x000000079c680000,0x000000079d680000)
 ParOldGen       total 67072K, used 22860K [0x0000000740000000, 0x0000000744180000, 0x0000000795580000)
  object space 67072K, 34% used [0x0000000740000000,0x0000000741653288,0x0000000744180000)
 Metaspace       used 27505K, capacity 27839K, committed 28288K, reserved 1075200K
  class space    used 2209K, capacity 2341K, committed 2432K, reserved 1048576K
GC Heap History (10 events):
Event: 6.754 GC heap before
{Heap before GC invocations=2 (full 0):
 PSYoungGen      total 38400K, used 38394K [0x0000000795580000, 0x0000000798000000, 0x00000007c0000000)
  eden space 33280K, 100% used [0x0000000795580000,0x0000000797600000,0x0000000797600000)
  from space 5120K, 99% used [0x0000000797600000,0x0000000797afe980,0x0000000797b00000)
  to   space 5120K, 0% used [0x0000000797b00000,0x0000000797b00000,0x0000000798000000)
 ParOldGen       total 87552K, used 40K [0x0000000740000000, 0x0000000745580000, 0x0000000795580000)
  object space 87552K, 0% used [0x0000000740000000,0x000000074000a010,0x0000000745580000)
 Metaspace       used 19747K, capacity 20045K, committed 20352K, reserved 1067008K
  class space    used 2030K, capacity 2147K, committed 2176K, reserved 1048576K
Event: 6.775 GC heap after
Heap after GC invocations=2 (full 0):
 PSYoungGen      total 38400K, used 5101K [0x0000000795580000, 0x0000000798000000, 0x00000007c0000000)
  eden space 33280K, 0% used [0x0000000795580000,0x0000000795580000,0x0000000797600000)
  from space 5120K, 99% used [0x0000000797b00000,0x0000000797ffb470,0x0000000798000000)
  to   space 5120K, 0% used [0x0000000797600000,0x0000000797600000,0x0000000797b00000)
 ParOldGen       total 87552K, used 7834K [0x0000000740000000, 0x0000000745580000, 0x0000000795580000)
  object space 87552K, 8% used [0x0000000740000000,0x00000007407a6bc8,0x0000000745580000)
 Metaspace       used 19747K, capacity 20045K, committed 20352K, reserved 1067008K
  class space    used 2030K, capacity 2147K, committed 2176K, reserved 1048576K
}
Event: 6.889 GC heap before
{Heap before GC invocations=3 (full 0):
 PSYoungGen      total 38400K, used 19621K [0x0000000795580000, 0x0000000798000000, 0x00000007c0000000)
  eden space 33280K, 43% used [0x0000000795580000,0x00000007963ae110,0x0000000797600000)
  from space 5120K, 99% used [0x0000000797b00000,0x0000000797ffb470,0x0000000798000000)
  to   space 5120K, 0% used [0x0000000797600000,0x0000000797600000,0x0000000797b00000)
 ParOldGen       total 87552K, used 7834K [0x0000000740000000, 0x0000000745580000, 0x0000000795580000)
  object space 87552K, 8% used [0x0000000740000000,0x00000007407a6bc8,0x0000000745580000)
 Metaspace       used 20782K, capacity 21090K, committed 21296K, reserved 1069056K
  class space    used 2041K, capacity 2147K, committed 2176K, reserved 1048576K
Event: 6.908 GC heap after
Heap after GC invocations=3 (full 0):
 PSYoungGen      total 38400K, used 5117K [0x0000000795580000, 0x000000079a080000, 0x00000007c0000000)
  eden space 33280K, 0% used [0x0000000795580000,0x0000000795580000,0x0000000797600000)
  from space 5120K, 99% used [0x0000000797600000,0x0000000797aff4a0,0x0000000797b00000)
  to   space 5120K, 0% used [0x0000000799b80000,0x0000000799b80000,0x000000079a080000)
 ParOldGen       total 87552K, used 12619K [0x0000000740000000, 0x0000000745580000, 0x0000000795580000)
  object space 87552K, 14% used [0x0000000740000000,0x0000000740c52e68,0x0000000745580000)
 Metaspace       used 20782K, capacity 21090K, committed 21296K, reserved 1069056K
  class space    used 2041K, capacity 2147K, committed 2176K, reserved 1048576K
}
Event: 6.908 GC heap before
{Heap before GC invocations=4 (full 1):
 PSYoungGen      total 38400K, used 5117K [0x0000000795580000, 0x000000079a080000, 0x00000007c0000000)
  eden space 33280K, 0% used [0x0000000795580000,0x0000000795580000,0x0000000797600000)
  from space 5120K, 99% used [0x0000000797600000,0x0000000797aff4a0,0x0000000797b00000)
  to   space 5120K, 0% used [0x0000000799b80000,0x0000000799b80000,0x000000079a080000)
 ParOldGen       total 87552K, used 12619K [0x0000000740000000, 0x0000000745580000, 0x0000000795580000)
  object space 87552K, 14% used [0x0000000740000000,0x0000000740c52e68,0x0000000745580000)
 Metaspace       used 20782K, capacity 21090K, committed 21296K, reserved 1069056K
  class space    used 2041K, capacity 2147K, committed 2176K, reserved 1048576K
Event: 7.000 GC heap after
Heap after GC invocations=4 (full 1):
 PSYoungGen      total 38400K, used 0K [0x0000000795580000, 0x000000079a080000, 0x00000007c0000000)
  eden space 33280K, 0% used [0x0000000795580000,0x0000000795580000,0x0000000797600000)
  from space 5120K, 0% used [0x0000000797600000,0x0000000797600000,0x0000000797b00000)
  to   space 5120K, 0% used [0x0000000799b80000,0x0000000799b80000,0x000000079a080000)
 ParOldGen       total 67072K, used 17532K [0x0000000740000000, 0x0000000744180000, 0x0000000795580000)
  object space 67072K, 26% used [0x0000000740000000,0x000000074111f368,0x0000000744180000)
 Metaspace       used 20782K, capacity 21090K, committed 21296K, reserved 1069056K
  class space    used 2041K, capacity 2147K, committed 2176K, reserved 1048576K
}
Event: 9.887 GC heap before
{Heap before GC invocations=5 (full 1):
 PSYoungGen      total 38400K, used 33280K [0x0000000795580000, 0x000000079a080000, 0x00000007c0000000)
  eden space 33280K, 100% used [0x0000000795580000,0x0000000797600000,0x0000000797600000)
  from space 5120K, 0% used [0x0000000797600000,0x0000000797600000,0x0000000797b00000)
  to   space 5120K, 0% used [0x0000000799b80000,0x0000000799b80000,0x000000079a080000)
 ParOldGen       total 67072K, used 17532K [0x0000000740000000, 0x0000000744180000, 0x0000000795580000)
  object space 67072K, 26% used [0x0000000740000000,0x000000074111f368,0x0000000744180000)
 Metaspace       used 25779K, capacity 26128K, committed 26624K, reserved 1073152K
  class space    used 2094K, capacity 2212K, committed 2304K, reserved 1048576K
Event: 9.889 GC heap after
Heap after GC invocations=5 (full 1):
 PSYoungGen      total 59392K, used 804K [0x0000000795580000, 0x0000000799c80000, 0x00000007c0000000)
  eden space 58368K, 0% used [0x0000000795580000,0x0000000795580000,0x0000000798e80000)
  from space 1024K, 78% used [0x0000000799b80000,0x0000000799c493b0,0x0000000799c80000)
  to   space 5120K, 0% used [0x0000000799280000,0x0000000799280000,0x0000000799780000)
 ParOldGen       total 67072K, used 17540K [0x0000000740000000, 0x0000000744180000, 0x0000000795580000)
  object space 67072K, 26% used [0x0000000740000000,0x0000000741121368,0x0000000744180000)
 Metaspace       used 25779K, capacity 26128K, committed 26624K, reserved 1073152K
  class space    used 2094K, capacity 2212K, committed 2304K, reserved 1048576K
}
Event: 13.194 GC heap before
{Heap before GC invocations=6 (full 1):
 PSYoungGen      total 59392K, used 59172K [0x0000000795580000, 0x0000000799c80000, 0x00000007c0000000)
  eden space 58368K, 100% used [0x0000000795580000,0x0000000798e80000,0x0000000798e80000)
  from space 1024K, 78% used [0x0000000799b80000,0x0000000799c493b0,0x0000000799c80000)
  to   space 5120K, 0% used [0x0000000799280000,0x0000000799280000,0x0000000799780000)
 ParOldGen       total 67072K, used 17540K [0x0000000740000000, 0x0000000744180000, 0x0000000795580000)
  object space 67072K, 26% used [0x0000000740000000,0x0000000741121368,0x0000000744180000)
 Metaspace       used 27337K, capacity 27743K, committed 28288K, reserved 1075200K
  class space    used 2201K, capacity 2309K, committed 2432K, reserved 1048576K
Event: 13.210 GC heap after
Heap after GC invocations=6 (full 1):
 PSYoungGen      total 67584K, used 5119K [0x0000000795580000, 0x000000079d680000, 0x00000007c0000000)
  eden space 62464K, 0% used [0x0000000795580000,0x0000000795580000,0x0000000799280000)
  from space 5120K, 99% used [0x0000000799280000,0x000000079977fd98,0x0000000799780000)
  to   space 16384K, 0% used [0x000000079c680000,0x000000079c680000,0x000000079d680000)
 ParOldGen       total 67072K, used 22860K [0x0000000740000000, 0x0000000744180000, 0x0000000795580000)
  object space 67072K, 34% used [0x0000000740000000,0x0000000741653288,0x0000000744180000)
 Metaspace       used 27337K, capacity 27743K, committed 28288K, reserved 1075200K
  class space    used 2201K, capacity 2309K, committed 2432K, reserved 1048576K
}

