# JRE version: Java(TM) SE Runtime Environment (8.0_151-b12) (build 1.8.0_151-b12)
# Java VM: Java HotSpot(TM) 64-Bit Server VM (25.151-b12 mixed mode bsd-amd64 compressed oops)
Heap:
 PSYoungGen      total 172544K, used 40219K [0x0000000795580000, 0x00000007a3c00000, 0x00000007c0000000)
  eden space 154624K, 23% used [0x0000000795580000,0x000000079791ec78,0x000000079ec80000)
  from space 17920K, 20% used [0x000000079ec80000,0x000000079f0280d0,0x000000079fe00000)
  to   space 18432K, 0% used [0x00000007a2a00000,0x00000007a2a00000,0x00000007a3c00000)
 ParOldGen       total 52736K, used 36270K [0x0000000740000000, 0x0000000743380000, 0x0000000795580000)
  object space 52736K, 68% used [0x0000000740000000,0x000000074236b870,0x0000000743380000)
 Metaspace       used 31197K, capacity 31679K, committed 32000K, reserved 1079296K
  class space    used 2580K, capacity 2715K, committed 2816K, reserved 1048576K
GC Heap History (10 events):
Event: 8.375 GC heap before
{Heap before GC invocations=6 (full 1):
 PSYoungGen      total 63488K, used 63242K [0x0000000795580000, 0x000000079a080000, 0x00000007c0000000)
  eden space 58368K, 99% used [0x0000000795580000,0x0000000798e44358,0x0000000798e80000)
  from space 5120K, 99% used [0x0000000799b80000,0x000000079a07e790,0x000000079a080000)
  to   space 5120K, 0% used [0x0000000799680000,0x0000000799680000,0x0000000799b80000)
 ParOldGen       total 52736K, used 17477K [0x0000000740000000, 0x0000000743380000, 0x0000000795580000)
  object space 52736K, 33% used [0x0000000740000000,0x0000000741111628,0x0000000743380000)
 Metaspace       used 29465K, capacity 29942K, committed 30336K, reserved 1077248K
  class space    used 2495K, capacity 2619K, committed 2688K, reserved 1048576K
Event: 8.390 GC heap after
Heap after GC invocations=6 (full 1):
 PSYoungGen      total 71680K, used 5103K [0x0000000795580000, 0x000000079da00000, 0x00000007c0000000)
  eden space 66560K, 0% used [0x0000000795580000,0x0000000795580000,0x0000000799680000)
  from space 5120K, 99% used [0x0000000799680000,0x0000000799b7bee0,0x0000000799b80000)
  to   space 17920K, 0% used [0x000000079c880000,0x000000079c880000,0x000000079da00000)
 ParOldGen       total 52736K, used 26432K [0x0000000740000000, 0x0000000743380000, 0x0000000795580000)
  object space 52736K, 50% used [0x0000000740000000,0x00000007419d0228,0x0000000743380000)
 Metaspace       used 29465K, capacity 29942K, committed 30336K, reserved 1077248K
  class space    used 2495K, capacity 2619K, committed 2688K, reserved 1048576K
}
Event: 10.705 GC heap before
{Heap before GC invocations=7 (full 1):
 PSYoungGen      total 71680K, used 71663K [0x0000000795580000, 0x000000079da00000, 0x00000007c0000000)
  eden space 66560K, 100% used [0x0000000795580000,0x0000000799680000,0x0000000799680000)
  from space 5120K, 99% used [0x0000000799680000,0x0000000799b7bee0,0x0000000799b80000)
  to   space 17920K, 0% used [0x000000079c880000,0x000000079c880000,0x000000079da00000)
 ParOldGen       total 52736K, used 26432K [0x0000000740000000, 0x0000000743380000, 0x0000000795580000)
  object space 52736K, 50% used [0x0000000740000000,0x00000007419d0228,0x0000000743380000)
 Metaspace       used 30688K, capacity 31167K, committed 31488K, reserved 1077248K
  class space    used 2573K, capacity 2715K, committed 2816K, reserved 1048576K
Event: 10.716 GC heap after
Heap after GC invocations=7 (full 1):
 PSYoungGen      total 118272K, used 11041K [0x0000000795580000, 0x000000079e300000, 0x00000007c0000000)
  eden space 100352K, 0% used [0x0000000795580000,0x0000000795580000,0x000000079b780000)
  from space 17920K, 61% used [0x000000079c880000,0x000000079d348548,0x000000079da00000)
  to   space 17408K, 0% used [0x000000079b780000,0x000000079b780000,0x000000079c880000)
 ParOldGen       total 52736K, used 26440K [0x0000000740000000, 0x0000000743380000, 0x0000000795580000)
  object space 52736K, 50% used [0x0000000740000000,0x00000007419d2228,0x0000000743380000)
 Metaspace       used 30688K, capacity 31167K, committed 31488K, reserved 1077248K
  class space    used 2573K, capacity 2715K, committed 2816K, reserved 1048576K
}
Event: 14.242 GC heap before
{Heap before GC invocations=8 (full 1):
 PSYoungGen      total 118272K, used 111393K [0x0000000795580000, 0x000000079e300000, 0x00000007c0000000)
  eden space 100352K, 100% used [0x0000000795580000,0x000000079b780000,0x000000079b780000)
  from space 17920K, 61% used [0x000000079c880000,0x000000079d348548,0x000000079da00000)
  to   space 17408K, 0% used [0x000000079b780000,0x000000079b780000,0x000000079c880000)
 ParOldGen       total 52736K, used 26440K [0x0000000740000000, 0x0000000743380000, 0x0000000795580000)
  object space 52736K, 50% used [0x0000000740000000,0x00000007419d2228,0x0000000743380000)
 Metaspace       used 30923K, capacity 31359K, committed 31744K, reserved 1079296K
  class space    used 2573K, capacity 2715K, committed 2816K, reserved 1048576K
Event: 14.253 GC heap after
Heap after GC invocations=8 (full 1):
 PSYoungGen      total 117760K, used 13633K [0x0000000795580000, 0x00000007a1600000, 0x00000007c0000000)
  eden space 100352K, 0% used [0x0000000795580000,0x0000000795580000,0x000000079b780000)
  from space 17408K, 78% used [0x000000079b780000,0x000000079c4d05d8,0x000000079c880000)
  to   space 18432K, 0% used [0x00000007a0400000,0x00000007a0400000,0x00000007a1600000)
 ParOldGen       total 52736K, used 26448K [0x0000000740000000, 0x0000000743380000, 0x0000000795580000)
  object space 52736K, 50% used [0x0000000740000000,0x00000007419d4228,0x0000000743380000)
 Metaspace       used 30923K, capacity 31359K, committed 31744K, reserved 1079296K
  class space    used 2573K, capacity 2715K, committed 2816K, reserved 1048576K
}
Event: 18.596 GC heap before
{Heap before GC invocations=9 (full 1):
 PSYoungGen      total 117760K, used 113985K [0x0000000795580000, 0x00000007a1600000, 0x00000007c0000000)
  eden space 100352K, 100% used [0x0000000795580000,0x000000079b780000,0x000000079b780000)
  from space 17408K, 78% used [0x000000079b780000,0x000000079c4d05d8,0x000000079c880000)
  to   space 18432K, 0% used [0x00000007a0400000,0x00000007a0400000,0x00000007a1600000)
 ParOldGen       total 52736K, used 26448K [0x0000000740000000, 0x0000000743380000, 0x0000000795580000)
  object space 52736K, 50% used [0x0000000740000000,0x00000007419d4228,0x0000000743380000)
 Metaspace       used 31077K, capacity 31551K, committed 32000K, reserved 1079296K
  class space    used 2574K, capacity 2715K, committed 2816K, reserved 1048576K
Event: 18.606 GC heap after
Heap after GC invocations=9 (full 1):
 PSYoungGen      total 166400K, used 11012K [0x0000000795580000, 0x00000007a0f80000, 0x00000007c0000000)
  eden space 154624K, 0% used [0x0000000795580000,0x0000000795580000,0x000000079ec80000)
  from space 11776K, 93% used [0x00000007a0400000,0x00000007a0ec1208,0x00000007a0f80000)
  to   space 17920K, 0% used [0x000000079ec80000,0x000000079ec80000,0x000000079fe00000)
 ParOldGen       total 52736K, used 29081K [0x0000000740000000, 0x0000000743380000, 0x0000000795580000)
  object space 52736K, 55% used [0x0000000740000000,0x0000000741c666d0,0x0000000743380000)
 Metaspace       used 31077K, capacity 31551K, committed 32000K, reserved 1079296K
  class space    used 2574K, capacity 2715K, committed 2816K, reserved 1048576K
}
Event: 25.509 GC heap before
{Heap before GC invocations=10 (full 1):
 PSYoungGen      total 166400K, used 165636K [0x0000000795580000, 0x00000007a0f80000, 0x00000007c0000000)
  eden space 154624K, 100% used [0x0000000795580000,0x000000079ec80000,0x000000079ec80000)
  from space 11776K, 93% used [0x00000007a0400000,0x00000007a0ec1208,0x00000007a0f80000)
  to   space 17920K, 0% used [0x000000079ec80000,0x000000079ec80000,0x000000079fe00000)
 ParOldGen       total 52736K, used 29081K [0x0000000740000000, 0x0000000743380000, 0x0000000795580000)
  object space 52736K, 55% used [0x0000000740000000,0x0000000741c666d0,0x0000000743380000)
 Metaspace       used 31151K, capacity 31615K, committed 32000K, reserved 1079296K
  class space    used 2574K, capacity 2715K, committed 2816K, reserved 1048576K
Event: 25.520 GC heap after
Heap after GC invocations=10 (full 1):
 PSYoungGen      total 172544K, used 3744K [0x0000000795580000, 0x00000007a3c00000, 0x00000007c0000000)
  eden space 154624K, 0% used [0x0000000795580000,0x0000000795580000,0x000000079ec80000)
  from space 17920K, 20% used [0x000000079ec80000,0x000000079f0280d0,0x000000079fe00000)
  to   space 18432K, 0% used [0x00000007a2a00000,0x00000007a2a00000,0x00000007a3c00000)
 ParOldGen       total 52736K, used 36270K [0x0000000740000000, 0x0000000743380000, 0x0000000795580000)
  object space 52736K, 68% used [0x0000000740000000,0x000000074236b870,0x0000000743380000)
 Metaspace       used 31151K, capacity 31615K, committed 32000K, reserved 1079296K
  class space    used 2574K, capacity 2715K, committed 2816K, reserved 1048576K
}

