# JRE version: Java(TM) SE Runtime Environment (8.0_151-b12) (build 1.8.0_151-b12)
# Java VM: Java HotSpot(TM) 64-Bit Server VM (25.151-b12 mixed mode bsd-amd64 compressed oops)
Heap:
 PSYoungGen      total 52224K, used 34692K [0x0000000795580000, 0x000000079ba00000, 0x00000007c0000000)
  eden space 47104K, 62% used [0x0000000795580000,0x0000000797269210,0x0000000798380000)
  from space 5120K, 99% used [0x0000000798380000,0x00000007988780a0,0x0000000798880000)
  to   space 17408K, 0% used [0x000000079a900000,0x000000079a900000,0x000000079ba00000)
 ParOldGen       total 65536K, used 32258K [0x0000000740000000, 0x0000000744000000, 0x0000000795580000)
  object space 65536K, 49% used [0x0000000740000000,0x0000000741f80a50,0x0000000744000000)
 Metaspace       used 30853K, capacity 31259K, committed 31664K, reserved 1079296K
  class space    used 2565K, capacity 2681K, committed 2736K, reserved 1048576K
GC Heap History (10 events):
Event: 5.348 GC heap before
{Heap before GC invocations=2 (full 0):
 PSYoungGen      total 38400K, used 28137K [0x0000000795580000, 0x0000000798000000, 0x00000007c0000000)
  eden space 33280K, 69% used [0x0000000795580000,0x0000000796bfc7f8,0x0000000797600000)
  from space 5120K, 99% used [0x0000000797600000,0x0000000797afdee8,0x0000000797b00000)
  to   space 5120K, 0% used [0x0000000797b00000,0x0000000797b00000,0x0000000798000000)
 ParOldGen       total 87552K, used 70K [0x0000000740000000, 0x0000000745580000, 0x0000000795580000)
  object space 87552K, 0% used [0x0000000740000000,0x0000000740011960,0x0000000745580000)
 Metaspace       used 20826K, capacity 21243K, committed 21296K, reserved 1069056K
  class space    used 2173K, capacity 2324K, committed 2352K, reserved 1048576K
Event: 5.361 GC heap after
Heap after GC invocations=2 (full 0):
 PSYoungGen      total 38400K, used 5115K [0x0000000795580000, 0x0000000798000000, 0x00000007c0000000)
  eden space 33280K, 0% used [0x0000000795580000,0x0000000795580000,0x0000000797600000)
  from space 5120K, 99% used [0x0000000797b00000,0x0000000797ffed60,0x0000000798000000)
  to   space 5120K, 0% used [0x0000000797600000,0x0000000797600000,0x0000000797b00000)
 ParOldGen       total 87552K, used 2852K [0x0000000740000000, 0x0000000745580000, 0x0000000795580000)
  object space 87552K, 3% used [0x0000000740000000,0x00000007402c9048,0x0000000745580000)
 Metaspace       used 20826K, capacity 21243K, committed 21296K, reserved 1069056K
  class space    used 2173K, capacity 2324K, committed 2352K, reserved 1048576K
}
Event: 5.361 GC heap before
{Heap before GC invocations=3 (full 1):
 PSYoungGen      total 38400K, used 5115K [0x0000000795580000, 0x0000000798000000, 0x00000007c0000000)
  eden space 33280K, 0% used [0x0000000795580000,0x0000000795580000,0x0000000797600000)
  from space 5120K, 99% used [0x0000000797b00000,0x0000000797ffed60,0x0000000798000000)
  to   space 5120K, 0% used [0x0000000797600000,0x0000000797600000,0x0000000797b00000)
 ParOldGen       total 87552K, used 2852K [0x0000000740000000, 0x0000000745580000, 0x0000000795580000)
  object space 87552K, 3% used [0x0000000740000000,0x00000007402c9048,0x0000000745580000)
 Metaspace       used 20826K, capacity 21243K, committed 21296K, reserved 1069056K
  class space    used 2173K, capacity 2324K, committed 2352K, reserved 1048576K
Event: 5.409 GC heap after
Heap after GC invocations=3 (full 1):
 PSYoungGen      total 38400K, used 0K [0x0000000795580000, 0x0000000798000000, 0x00000007c0000000)
  eden space 33280K, 0% used [0x0000000795580000,0x0000000795580000,0x0000000797600000)
  from space 5120K, 0% used [0x0000000797b00000,0x0000000797b00000,0x0000000798000000)
  to   space 5120K, 0% used [0x0000000797600000,0x0000000797600000,0x0000000797b00000)
 ParOldGen       total 65536K, used 7753K [0x0000000740000000, 0x0000000744000000, 0x0000000795580000)
  object space 65536K, 11% used [0x0000000740000000,0x00000007407927e0,0x0000000744000000)
 Metaspace       used 20826K, capacity 21243K, committed 21296K, reserved 1069056K
  class space    used 2173K, capacity 2324K, committed 2352K, reserved 1048576K
}
Event: 8.374 GC heap before
{Heap before GC invocations=4 (full 1):
 PSYoungGen      total 38400K, used 33280K [0x0000000795580000, 0x0000000798000000, 0x00000007c0000000)
  eden space 33280K, 100% used [0x0000000795580000,0x0000000797600000,0x0000000797600000)
  from space 5120K, 0% used [0x0000000797b00000,0x0000000797b00000,0x0000000798000000)
  to   space 5120K, 0% used [0x0000000797600000,0x0000000797600000,0x0000000797b00000)
 ParOldGen       total 65536K, used 7753K [0x0000000740000000, 0x0000000744000000, 0x0000000795580000)
  object space 65536K, 11% used [0x0000000740000000,0x00000007407927e0,0x0000000744000000)
 Metaspace       used 23368K, capacity 23853K, committed 24112K, reserved 1071104K
  class space    used 2400K, capacity 2551K, committed 2608K, reserved 1048576K
Event: 8.400 GC heap after
Heap after GC invocations=4 (full 1):
 PSYoungGen      total 38400K, used 5117K [0x0000000795580000, 0x0000000798d80000, 0x00000007c0000000)
  eden space 33280K, 0% used [0x0000000795580000,0x0000000795580000,0x0000000797600000)
  from space 5120K, 99% used [0x0000000797600000,0x0000000797aff440,0x0000000797b00000)
  to   space 5120K, 0% used [0x0000000798880000,0x0000000798880000,0x0000000798d80000)
 ParOldGen       total 65536K, used 20235K [0x0000000740000000, 0x0000000744000000, 0x0000000795580000)
  object space 65536K, 30% used [0x0000000740000000,0x00000007413c2fa8,0x0000000744000000)
 Metaspace       used 23368K, capacity 23853K, committed 24112K, reserved 1071104K
  class space    used 2400K, capacity 2551K, committed 2608K, reserved 1048576K
}
Event: 9.599 GC heap before
{Heap before GC invocations=5 (full 1):
 PSYoungGen      total 38400K, used 38397K [0x0000000795580000, 0x0000000798d80000, 0x00000007c0000000)
  eden space 33280K, 100% used [0x0000000795580000,0x0000000797600000,0x0000000797600000)
  from space 5120K, 99% used [0x0000000797600000,0x0000000797aff440,0x0000000797b00000)
  to   space 5120K, 0% used [0x0000000798880000,0x0000000798880000,0x0000000798d80000)
 ParOldGen       total 65536K, used 20235K [0x0000000740000000, 0x0000000744000000, 0x0000000795580000)
  object space 65536K, 30% used [0x0000000740000000,0x00000007413c2fa8,0x0000000744000000)
 Metaspace       used 29129K, capacity 29614K, committed 29744K, reserved 1077248K
  class space    used 2458K, capacity 2585K, committed 2608K, reserved 1048576K
Event: 9.614 GC heap after
Heap after GC invocations=5 (full 1):
 PSYoungGen      total 52224K, used 5105K [0x0000000795580000, 0x0000000798f80000, 0x00000007c0000000)
  eden space 47104K, 0% used [0x0000000795580000,0x0000000795580000,0x0000000798380000)
  from space 5120K, 99% used [0x0000000798880000,0x0000000798d7c490,0x0000000798d80000)
  to   space 5120K, 0% used [0x0000000798380000,0x0000000798380000,0x0000000798880000)
 ParOldGen       total 65536K, used 24778K [0x0000000740000000, 0x0000000744000000, 0x0000000795580000)
  object space 65536K, 37% used [0x0000000740000000,0x0000000741832888,0x0000000744000000)
 Metaspace       used 29129K, capacity 29614K, committed 29744K, reserved 1077248K
  class space    used 2458K, capacity 2585K, committed 2608K, reserved 1048576K
}
Event: 13.583 GC heap before
{Heap before GC invocations=6 (full 1):
 PSYoungGen      total 52224K, used 52209K [0x0000000795580000, 0x0000000798f80000, 0x00000007c0000000)
  eden space 47104K, 100% used [0x0000000795580000,0x0000000798380000,0x0000000798380000)
  from space 5120K, 99% used [0x0000000798880000,0x0000000798d7c490,0x0000000798d80000)
  to   space 5120K, 0% used [0x0000000798380000,0x0000000798380000,0x0000000798880000)
 ParOldGen       total 65536K, used 24778K [0x0000000740000000, 0x0000000744000000, 0x0000000795580000)
  object space 65536K, 37% used [0x0000000740000000,0x0000000741832888,0x0000000744000000)
 Metaspace       used 30700K, capacity 31131K, committed 31408K, reserved 1077248K
  class space    used 2557K, capacity 2681K, committed 2736K, reserved 1048576K
Event: 13.604 GC heap after
Heap after GC invocations=6 (full 1):
 PSYoungGen      total 52224K, used 5088K [0x0000000795580000, 0x000000079ba00000, 0x00000007c0000000)
  eden space 47104K, 0% used [0x0000000795580000,0x0000000795580000,0x0000000798380000)
  from space 5120K, 99% used [0x0000000798380000,0x00000007988780a0,0x0000000798880000)
  to   space 17408K, 0% used [0x000000079a900000,0x000000079a900000,0x000000079ba00000)
 ParOldGen       total 65536K, used 32258K [0x0000000740000000, 0x0000000744000000, 0x0000000795580000)
  object space 65536K, 49% used [0x0000000740000000,0x0000000741f80a50,0x0000000744000000)
 Metaspace       used 30700K, capacity 31131K, committed 31408K, reserved 1077248K
  class space    used 2557K, capacity 2681K, committed 2736K, reserved 1048576K
}

