# JRE version: Java(TM) SE Runtime Environment (8.0_151-b12) (build 1.8.0_151-b12)
# Java VM: Java HotSpot(TM) 64-Bit Server VM (25.151-b12 mixed mode bsd-amd64 compressed oops)
Heap:
 PSYoungGen      total 199680K, used 171308K [0x0000000795580000, 0x00000007a6c80000, 0x00000007c0000000)
  eden space 180224K, 95% used [0x0000000795580000,0x000000079fccb138,0x00000007a0580000)
  from space 19456K, 0% used [0x00000007a0580000,0x00000007a0580000,0x00000007a1880000)
  to   space 20480K, 0% used [0x00000007a5880000,0x00000007a5880000,0x00000007a6c80000)
 ParOldGen       total 91136K, used 28318K [0x0000000740000000, 0x0000000745900000, 0x0000000795580000)
  object space 91136K, 31% used [0x0000000740000000,0x0000000741ba7948,0x0000000745900000)
 Metaspace       used 31279K, capacity 31759K, committed 32000K, reserved 1079296K
  class space    used 2587K, capacity 2715K, committed 2816K, reserved 1048576K
GC Heap History (10 events):
Event: 9.697 GC heap before
{Heap before GC invocations=7 (full 1):
 PSYoungGen      total 71680K, used 71677K [0x0000000795580000, 0x000000079e300000, 0x00000007c0000000)
  eden space 66560K, 100% used [0x0000000795580000,0x0000000799680000,0x0000000799680000)
  from space 5120K, 99% used [0x0000000799680000,0x0000000799b7f490,0x0000000799b80000)
  to   space 17408K, 0% used [0x000000079d200000,0x000000079d200000,0x000000079e300000)
 ParOldGen       total 49152K, used 25071K [0x0000000740000000, 0x0000000743000000, 0x0000000795580000)
  object space 49152K, 51% used [0x0000000740000000,0x000000074187bc38,0x0000000743000000)
 Metaspace       used 30706K, capacity 31183K, committed 31488K, reserved 1077248K
  class space    used 2580K, capacity 2715K, committed 2816K, reserved 1048576K
Event: 9.712 GC heap after
Heap after GC invocations=7 (full 1):
 PSYoungGen      total 125952K, used 14616K [0x0000000795580000, 0x000000079ed00000, 0x00000007c0000000)
  eden space 108544K, 0% used [0x0000000795580000,0x0000000795580000,0x000000079bf80000)
  from space 17408K, 83% used [0x000000079d200000,0x000000079e046138,0x000000079e300000)
  to   space 18944K, 0% used [0x000000079bf80000,0x000000079bf80000,0x000000079d200000)
 ParOldGen       total 49152K, used 25079K [0x0000000740000000, 0x0000000743000000, 0x0000000795580000)
  object space 49152K, 51% used [0x0000000740000000,0x000000074187dc38,0x0000000743000000)
 Metaspace       used 30706K, capacity 31183K, committed 31488K, reserved 1077248K
  class space    used 2580K, capacity 2715K, committed 2816K, reserved 1048576K
}
Event: 14.597 GC heap before
{Heap before GC invocations=8 (full 1):
 PSYoungGen      total 125952K, used 123160K [0x0000000795580000, 0x000000079ed00000, 0x00000007c0000000)
  eden space 108544K, 100% used [0x0000000795580000,0x000000079bf80000,0x000000079bf80000)
  from space 17408K, 83% used [0x000000079d200000,0x000000079e046138,0x000000079e300000)
  to   space 18944K, 0% used [0x000000079bf80000,0x000000079bf80000,0x000000079d200000)
 ParOldGen       total 49152K, used 25079K [0x0000000740000000, 0x0000000743000000, 0x0000000795580000)
  object space 49152K, 51% used [0x0000000740000000,0x000000074187dc38,0x0000000743000000)
 Metaspace       used 30981K, capacity 31439K, committed 31744K, reserved 1079296K
  class space    used 2581K, capacity 2715K, committed 2816K, reserved 1048576K
Event: 14.610 GC heap after
Heap after GC invocations=8 (full 1):
 PSYoungGen      total 127488K, used 14918K [0x0000000795580000, 0x00000007a3200000, 0x00000007c0000000)
  eden space 108544K, 0% used [0x0000000795580000,0x0000000795580000,0x000000079bf80000)
  from space 18944K, 78% used [0x000000079bf80000,0x000000079ce11b70,0x000000079d200000)
  to   space 19968K, 0% used [0x00000007a1e80000,0x00000007a1e80000,0x00000007a3200000)
 ParOldGen       total 49152K, used 25087K [0x0000000740000000, 0x0000000743000000, 0x0000000795580000)
  object space 49152K, 51% used [0x0000000740000000,0x000000074187fc38,0x0000000743000000)
 Metaspace       used 30981K, capacity 31439K, committed 31744K, reserved 1079296K
  class space    used 2581K, capacity 2715K, committed 2816K, reserved 1048576K
}
Event: 21.039 GC heap before
{Heap before GC invocations=9 (full 1):
 PSYoungGen      total 127488K, used 123462K [0x0000000795580000, 0x00000007a3200000, 0x00000007c0000000)
  eden space 108544K, 100% used [0x0000000795580000,0x000000079bf80000,0x000000079bf80000)
  from space 18944K, 78% used [0x000000079bf80000,0x000000079ce11b70,0x000000079d200000)
  to   space 19968K, 0% used [0x00000007a1e80000,0x00000007a1e80000,0x00000007a3200000)
 ParOldGen       total 49152K, used 25087K [0x0000000740000000, 0x0000000743000000, 0x0000000795580000)
  object space 49152K, 51% used [0x0000000740000000,0x000000074187fc38,0x0000000743000000)
 Metaspace       used 31133K, capacity 31567K, committed 32000K, reserved 1079296K
  class space    used 2581K, capacity 2715K, committed 2816K, reserved 1048576K
Event: 21.052 GC heap after
Heap after GC invocations=9 (full 1):
 PSYoungGen      total 193536K, used 11785K [0x0000000795580000, 0x00000007a2b80000, 0x00000007c0000000)
  eden space 180224K, 0% used [0x0000000795580000,0x0000000795580000,0x00000007a0580000)
  from space 13312K, 88% used [0x00000007a1e80000,0x00000007a2a02780,0x00000007a2b80000)
  to   space 19456K, 0% used [0x00000007a0580000,0x00000007a0580000,0x00000007a1880000)
 ParOldGen       total 49152K, used 28203K [0x0000000740000000, 0x0000000743000000, 0x0000000795580000)
  object space 49152K, 57% used [0x0000000740000000,0x0000000741b8ac68,0x0000000743000000)
 Metaspace       used 31133K, capacity 31567K, committed 32000K, reserved 1079296K
  class space    used 2581K, capacity 2715K, committed 2816K, reserved 1048576K
}
Event: 29.754 GC heap before
{Heap before GC invocations=10 (full 1):
 PSYoungGen      total 193536K, used 192009K [0x0000000795580000, 0x00000007a2b80000, 0x00000007c0000000)
  eden space 180224K, 100% used [0x0000000795580000,0x00000007a0580000,0x00000007a0580000)
  from space 13312K, 88% used [0x00000007a1e80000,0x00000007a2a02780,0x00000007a2b80000)
  to   space 19456K, 0% used [0x00000007a0580000,0x00000007a0580000,0x00000007a1880000)
 ParOldGen       total 49152K, used 28203K [0x0000000740000000, 0x0000000743000000, 0x0000000795580000)
  object space 49152K, 57% used [0x0000000740000000,0x0000000741b8ac68,0x0000000743000000)
 Metaspace       used 31256K, capacity 31759K, committed 32000K, reserved 1079296K
  class space    used 2581K, capacity 2715K, committed 2816K, reserved 1048576K
Event: 29.764 GC heap after
Heap after GC invocations=10 (full 1):
 PSYoungGen      total 199680K, used 1568K [0x0000000795580000, 0x00000007a6c80000, 0x00000007c0000000)
  eden space 180224K, 0% used [0x0000000795580000,0x0000000795580000,0x00000007a0580000)
  from space 19456K, 8% used [0x00000007a0580000,0x00000007a0708050,0x00000007a1880000)
  to   space 20480K, 0% used [0x00000007a5880000,0x00000007a5880000,0x00000007a6c80000)
 ParOldGen       total 49152K, used 38087K [0x0000000740000000, 0x0000000743000000, 0x0000000795580000)
  object space 49152K, 77% used [0x0000000740000000,0x0000000742531ff0,0x0000000743000000)
 Metaspace       used 31256K, capacity 31759K, committed 32000K, reserved 1079296K
  class space    used 2581K, capacity 2715K, committed 2816K, reserved 1048576K
}
Event: 29.764 GC heap before
{Heap before GC invocations=11 (full 2):
 PSYoungGen      total 199680K, used 1568K [0x0000000795580000, 0x00000007a6c80000, 0x00000007c0000000)
  eden space 180224K, 0% used [0x0000000795580000,0x0000000795580000,0x00000007a0580000)
  from space 19456K, 8% used [0x00000007a0580000,0x00000007a0708050,0x00000007a1880000)
  to   space 20480K, 0% used [0x00000007a5880000,0x00000007a5880000,0x00000007a6c80000)
 ParOldGen       total 49152K, used 38087K [0x0000000740000000, 0x0000000743000000, 0x0000000795580000)
  object space 49152K, 77% used [0x0000000740000000,0x0000000742531ff0,0x0000000743000000)
 Metaspace       used 31256K, capacity 31759K, committed 32000K, reserved 1079296K
  class space    used 2581K, capacity 2715K, committed 2816K, reserved 1048576K
Event: 29.810 GC heap after
Heap after GC invocations=11 (full 2):
 PSYoungGen      total 199680K, used 0K [0x0000000795580000, 0x00000007a6c80000, 0x00000007c0000000)
  eden space 180224K, 0% used [0x0000000795580000,0x0000000795580000,0x00000007a0580000)
  from space 19456K, 0% used [0x00000007a0580000,0x00000007a0580000,0x00000007a1880000)
  to   space 20480K, 0% used [0x00000007a5880000,0x00000007a5880000,0x00000007a6c80000)
 ParOldGen       total 91136K, used 28318K [0x0000000740000000, 0x0000000745900000, 0x0000000795580000)
  object space 91136K, 31% used [0x0000000740000000,0x0000000741ba7948,0x0000000745900000)
 Metaspace       used 31256K, capacity 31759K, committed 32000K, reserved 1079296K
  class space    used 2581K, capacity 2715K, committed 2816K, reserved 1048576K
}

