# JRE version: Java(TM) SE Runtime Environment (8.0_151-b12) (build 1.8.0_151-b12)
# Java VM: Java HotSpot(TM) 64-Bit Server VM (25.151-b12 mixed mode bsd-amd64 compressed oops)
Heap:
 PSYoungGen      total 195584K, used 36406K [0x0000000795580000, 0x00000007a7100000, 0x00000007c0000000)
  eden space 174080K, 11% used [0x0000000795580000,0x0000000796950878,0x000000079ff80000)
  from space 21504K, 74% used [0x000000079ff80000,0x00000007a0f3d358,0x00000007a1480000)
  to   space 22528K, 0% used [0x00000007a5b00000,0x00000007a5b00000,0x00000007a7100000)
 ParOldGen       total 52736K, used 24074K [0x0000000740000000, 0x0000000743380000, 0x0000000795580000)
  object space 52736K, 45% used [0x0000000740000000,0x00000007417828f0,0x0000000743380000)
 Metaspace       used 31298K, capacity 31763K, committed 31920K, reserved 1079296K
  class space    used 2583K, capacity 2715K, committed 2736K, reserved 1048576K
GC Heap History (10 events):
Event: 8.122 GC heap before
{Heap before GC invocations=6 (full 1):
 PSYoungGen      total 62464K, used 62458K [0x0000000795580000, 0x000000079a080000, 0x00000007c0000000)
  eden space 57344K, 100% used [0x0000000795580000,0x0000000798d80000,0x0000000798d80000)
  from space 5120K, 99% used [0x0000000799b80000,0x000000079a07e980,0x000000079a080000)
  to   space 5120K, 0% used [0x0000000799680000,0x0000000799680000,0x0000000799b80000)
 ParOldGen       total 52736K, used 15009K [0x0000000740000000, 0x0000000743380000, 0x0000000795580000)
  object space 52736K, 28% used [0x0000000740000000,0x0000000740ea85b0,0x0000000743380000)
 Metaspace       used 23226K, capacity 23715K, committed 23856K, reserved 1071104K
  class space    used 2394K, capacity 2520K, committed 2608K, reserved 1048576K
Event: 8.133 GC heap after
Heap after GC invocations=6 (full 1):
 PSYoungGen      total 71680K, used 5068K [0x0000000795580000, 0x000000079d180000, 0x00000007c0000000)
  eden space 66560K, 0% used [0x0000000795580000,0x0000000795580000,0x0000000799680000)
  from space 5120K, 98% used [0x0000000799680000,0x0000000799b73048,0x0000000799b80000)
  to   space 13312K, 0% used [0x000000079c480000,0x000000079c480000,0x000000079d180000)
 ParOldGen       total 52736K, used 15081K [0x0000000740000000, 0x0000000743380000, 0x0000000795580000)
  object space 52736K, 28% used [0x0000000740000000,0x0000000740eba5c0,0x0000000743380000)
 Metaspace       used 23226K, capacity 23715K, committed 23856K, reserved 1071104K
  class space    used 2394K, capacity 2520K, committed 2608K, reserved 1048576K
}
Event: 8.326 GC heap before
{Heap before GC invocations=7 (full 1):
 PSYoungGen      total 71680K, used 71628K [0x0000000795580000, 0x000000079d180000, 0x00000007c0000000)
  eden space 66560K, 100% used [0x0000000795580000,0x0000000799680000,0x0000000799680000)
  from space 5120K, 98% used [0x0000000799680000,0x0000000799b73048,0x0000000799b80000)
  to   space 13312K, 0% used [0x000000079c480000,0x000000079c480000,0x000000079d180000)
 ParOldGen       total 52736K, used 15081K [0x0000000740000000, 0x0000000743380000, 0x0000000795580000)
  object space 52736K, 28% used [0x0000000740000000,0x0000000740eba5c0,0x0000000743380000)
 Metaspace       used 23226K, capacity 23715K, committed 23856K, reserved 1071104K
  class space    used 2394K, capacity 2520K, committed 2608K, reserved 1048576K
Event: 8.338 GC heap after
Heap after GC invocations=7 (full 1):
 PSYoungGen      total 114176K, used 5116K [0x0000000795580000, 0x000000079e280000, 0x00000007c0000000)
  eden space 100864K, 0% used [0x0000000795580000,0x0000000795580000,0x000000079b800000)
  from space 13312K, 38% used [0x000000079c480000,0x000000079c97f058,0x000000079d180000)
  to   space 12800K, 0% used [0x000000079b800000,0x000000079b800000,0x000000079c480000)
 ParOldGen       total 52736K, used 15089K [0x0000000740000000, 0x0000000743380000, 0x0000000795580000)
  object space 52736K, 28% used [0x0000000740000000,0x0000000740ebc5c0,0x0000000743380000)
 Metaspace       used 23226K, capacity 23715K, committed 23856K, reserved 1071104K
  class space    used 2394K, capacity 2520K, committed 2608K, reserved 1048576K
}
Event: 8.825 GC heap before
{Heap before GC invocations=8 (full 1):
 PSYoungGen      total 114176K, used 105980K [0x0000000795580000, 0x000000079e280000, 0x00000007c0000000)
  eden space 100864K, 100% used [0x0000000795580000,0x000000079b800000,0x000000079b800000)
  from space 13312K, 38% used [0x000000079c480000,0x000000079c97f058,0x000000079d180000)
  to   space 12800K, 0% used [0x000000079b800000,0x000000079b800000,0x000000079c480000)
 ParOldGen       total 52736K, used 15089K [0x0000000740000000, 0x0000000743380000, 0x0000000795580000)
  object space 52736K, 28% used [0x0000000740000000,0x0000000740ebc5c0,0x0000000743380000)
 Metaspace       used 28912K, capacity 29368K, committed 29488K, reserved 1077248K
  class space    used 2455K, capacity 2584K, committed 2608K, reserved 1048576K
Event: 8.846 GC heap after
Heap after GC invocations=8 (full 1):
 PSYoungGen      total 113664K, used 12772K [0x0000000795580000, 0x00000007a2400000, 0x00000007c0000000)
  eden space 100864K, 0% used [0x0000000795580000,0x0000000795580000,0x000000079b800000)
  from space 12800K, 99% used [0x000000079b800000,0x000000079c479278,0x000000079c480000)
  to   space 15872K, 0% used [0x00000007a1480000,0x00000007a1480000,0x00000007a2400000)
 ParOldGen       total 52736K, used 17178K [0x0000000740000000, 0x0000000743380000, 0x0000000795580000)
  object space 52736K, 32% used [0x0000000740000000,0x00000007410c6ae8,0x0000000743380000)
 Metaspace       used 28912K, capacity 29368K, committed 29488K, reserved 1077248K
  class space    used 2455K, capacity 2584K, committed 2608K, reserved 1048576K
}
Event: 12.034 GC heap before
{Heap before GC invocations=9 (full 1):
 PSYoungGen      total 113664K, used 113636K [0x0000000795580000, 0x00000007a2400000, 0x00000007c0000000)
  eden space 100864K, 100% used [0x0000000795580000,0x000000079b800000,0x000000079b800000)
  from space 12800K, 99% used [0x000000079b800000,0x000000079c479278,0x000000079c480000)
  to   space 15872K, 0% used [0x00000007a1480000,0x00000007a1480000,0x00000007a2400000)
 ParOldGen       total 52736K, used 17178K [0x0000000740000000, 0x0000000743380000, 0x0000000795580000)
  object space 52736K, 32% used [0x0000000740000000,0x00000007410c6ae8,0x0000000743380000)
 Metaspace       used 30713K, capacity 31185K, committed 31408K, reserved 1077248K
  class space    used 2570K, capacity 2714K, committed 2736K, reserved 1048576K
Event: 12.055 GC heap after
Heap after GC invocations=9 (full 1):
 PSYoungGen      total 189952K, used 15843K [0x0000000795580000, 0x00000007a2a80000, 0x00000007c0000000)
  eden space 174080K, 0% used [0x0000000795580000,0x0000000795580000,0x000000079ff80000)
  from space 15872K, 99% used [0x00000007a1480000,0x00000007a23f8d80,0x00000007a2400000)
  to   space 21504K, 0% used [0x000000079ff80000,0x000000079ff80000,0x00000007a1480000)
 ParOldGen       total 52736K, used 24066K [0x0000000740000000, 0x0000000743380000, 0x0000000795580000)
  object space 52736K, 45% used [0x0000000740000000,0x00000007417808f0,0x0000000743380000)
 Metaspace       used 30713K, capacity 31185K, committed 31408K, reserved 1077248K
  class space    used 2570K, capacity 2714K, committed 2736K, reserved 1048576K
}
Event: 19.892 GC heap before
{Heap before GC invocations=10 (full 1):
 PSYoungGen      total 189952K, used 189923K [0x0000000795580000, 0x00000007a2a80000, 0x00000007c0000000)
  eden space 174080K, 100% used [0x0000000795580000,0x000000079ff80000,0x000000079ff80000)
  from space 15872K, 99% used [0x00000007a1480000,0x00000007a23f8d80,0x00000007a2400000)
  to   space 21504K, 0% used [0x000000079ff80000,0x000000079ff80000,0x00000007a1480000)
 ParOldGen       total 52736K, used 24066K [0x0000000740000000, 0x0000000743380000, 0x0000000795580000)
  object space 52736K, 45% used [0x0000000740000000,0x00000007417808f0,0x0000000743380000)
 Metaspace       used 31211K, capacity 31635K, committed 31920K, reserved 1079296K
  class space    used 2575K, capacity 2715K, committed 2736K, reserved 1048576K
Event: 19.907 GC heap after
Heap after GC invocations=10 (full 1):
 PSYoungGen      total 195584K, used 16116K [0x0000000795580000, 0x00000007a7100000, 0x00000007c0000000)
  eden space 174080K, 0% used [0x0000000795580000,0x0000000795580000,0x000000079ff80000)
  from space 21504K, 74% used [0x000000079ff80000,0x00000007a0f3d358,0x00000007a1480000)
  to   space 22528K, 0% used [0x00000007a5b00000,0x00000007a5b00000,0x00000007a7100000)
 ParOldGen       total 52736K, used 24074K [0x0000000740000000, 0x0000000743380000, 0x0000000795580000)
  object space 52736K, 45% used [0x0000000740000000,0x00000007417828f0,0x0000000743380000)
 Metaspace       used 31211K, capacity 31635K, committed 31920K, reserved 1079296K
  class space    used 2575K, capacity 2715K, committed 2736K, reserved 1048576K
}

