# JRE version: Java(TM) SE Runtime Environment (8.0_151-b12) (build 1.8.0_151-b12)
# Java VM: Java HotSpot(TM) 64-Bit Server VM (25.151-b12 mixed mode bsd-amd64 compressed oops)
Heap:
 PSYoungGen      total 63488K, used 7251K [0x0000000795580000, 0x000000079a080000, 0x00000007c0000000)
  eden space 58368K, 3% used [0x0000000795580000,0x0000000795798268,0x0000000798e80000)
  from space 5120K, 99% used [0x0000000799b80000,0x000000079a07cb10,0x000000079a080000)
  to   space 5120K, 0% used [0x0000000799680000,0x0000000799680000,0x0000000799b80000)
 ParOldGen       total 66560K, used 19180K [0x0000000740000000, 0x0000000744100000, 0x0000000795580000)
  object space 66560K, 28% used [0x0000000740000000,0x00000007412bb238,0x0000000744100000)
 Metaspace       used 26720K, capacity 27096K, committed 27264K, reserved 1075200K
  class space    used 2212K, capacity 2340K, committed 2432K, reserved 1048576K
GC Heap History (10 events):
Event: 3.771 GC heap before
{Heap before GC invocations=1 (full 0):
 PSYoungGen      total 38400K, used 33280K [0x0000000795580000, 0x0000000798000000, 0x00000007c0000000)
  eden space 33280K, 100% used [0x0000000795580000,0x0000000797600000,0x0000000797600000)
  from space 5120K, 0% used [0x0000000797b00000,0x0000000797b00000,0x0000000798000000)
  to   space 5120K, 0% used [0x0000000797600000,0x0000000797600000,0x0000000797b00000)
 ParOldGen       total 87552K, used 0K [0x0000000740000000, 0x0000000745580000, 0x0000000795580000)
  object space 87552K, 0% used [0x0000000740000000,0x0000000740000000,0x0000000745580000)
 Metaspace       used 16205K, capacity 16545K, committed 16640K, reserved 1064960K
  class space    used 1676K, capacity 1791K, committed 1792K, reserved 1048576K
Event: 3.782 GC heap after
Heap after GC invocations=1 (full 0):
 PSYoungGen      total 38400K, used 5112K [0x0000000795580000, 0x0000000798000000, 0x00000007c0000000)
  eden space 33280K, 0% used [0x0000000795580000,0x0000000795580000,0x0000000797600000)
  from space 5120K, 99% used [0x0000000797600000,0x0000000797afe070,0x0000000797b00000)
  to   space 5120K, 0% used [0x0000000797b00000,0x0000000797b00000,0x0000000798000000)
 ParOldGen       total 87552K, used 62K [0x0000000740000000, 0x0000000745580000, 0x0000000795580000)
  object space 87552K, 0% used [0x0000000740000000,0x000000074000f960,0x0000000745580000)
 Metaspace       used 16205K, capacity 16545K, committed 16640K, reserved 1064960K
  class space    used 1676K, capacity 1791K, committed 1792K, reserved 1048576K
}
Event: 5.165 GC heap before
{Heap before GC invocations=2 (full 0):
 PSYoungGen      total 38400K, used 38392K [0x0000000795580000, 0x0000000798000000, 0x00000007c0000000)
  eden space 33280K, 100% used [0x0000000795580000,0x0000000797600000,0x0000000797600000)
  from space 5120K, 99% used [0x0000000797600000,0x0000000797afe070,0x0000000797b00000)
  to   space 5120K, 0% used [0x0000000797b00000,0x0000000797b00000,0x0000000798000000)
 ParOldGen       total 87552K, used 62K [0x0000000740000000, 0x0000000745580000, 0x0000000795580000)
  object space 87552K, 0% used [0x0000000740000000,0x000000074000f960,0x0000000745580000)
 Metaspace       used 19740K, capacity 20117K, committed 20352K, reserved 1067008K
  class space    used 2048K, capacity 2147K, committed 2176K, reserved 1048576K
Event: 5.183 GC heap after
Heap after GC invocations=2 (full 0):
 PSYoungGen      total 38400K, used 5100K [0x0000000795580000, 0x0000000798000000, 0x00000007c0000000)
  eden space 33280K, 0% used [0x0000000795580000,0x0000000795580000,0x0000000797600000)
  from space 5120K, 99% used [0x0000000797b00000,0x0000000797ffb060,0x0000000798000000)
  to   space 5120K, 0% used [0x0000000797600000,0x0000000797600000,0x0000000797b00000)
 ParOldGen       total 87552K, used 7878K [0x0000000740000000, 0x0000000745580000, 0x0000000795580000)
  object space 87552K, 8% used [0x0000000740000000,0x00000007407b1908,0x0000000745580000)
 Metaspace       used 19740K, capacity 20117K, committed 20352K, reserved 1067008K
  class space    used 2048K, capacity 2147K, committed 2176K, reserved 1048576K
}
Event: 5.232 GC heap before
{Heap before GC invocations=3 (full 0):
 PSYoungGen      total 38400K, used 18755K [0x0000000795580000, 0x0000000798000000, 0x00000007c0000000)
  eden space 33280K, 41% used [0x0000000795580000,0x00000007962d5c30,0x0000000797600000)
  from space 5120K, 99% used [0x0000000797b00000,0x0000000797ffb060,0x0000000798000000)
  to   space 5120K, 0% used [0x0000000797600000,0x0000000797600000,0x0000000797b00000)
 ParOldGen       total 87552K, used 7878K [0x0000000740000000, 0x0000000745580000, 0x0000000795580000)
  object space 87552K, 8% used [0x0000000740000000,0x00000007407b1908,0x0000000745580000)
 Metaspace       used 20939K, capacity 21226K, committed 21296K, reserved 1069056K
  class space    used 2048K, capacity 2147K, committed 2176K, reserved 1048576K
Event: 5.242 GC heap after
Heap after GC invocations=3 (full 0):
 PSYoungGen      total 38400K, used 5101K [0x0000000795580000, 0x000000079a080000, 0x00000007c0000000)
  eden space 33280K, 0% used [0x0000000795580000,0x0000000795580000,0x0000000797600000)
  from space 5120K, 99% used [0x0000000797600000,0x0000000797afb450,0x0000000797b00000)
  to   space 5120K, 0% used [0x0000000799b80000,0x0000000799b80000,0x000000079a080000)
 ParOldGen       total 87552K, used 12422K [0x0000000740000000, 0x0000000745580000, 0x0000000795580000)
  object space 87552K, 14% used [0x0000000740000000,0x0000000740c21958,0x0000000745580000)
 Metaspace       used 20939K, capacity 21226K, committed 21296K, reserved 1069056K
  class space    used 2048K, capacity 2147K, committed 2176K, reserved 1048576K
}
Event: 5.242 GC heap before
{Heap before GC invocations=4 (full 1):
 PSYoungGen      total 38400K, used 5101K [0x0000000795580000, 0x000000079a080000, 0x00000007c0000000)
  eden space 33280K, 0% used [0x0000000795580000,0x0000000795580000,0x0000000797600000)
  from space 5120K, 99% used [0x0000000797600000,0x0000000797afb450,0x0000000797b00000)
  to   space 5120K, 0% used [0x0000000799b80000,0x0000000799b80000,0x000000079a080000)
 ParOldGen       total 87552K, used 12422K [0x0000000740000000, 0x0000000745580000, 0x0000000795580000)
  object space 87552K, 14% used [0x0000000740000000,0x0000000740c21958,0x0000000745580000)
 Metaspace       used 20939K, capacity 21226K, committed 21296K, reserved 1069056K
  class space    used 2048K, capacity 2147K, committed 2176K, reserved 1048576K
Event: 5.317 GC heap after
Heap after GC invocations=4 (full 1):
 PSYoungGen      total 38400K, used 0K [0x0000000795580000, 0x000000079a080000, 0x00000007c0000000)
  eden space 33280K, 0% used [0x0000000795580000,0x0000000795580000,0x0000000797600000)
  from space 5120K, 0% used [0x0000000797600000,0x0000000797600000,0x0000000797b00000)
  to   space 5120K, 0% used [0x0000000799b80000,0x0000000799b80000,0x000000079a080000)
 ParOldGen       total 66560K, used 17289K [0x0000000740000000, 0x0000000744100000, 0x0000000795580000)
  object space 66560K, 25% used [0x0000000740000000,0x00000007410e2510,0x0000000744100000)
 Metaspace       used 20939K, capacity 21226K, committed 21296K, reserved 1069056K
  class space    used 2048K, capacity 2147K, committed 2176K, reserved 1048576K
}
Event: 7.189 GC heap before
{Heap before GC invocations=5 (full 1):
 PSYoungGen      total 38400K, used 33280K [0x0000000795580000, 0x000000079a080000, 0x00000007c0000000)
  eden space 33280K, 100% used [0x0000000795580000,0x0000000797600000,0x0000000797600000)
  from space 5120K, 0% used [0x0000000797600000,0x0000000797600000,0x0000000797b00000)
  to   space 5120K, 0% used [0x0000000799b80000,0x0000000799b80000,0x000000079a080000)
 ParOldGen       total 66560K, used 17289K [0x0000000740000000, 0x0000000744100000, 0x0000000795580000)
  object space 66560K, 25% used [0x0000000740000000,0x00000007410e2510,0x0000000744100000)
 Metaspace       used 26691K, capacity 27032K, committed 27264K, reserved 1075200K
  class space    used 2206K, capacity 2340K, committed 2432K, reserved 1048576K
Event: 7.201 GC heap after
Heap after GC invocations=5 (full 1):
 PSYoungGen      total 63488K, used 5106K [0x0000000795580000, 0x000000079a080000, 0x00000007c0000000)
  eden space 58368K, 0% used [0x0000000795580000,0x0000000795580000,0x0000000798e80000)
  from space 5120K, 99% used [0x0000000799b80000,0x000000079a07cb10,0x000000079a080000)
  to   space 5120K, 0% used [0x0000000799680000,0x0000000799680000,0x0000000799b80000)
 ParOldGen       total 66560K, used 19180K [0x0000000740000000, 0x0000000744100000, 0x0000000795580000)
  object space 66560K, 28% used [0x0000000740000000,0x00000007412bb238,0x0000000744100000)
 Metaspace       used 26691K, capacity 27032K, committed 27264K, reserved 1075200K
  class space    used 2206K, capacity 2340K, committed 2432K, reserved 1048576K
}

