# JRE version: Java(TM) SE Runtime Environment (8.0_151-b12) (build 1.8.0_151-b12)
# Java VM: Java HotSpot(TM) 64-Bit Server VM (25.151-b12 mixed mode bsd-amd64 compressed oops)
Heap:
 PSYoungGen      total 656384K, used 56760K [0x0000000795580000, 0x00000007c0000000, 0x00000007c0000000)
  eden space 645632K, 7% used [0x0000000795580000,0x0000000798270358,0x00000007bcc00000)
  from space 10752K, 99% used [0x00000007bcc00000,0x00000007bd67e018,0x00000007bd680000)
  to   space 15360K, 0% used [0x00000007bf100000,0x00000007bf100000,0x00000007c0000000)
 ParOldGen       total 50176K, used 25943K [0x0000000740000000, 0x0000000743100000, 0x0000000795580000)
  object space 50176K, 51% used [0x0000000740000000,0x0000000741955f10,0x0000000743100000)
 Metaspace       used 31338K, capacity 31755K, committed 31920K, reserved 1079296K
  class space    used 2580K, capacity 2715K, committed 2736K, reserved 1048576K
GC Heap History (10 events):
Event: 13.179 GC heap before
{Heap before GC invocations=16 (full 1):
 PSYoungGen      total 481280K, used 480896K [0x0000000795580000, 0x00000007b4500000, 0x00000007c0000000)
  eden space 480768K, 100% used [0x0000000795580000,0x00000007b2b00000,0x00000007b2b00000)
  from space 512K, 25% used [0x00000007b4480000,0x00000007b44a0000,0x00000007b4500000)
  to   space 12288K, 0% used [0x00000007b2d00000,0x00000007b2d00000,0x00000007b3900000)
 ParOldGen       total 50176K, used 20122K [0x0000000740000000, 0x0000000743100000, 0x0000000795580000)
  object space 50176K, 40% used [0x0000000740000000,0x00000007413a6800,0x0000000743100000)
 Metaspace       used 23101K, capacity 23471K, committed 23856K, reserved 1071104K
  class space    used 2380K, capacity 2486K, committed 2608K, reserved 1048576K
Event: 13.181 GC heap after
Heap after GC invocations=16 (full 1):
 PSYoungGen      total 495104K, used 128K [0x0000000795580000, 0x00000007bb300000, 0x00000007c0000000)
  eden space 482816K, 0% used [0x0000000795580000,0x0000000795580000,0x00000007b2d00000)
  from space 12288K, 1% used [0x00000007b2d00000,0x00000007b2d20000,0x00000007b3900000)
  to   space 12288K, 0% used [0x00000007ba700000,0x00000007ba700000,0x00000007bb300000)
 ParOldGen       total 50176K, used 20122K [0x0000000740000000, 0x0000000743100000, 0x0000000795580000)
  object space 50176K, 40% used [0x0000000740000000,0x00000007413a6800,0x0000000743100000)
 Metaspace       used 23101K, capacity 23471K, committed 23856K, reserved 1071104K
  class space    used 2380K, capacity 2486K, committed 2608K, reserved 1048576K
}
Event: 14.387 GC heap before
{Heap before GC invocations=17 (full 1):
 PSYoungGen      total 495104K, used 482944K [0x0000000795580000, 0x00000007bb300000, 0x00000007c0000000)
  eden space 482816K, 100% used [0x0000000795580000,0x00000007b2d00000,0x00000007b2d00000)
  from space 12288K, 1% used [0x00000007b2d00000,0x00000007b2d20000,0x00000007b3900000)
  to   space 12288K, 0% used [0x00000007ba700000,0x00000007ba700000,0x00000007bb300000)
 ParOldGen       total 50176K, used 20122K [0x0000000740000000, 0x0000000743100000, 0x0000000795580000)
  object space 50176K, 40% used [0x0000000740000000,0x00000007413a6800,0x0000000743100000)
 Metaspace       used 23101K, capacity 23471K, committed 23856K, reserved 1071104K
  class space    used 2380K, capacity 2486K, committed 2608K, reserved 1048576K
Event: 14.389 GC heap after
Heap after GC invocations=17 (full 1):
 PSYoungGen      total 583168K, used 160K [0x0000000795580000, 0x00000007ba780000, 0x00000007c0000000)
  eden space 582656K, 0% used [0x0000000795580000,0x0000000795580000,0x00000007b8e80000)
  from space 512K, 31% used [0x00000007ba700000,0x00000007ba728000,0x00000007ba780000)
  to   space 11776K, 0% used [0x00000007b9080000,0x00000007b9080000,0x00000007b9c00000)
 ParOldGen       total 50176K, used 20122K [0x0000000740000000, 0x0000000743100000, 0x0000000795580000)
  object space 50176K, 40% used [0x0000000740000000,0x00000007413a6800,0x0000000743100000)
 Metaspace       used 23101K, capacity 23471K, committed 23856K, reserved 1071104K
  class space    used 2380K, capacity 2486K, committed 2608K, reserved 1048576K
}
Event: 15.908 GC heap before
{Heap before GC invocations=18 (full 1):
 PSYoungGen      total 583168K, used 582816K [0x0000000795580000, 0x00000007ba780000, 0x00000007c0000000)
  eden space 582656K, 100% used [0x0000000795580000,0x00000007b8e80000,0x00000007b8e80000)
  from space 512K, 31% used [0x00000007ba700000,0x00000007ba728000,0x00000007ba780000)
  to   space 11776K, 0% used [0x00000007b9080000,0x00000007b9080000,0x00000007b9c00000)
 ParOldGen       total 50176K, used 20122K [0x0000000740000000, 0x0000000743100000, 0x0000000795580000)
  object space 50176K, 40% used [0x0000000740000000,0x00000007413a6800,0x0000000743100000)
 Metaspace       used 23101K, capacity 23471K, committed 23856K, reserved 1071104K
  class space    used 2380K, capacity 2486K, committed 2608K, reserved 1048576K
Event: 15.909 GC heap after
Heap after GC invocations=18 (full 1):
 PSYoungGen      total 596480K, used 160K [0x0000000795580000, 0x00000007be880000, 0x00000007c0000000)
  eden space 584704K, 0% used [0x0000000795580000,0x0000000795580000,0x00000007b9080000)
  from space 11776K, 1% used [0x00000007b9080000,0x00000007b90a8000,0x00000007b9c00000)
  to   space 11264K, 0% used [0x00000007bdd80000,0x00000007bdd80000,0x00000007be880000)
 ParOldGen       total 50176K, used 20122K [0x0000000740000000, 0x0000000743100000, 0x0000000795580000)
  object space 50176K, 40% used [0x0000000740000000,0x00000007413a6800,0x0000000743100000)
 Metaspace       used 23101K, capacity 23471K, committed 23856K, reserved 1071104K
  class space    used 2380K, capacity 2486K, committed 2608K, reserved 1048576K
}
Event: 17.373 GC heap before
{Heap before GC invocations=19 (full 1):
 PSYoungGen      total 596480K, used 584864K [0x0000000795580000, 0x00000007be880000, 0x00000007c0000000)
  eden space 584704K, 100% used [0x0000000795580000,0x00000007b9080000,0x00000007b9080000)
  from space 11776K, 1% used [0x00000007b9080000,0x00000007b90a8000,0x00000007b9c00000)
  to   space 11264K, 0% used [0x00000007bdd80000,0x00000007bdd80000,0x00000007be880000)
 ParOldGen       total 50176K, used 20122K [0x0000000740000000, 0x0000000743100000, 0x0000000795580000)
  object space 50176K, 40% used [0x0000000740000000,0x00000007413a6800,0x0000000743100000)
 Metaspace       used 23101K, capacity 23471K, committed 23856K, reserved 1071104K
  class space    used 2380K, capacity 2486K, committed 2608K, reserved 1048576K
Event: 17.375 GC heap after
Heap after GC invocations=19 (full 1):
 PSYoungGen      total 649216K, used 224K [0x0000000795580000, 0x00000007be100000, 0x00000007c0000000)
  eden space 645632K, 0% used [0x0000000795580000,0x0000000795580000,0x00000007bcc00000)
  from space 3584K, 6% used [0x00000007bdd80000,0x00000007bddb8000,0x00000007be100000)
  to   space 10752K, 0% used [0x00000007bcc00000,0x00000007bcc00000,0x00000007bd680000)
 ParOldGen       total 50176K, used 20122K [0x0000000740000000, 0x0000000743100000, 0x0000000795580000)
  object space 50176K, 40% used [0x0000000740000000,0x00000007413a6800,0x0000000743100000)
 Metaspace       used 23101K, capacity 23471K, committed 23856K, reserved 1071104K
  class space    used 2380K, capacity 2486K, committed 2608K, reserved 1048576K
}
Event: 31.211 GC heap before
{Heap before GC invocations=20 (full 1):
 PSYoungGen      total 649216K, used 645856K [0x0000000795580000, 0x00000007be100000, 0x00000007c0000000)
  eden space 645632K, 100% used [0x0000000795580000,0x00000007bcc00000,0x00000007bcc00000)
  from space 3584K, 6% used [0x00000007bdd80000,0x00000007bddb8000,0x00000007be100000)
  to   space 10752K, 0% used [0x00000007bcc00000,0x00000007bcc00000,0x00000007bd680000)
 ParOldGen       total 50176K, used 20122K [0x0000000740000000, 0x0000000743100000, 0x0000000795580000)
  object space 50176K, 40% used [0x0000000740000000,0x00000007413a6800,0x0000000743100000)
 Metaspace       used 31292K, capacity 31755K, committed 31920K, reserved 1079296K
  class space    used 2573K, capacity 2715K, committed 2736K, reserved 1048576K
Event: 31.240 GC heap after
Heap after GC invocations=20 (full 1):
 PSYoungGen      total 656384K, used 10744K [0x0000000795580000, 0x00000007c0000000, 0x00000007c0000000)
  eden space 645632K, 0% used [0x0000000795580000,0x0000000795580000,0x00000007bcc00000)
  from space 10752K, 99% used [0x00000007bcc00000,0x00000007bd67e018,0x00000007bd680000)
  to   space 15360K, 0% used [0x00000007bf100000,0x00000007bf100000,0x00000007c0000000)
 ParOldGen       total 50176K, used 25943K [0x0000000740000000, 0x0000000743100000, 0x0000000795580000)
  object space 50176K, 51% used [0x0000000740000000,0x0000000741955f10,0x0000000743100000)
 Metaspace       used 31292K, capacity 31755K, committed 31920K, reserved 1079296K
  class space    used 2573K, capacity 2715K, committed 2736K, reserved 1048576K
}

