# JRE version: Java(TM) SE Runtime Environment (8.0_151-b12) (build 1.8.0_151-b12)
# Java VM: Java HotSpot(TM) 64-Bit Server VM (25.151-b12 mixed mode bsd-amd64 compressed oops)
Heap:
 PSYoungGen      total 88064K, used 44665K [0x0000000795580000, 0x000000079c080000, 0x00000007c0000000)
  eden space 71680K, 54% used [0x0000000795580000,0x0000000797b86450,0x0000000799b80000)
  from space 16384K, 34% used [0x000000079b080000,0x000000079b618298,0x000000079c080000)
  to   space 18944K, 0% used [0x0000000799b80000,0x0000000799b80000,0x000000079ae00000)
 ParOldGen       total 64512K, used 34613K [0x0000000740000000, 0x0000000743f00000, 0x0000000795580000)
  object space 64512K, 53% used [0x0000000740000000,0x00000007421cd5f8,0x0000000743f00000)
 Metaspace       used 31010K, capacity 31451K, committed 31664K, reserved 1079296K
  class space    used 2565K, capacity 2681K, committed 2736K, reserved 1048576K
GC Heap History (10 events):
Event: 5.521 GC heap before
{Heap before GC invocations=3 (full 1):
 PSYoungGen      total 38400K, used 5089K [0x0000000795580000, 0x0000000798000000, 0x00000007c0000000)
  eden space 33280K, 0% used [0x0000000795580000,0x0000000795580000,0x0000000797600000)
  from space 5120K, 99% used [0x0000000797b00000,0x0000000797ff84c0,0x0000000798000000)
  to   space 5120K, 0% used [0x0000000797600000,0x0000000797600000,0x0000000797b00000)
 ParOldGen       total 87552K, used 2888K [0x0000000740000000, 0x0000000745580000, 0x0000000795580000)
  object space 87552K, 3% used [0x0000000740000000,0x00000007402d2290,0x0000000745580000)
 Metaspace       used 20826K, capacity 21243K, committed 21296K, reserved 1069056K
  class space    used 2182K, capacity 2324K, committed 2352K, reserved 1048576K
Event: 5.570 GC heap after
Heap after GC invocations=3 (full 1):
 PSYoungGen      total 38400K, used 0K [0x0000000795580000, 0x0000000798000000, 0x00000007c0000000)
  eden space 33280K, 0% used [0x0000000795580000,0x0000000795580000,0x0000000797600000)
  from space 5120K, 0% used [0x0000000797b00000,0x0000000797b00000,0x0000000798000000)
  to   space 5120K, 0% used [0x0000000797600000,0x0000000797600000,0x0000000797b00000)
 ParOldGen       total 64512K, used 7786K [0x0000000740000000, 0x0000000743f00000, 0x0000000795580000)
  object space 64512K, 12% used [0x0000000740000000,0x000000074079a9c0,0x0000000743f00000)
 Metaspace       used 20826K, capacity 21243K, committed 21296K, reserved 1069056K
  class space    used 2182K, capacity 2324K, committed 2352K, reserved 1048576K
}
Event: 6.783 GC heap before
{Heap before GC invocations=4 (full 1):
 PSYoungGen      total 38400K, used 33263K [0x0000000795580000, 0x0000000798000000, 0x00000007c0000000)
  eden space 33280K, 99% used [0x0000000795580000,0x00000007975fbe98,0x0000000797600000)
  from space 5120K, 0% used [0x0000000797b00000,0x0000000797b00000,0x0000000798000000)
  to   space 5120K, 0% used [0x0000000797600000,0x0000000797600000,0x0000000797b00000)
 ParOldGen       total 64512K, used 7786K [0x0000000740000000, 0x0000000743f00000, 0x0000000795580000)
  object space 64512K, 12% used [0x0000000740000000,0x000000074079a9c0,0x0000000743f00000)
 Metaspace       used 23268K, capacity 23725K, committed 23856K, reserved 1071104K
  class space    used 2401K, capacity 2551K, committed 2608K, reserved 1048576K
Event: 6.801 GC heap after
Heap after GC invocations=4 (full 1):
 PSYoungGen      total 38400K, used 5093K [0x0000000795580000, 0x0000000799080000, 0x00000007c0000000)
  eden space 33280K, 0% used [0x0000000795580000,0x0000000795580000,0x0000000797600000)
  from space 5120K, 99% used [0x0000000797600000,0x0000000797af94a0,0x0000000797b00000)
  to   space 5120K, 0% used [0x0000000798b80000,0x0000000798b80000,0x0000000799080000)
 ParOldGen       total 64512K, used 19957K [0x0000000740000000, 0x0000000743f00000, 0x0000000795580000)
  object space 64512K, 30% used [0x0000000740000000,0x000000074137d420,0x0000000743f00000)
 Metaspace       used 23268K, capacity 23725K, committed 23856K, reserved 1071104K
  class space    used 2401K, capacity 2551K, committed 2608K, reserved 1048576K
}
Event: 7.773 GC heap before
{Heap before GC invocations=5 (full 1):
 PSYoungGen      total 38400K, used 38373K [0x0000000795580000, 0x0000000799080000, 0x00000007c0000000)
  eden space 33280K, 100% used [0x0000000795580000,0x0000000797600000,0x0000000797600000)
  from space 5120K, 99% used [0x0000000797600000,0x0000000797af94a0,0x0000000797b00000)
  to   space 5120K, 0% used [0x0000000798b80000,0x0000000798b80000,0x0000000799080000)
 ParOldGen       total 64512K, used 19957K [0x0000000740000000, 0x0000000743f00000, 0x0000000795580000)
  object space 64512K, 30% used [0x0000000740000000,0x000000074137d420,0x0000000743f00000)
 Metaspace       used 28959K, capacity 29422K, committed 29744K, reserved 1077248K
  class space    used 2458K, capacity 2585K, committed 2608K, reserved 1048576K
Event: 7.784 GC heap after
Heap after GC invocations=5 (full 1):
 PSYoungGen      total 55296K, used 5114K [0x0000000795580000, 0x0000000799100000, 0x00000007c0000000)
  eden space 50176K, 0% used [0x0000000795580000,0x0000000795580000,0x0000000798680000)
  from space 5120K, 99% used [0x0000000798b80000,0x000000079907eb10,0x0000000799080000)
  to   space 5120K, 0% used [0x0000000798680000,0x0000000798680000,0x0000000798b80000)
 ParOldGen       total 64512K, used 25016K [0x0000000740000000, 0x0000000743f00000, 0x0000000795580000)
  object space 64512K, 38% used [0x0000000740000000,0x000000074186e2f0,0x0000000743f00000)
 Metaspace       used 28959K, capacity 29422K, committed 29744K, reserved 1077248K
  class space    used 2458K, capacity 2585K, committed 2608K, reserved 1048576K
}
Event: 10.815 GC heap before
{Heap before GC invocations=6 (full 1):
 PSYoungGen      total 55296K, used 55233K [0x0000000795580000, 0x0000000799100000, 0x00000007c0000000)
  eden space 50176K, 99% used [0x0000000795580000,0x0000000798671910,0x0000000798680000)
  from space 5120K, 99% used [0x0000000798b80000,0x000000079907eb10,0x0000000799080000)
  to   space 5120K, 0% used [0x0000000798680000,0x0000000798680000,0x0000000798b80000)
 ParOldGen       total 64512K, used 25016K [0x0000000740000000, 0x0000000743f00000, 0x0000000795580000)
  object space 64512K, 38% used [0x0000000740000000,0x000000074186e2f0,0x0000000743f00000)
 Metaspace       used 30584K, capacity 31003K, committed 31408K, reserved 1077248K
  class space    used 2558K, capacity 2681K, committed 2736K, reserved 1048576K
Event: 10.832 GC heap after
Heap after GC invocations=6 (full 1):
 PSYoungGen      total 55296K, used 5088K [0x0000000795580000, 0x000000079c280000, 0x00000007c0000000)
  eden space 50176K, 0% used [0x0000000795580000,0x0000000795580000,0x0000000798680000)
  from space 5120K, 99% used [0x0000000798680000,0x0000000798b78278,0x0000000798b80000)
  to   space 18432K, 0% used [0x000000079b080000,0x000000079b080000,0x000000079c280000)
 ParOldGen       total 64512K, used 34605K [0x0000000740000000, 0x0000000743f00000, 0x0000000795580000)
  object space 64512K, 53% used [0x0000000740000000,0x00000007421cb5f8,0x0000000743f00000)
 Metaspace       used 30584K, capacity 31003K, committed 31408K, reserved 1077248K
  class space    used 2558K, capacity 2681K, committed 2736K, reserved 1048576K
}
Event: 17.208 GC heap before
{Heap before GC invocations=7 (full 1):
 PSYoungGen      total 55296K, used 55264K [0x0000000795580000, 0x000000079c280000, 0x00000007c0000000)
  eden space 50176K, 100% used [0x0000000795580000,0x0000000798680000,0x0000000798680000)
  from space 5120K, 99% used [0x0000000798680000,0x0000000798b78278,0x0000000798b80000)
  to   space 18432K, 0% used [0x000000079b080000,0x000000079b080000,0x000000079c280000)
 ParOldGen       total 64512K, used 34605K [0x0000000740000000, 0x0000000743f00000, 0x0000000795580000)
  object space 64512K, 53% used [0x0000000740000000,0x00000007421cb5f8,0x0000000743f00000)
 Metaspace       used 30909K, capacity 31323K, committed 31664K, reserved 1079296K
  class space    used 2558K, capacity 2681K, committed 2736K, reserved 1048576K
Event: 17.217 GC heap after
Heap after GC invocations=7 (full 1):
 PSYoungGen      total 88064K, used 5728K [0x0000000795580000, 0x000000079c080000, 0x00000007c0000000)
  eden space 71680K, 0% used [0x0000000795580000,0x0000000795580000,0x0000000799b80000)
  from space 16384K, 34% used [0x000000079b080000,0x000000079b618298,0x000000079c080000)
  to   space 18944K, 0% used [0x0000000799b80000,0x0000000799b80000,0x000000079ae00000)
 ParOldGen       total 64512K, used 34613K [0x0000000740000000, 0x0000000743f00000, 0x0000000795580000)
  object space 64512K, 53% used [0x0000000740000000,0x00000007421cd5f8,0x0000000743f00000)
 Metaspace       used 30909K, capacity 31323K, committed 31664K, reserved 1079296K
  class space    used 2558K, capacity 2681K, committed 2736K, reserved 1048576K
}

