# JRE version: Java(TM) SE Runtime Environment (8.0_151-b12) (build 1.8.0_151-b12)
# Java VM: Java HotSpot(TM) 64-Bit Server VM (25.151-b12 mixed mode bsd-amd64 compressed oops)
Heap:
 PSYoungGen      total 53248K, used 37718K [0x0000000795580000, 0x000000079bd80000, 0x00000007c0000000)
  eden space 48128K, 67% used [0x0000000795580000,0x0000000797556228,0x0000000798480000)
  from space 5120K, 99% used [0x0000000798480000,0x000000079897f7f0,0x0000000798980000)
  to   space 18432K, 0% used [0x000000079ab80000,0x000000079ab80000,0x000000079bd80000)
 ParOldGen       total 66048K, used 33954K [0x0000000740000000, 0x0000000744080000, 0x0000000795580000)
  object space 66048K, 51% used [0x0000000740000000,0x0000000742128920,0x0000000744080000)
 Metaspace       used 30719K, capacity 31125K, committed 31408K, reserved 1077248K
  class space    used 2565K, capacity 2680K, committed 2736K, reserved 1048576K
GC Heap History (10 events):
Event: 5.559 GC heap before
{Heap before GC invocations=2 (full 0):
 PSYoungGen      total 38400K, used 27943K [0x0000000795580000, 0x0000000798000000, 0x00000007c0000000)
  eden space 33280K, 68% used [0x0000000795580000,0x0000000796bcda18,0x0000000797600000)
  from space 5120K, 99% used [0x0000000797600000,0x0000000797afc470,0x0000000797b00000)
  to   space 5120K, 0% used [0x0000000797b00000,0x0000000797b00000,0x0000000798000000)
 ParOldGen       total 87552K, used 45K [0x0000000740000000, 0x0000000745580000, 0x0000000795580000)
  object space 87552K, 0% used [0x0000000740000000,0x000000074000b750,0x0000000745580000)
 Metaspace       used 20827K, capacity 21239K, committed 21296K, reserved 1069056K
  class space    used 2182K, capacity 2324K, committed 2352K, reserved 1048576K
Event: 5.575 GC heap after
Heap after GC invocations=2 (full 0):
 PSYoungGen      total 38400K, used 5106K [0x0000000795580000, 0x0000000798000000, 0x00000007c0000000)
  eden space 33280K, 0% used [0x0000000795580000,0x0000000795580000,0x0000000797600000)
  from space 5120K, 99% used [0x0000000797b00000,0x0000000797ffcbf0,0x0000000798000000)
  to   space 5120K, 0% used [0x0000000797600000,0x0000000797600000,0x0000000797b00000)
 ParOldGen       total 87552K, used 2855K [0x0000000740000000, 0x0000000745580000, 0x0000000795580000)
  object space 87552K, 3% used [0x0000000740000000,0x00000007402c9cc8,0x0000000745580000)
 Metaspace       used 20827K, capacity 21239K, committed 21296K, reserved 1069056K
  class space    used 2182K, capacity 2324K, committed 2352K, reserved 1048576K
}
Event: 5.575 GC heap before
{Heap before GC invocations=3 (full 1):
 PSYoungGen      total 38400K, used 5106K [0x0000000795580000, 0x0000000798000000, 0x00000007c0000000)
  eden space 33280K, 0% used [0x0000000795580000,0x0000000795580000,0x0000000797600000)
  from space 5120K, 99% used [0x0000000797b00000,0x0000000797ffcbf0,0x0000000798000000)
  to   space 5120K, 0% used [0x0000000797600000,0x0000000797600000,0x0000000797b00000)
 ParOldGen       total 87552K, used 2855K [0x0000000740000000, 0x0000000745580000, 0x0000000795580000)
  object space 87552K, 3% used [0x0000000740000000,0x00000007402c9cc8,0x0000000745580000)
 Metaspace       used 20827K, capacity 21239K, committed 21296K, reserved 1069056K
  class space    used 2182K, capacity 2324K, committed 2352K, reserved 1048576K
Event: 5.626 GC heap after
Heap after GC invocations=3 (full 1):
 PSYoungGen      total 38400K, used 0K [0x0000000795580000, 0x0000000798000000, 0x00000007c0000000)
  eden space 33280K, 0% used [0x0000000795580000,0x0000000795580000,0x0000000797600000)
  from space 5120K, 0% used [0x0000000797b00000,0x0000000797b00000,0x0000000798000000)
  to   space 5120K, 0% used [0x0000000797600000,0x0000000797600000,0x0000000797b00000)
 ParOldGen       total 66048K, used 7772K [0x0000000740000000, 0x0000000744080000, 0x0000000795580000)
  object space 66048K, 11% used [0x0000000740000000,0x0000000740797048,0x0000000744080000)
 Metaspace       used 20827K, capacity 21239K, committed 21296K, reserved 1069056K
  class space    used 2182K, capacity 2324K, committed 2352K, reserved 1048576K
}
Event: 7.883 GC heap before
{Heap before GC invocations=4 (full 1):
 PSYoungGen      total 38400K, used 33233K [0x0000000795580000, 0x0000000798000000, 0x00000007c0000000)
  eden space 33280K, 99% used [0x0000000795580000,0x00000007975f4748,0x0000000797600000)
  from space 5120K, 0% used [0x0000000797b00000,0x0000000797b00000,0x0000000798000000)
  to   space 5120K, 0% used [0x0000000797600000,0x0000000797600000,0x0000000797b00000)
 ParOldGen       total 66048K, used 7772K [0x0000000740000000, 0x0000000744080000, 0x0000000795580000)
  object space 66048K, 11% used [0x0000000740000000,0x0000000740797048,0x0000000744080000)
 Metaspace       used 23265K, capacity 23721K, committed 23856K, reserved 1071104K
  class space    used 2401K, capacity 2551K, committed 2608K, reserved 1048576K
Event: 7.907 GC heap after
Heap after GC invocations=4 (full 1):
 PSYoungGen      total 38400K, used 5106K [0x0000000795580000, 0x0000000798e80000, 0x00000007c0000000)
  eden space 33280K, 0% used [0x0000000795580000,0x0000000795580000,0x0000000797600000)
  from space 5120K, 99% used [0x0000000797600000,0x0000000797afcaf0,0x0000000797b00000)
  to   space 5120K, 0% used [0x0000000798980000,0x0000000798980000,0x0000000798e80000)
 ParOldGen       total 66048K, used 20097K [0x0000000740000000, 0x0000000744080000, 0x0000000795580000)
  object space 66048K, 30% used [0x0000000740000000,0x00000007413a0668,0x0000000744080000)
 Metaspace       used 23265K, capacity 23721K, committed 23856K, reserved 1071104K
  class space    used 2401K, capacity 2551K, committed 2608K, reserved 1048576K
}
Event: 8.999 GC heap before
{Heap before GC invocations=5 (full 1):
 PSYoungGen      total 38400K, used 38386K [0x0000000795580000, 0x0000000798e80000, 0x00000007c0000000)
  eden space 33280K, 100% used [0x0000000795580000,0x0000000797600000,0x0000000797600000)
  from space 5120K, 99% used [0x0000000797600000,0x0000000797afcaf0,0x0000000797b00000)
  to   space 5120K, 0% used [0x0000000798980000,0x0000000798980000,0x0000000798e80000)
 ParOldGen       total 66048K, used 20097K [0x0000000740000000, 0x0000000744080000, 0x0000000795580000)
  object space 66048K, 30% used [0x0000000740000000,0x00000007413a0668,0x0000000744080000)
 Metaspace       used 28990K, capacity 29480K, committed 29744K, reserved 1077248K
  class space    used 2458K, capacity 2584K, committed 2608K, reserved 1048576K
Event: 9.010 GC heap after
Heap after GC invocations=5 (full 1):
 PSYoungGen      total 53248K, used 5090K [0x0000000795580000, 0x0000000798f00000, 0x00000007c0000000)
  eden space 48128K, 0% used [0x0000000795580000,0x0000000795580000,0x0000000798480000)
  from space 5120K, 99% used [0x0000000798980000,0x0000000798e78aa0,0x0000000798e80000)
  to   space 5120K, 0% used [0x0000000798480000,0x0000000798480000,0x0000000798980000)
 ParOldGen       total 66048K, used 24628K [0x0000000740000000, 0x0000000744080000, 0x0000000795580000)
  object space 66048K, 37% used [0x0000000740000000,0x000000074180d2f0,0x0000000744080000)
 Metaspace       used 28990K, capacity 29480K, committed 29744K, reserved 1077248K
  class space    used 2458K, capacity 2584K, committed 2608K, reserved 1048576K
}
Event: 11.278 GC heap before
{Heap before GC invocations=6 (full 1):
 PSYoungGen      total 53248K, used 53218K [0x0000000795580000, 0x0000000798f00000, 0x00000007c0000000)
  eden space 48128K, 100% used [0x0000000795580000,0x0000000798480000,0x0000000798480000)
  from space 5120K, 99% used [0x0000000798980000,0x0000000798e78aa0,0x0000000798e80000)
  to   space 5120K, 0% used [0x0000000798480000,0x0000000798480000,0x0000000798980000)
 ParOldGen       total 66048K, used 24628K [0x0000000740000000, 0x0000000744080000, 0x0000000795580000)
  object space 66048K, 37% used [0x0000000740000000,0x000000074180d2f0,0x0000000744080000)
 Metaspace       used 30504K, capacity 30933K, committed 31152K, reserved 1077248K
  class space    used 2557K, capacity 2680K, committed 2736K, reserved 1048576K
Event: 11.293 GC heap after
Heap after GC invocations=6 (full 1):
 PSYoungGen      total 53248K, used 5117K [0x0000000795580000, 0x000000079bd80000, 0x00000007c0000000)
  eden space 48128K, 0% used [0x0000000795580000,0x0000000795580000,0x0000000798480000)
  from space 5120K, 99% used [0x0000000798480000,0x000000079897f7f0,0x0000000798980000)
  to   space 18432K, 0% used [0x000000079ab80000,0x000000079ab80000,0x000000079bd80000)
 ParOldGen       total 66048K, used 33954K [0x0000000740000000, 0x0000000744080000, 0x0000000795580000)
  object space 66048K, 51% used [0x0000000740000000,0x0000000742128920,0x0000000744080000)
 Metaspace       used 30504K, capacity 30933K, committed 31152K, reserved 1077248K
  class space    used 2557K, capacity 2680K, committed 2736K, reserved 1048576K
}

