# JRE version: Java(TM) SE Runtime Environment (8.0_151-b12) (build 1.8.0_151-b12)
# Java VM: Java HotSpot(TM) 64-Bit Server VM (25.151-b12 mixed mode bsd-amd64 compressed oops)
Heap:
 PSYoungGen      total 244224K, used 197735K [0x0000000795580000, 0x00000007a8d80000, 0x00000007c0000000)
  eden space 225792K, 87% used [0x0000000795580000,0x00000007a1679ec0,0x00000007a3200000)
  from space 18432K, 0% used [0x00000007a3200000,0x00000007a3220000,0x00000007a4400000)
  to   space 18432K, 0% used [0x00000007a7b80000,0x00000007a7b80000,0x00000007a8d80000)
 ParOldGen       total 50176K, used 33708K [0x0000000740000000, 0x0000000743100000, 0x0000000795580000)
  object space 50176K, 67% used [0x0000000740000000,0x00000007420eb088,0x0000000743100000)
 Metaspace       used 24926K, capacity 25415K, committed 25728K, reserved 1073152K
  class space    used 2476K, capacity 2592K, committed 2688K, reserved 1048576K
GC Heap History (10 events):
Event: 16.074 GC heap before
{Heap before GC invocations=8 (full 1):
 PSYoungGen      total 126464K, used 113613K [0x0000000795580000, 0x000000079ea80000, 0x00000007c0000000)
  eden space 107520K, 100% used [0x0000000795580000,0x000000079be80000,0x000000079be80000)
  from space 18944K, 32% used [0x000000079d080000,0x000000079d673480,0x000000079e300000)
  to   space 18432K, 0% used [0x000000079be80000,0x000000079be80000,0x000000079d080000)
 ParOldGen       total 50176K, used 27561K [0x0000000740000000, 0x0000000743100000, 0x0000000795580000)
  object space 50176K, 54% used [0x0000000740000000,0x0000000741aea488,0x0000000743100000)
 Metaspace       used 24489K, capacity 24935K, committed 25088K, reserved 1071104K
  class space    used 2455K, capacity 2560K, committed 2560K, reserved 1048576K
Event: 16.083 GC heap after
Heap after GC invocations=8 (full 1):
 PSYoungGen      total 125952K, used 6093K [0x0000000795580000, 0x00000007a2900000, 0x00000007c0000000)
  eden space 107520K, 0% used [0x0000000795580000,0x0000000795580000,0x000000079be80000)
  from space 18432K, 33% used [0x000000079be80000,0x000000079c473480,0x000000079d080000)
  to   space 17920K, 0% used [0x00000007a1780000,0x00000007a1780000,0x00000007a2900000)
 ParOldGen       total 50176K, used 27569K [0x0000000740000000, 0x0000000743100000, 0x0000000795580000)
  object space 50176K, 54% used [0x0000000740000000,0x0000000741aec488,0x0000000743100000)
 Metaspace       used 24489K, capacity 24935K, committed 25088K, reserved 1071104K
  class space    used 2455K, capacity 2560K, committed 2560K, reserved 1048576K
}
Event: 20.945 GC heap before
{Heap before GC invocations=9 (full 1):
 PSYoungGen      total 125952K, used 113613K [0x0000000795580000, 0x00000007a2900000, 0x00000007c0000000)
  eden space 107520K, 100% used [0x0000000795580000,0x000000079be80000,0x000000079be80000)
  from space 18432K, 33% used [0x000000079be80000,0x000000079c473480,0x000000079d080000)
  to   space 17920K, 0% used [0x00000007a1780000,0x00000007a1780000,0x00000007a2900000)
 ParOldGen       total 50176K, used 27569K [0x0000000740000000, 0x0000000743100000, 0x0000000795580000)
  object space 50176K, 54% used [0x0000000740000000,0x0000000741aec488,0x0000000743100000)
 Metaspace       used 24603K, capacity 25063K, committed 25344K, reserved 1073152K
  class space    used 2455K, capacity 2560K, committed 2560K, reserved 1048576K
Event: 20.955 GC heap after
Heap after GC invocations=9 (full 1):
 PSYoungGen      total 186368K, used 2960K [0x0000000795580000, 0x00000007a2300000, 0x00000007c0000000)
  eden space 174592K, 0% used [0x0000000795580000,0x0000000795580000,0x00000007a0000000)
  from space 11776K, 25% used [0x00000007a1780000,0x00000007a1a640b0,0x00000007a2300000)
  to   space 17920K, 0% used [0x00000007a0000000,0x00000007a0000000,0x00000007a1180000)
 ParOldGen       total 50176K, used 30696K [0x0000000740000000, 0x0000000743100000, 0x0000000795580000)
  object space 50176K, 61% used [0x0000000740000000,0x0000000741dfa3c8,0x0000000743100000)
 Metaspace       used 24603K, capacity 25063K, committed 25344K, reserved 1073152K
  class space    used 2455K, capacity 2560K, committed 2560K, reserved 1048576K
}
Event: 28.229 GC heap before
{Heap before GC invocations=10 (full 1):
 PSYoungGen      total 186368K, used 177552K [0x0000000795580000, 0x00000007a2300000, 0x00000007c0000000)
  eden space 174592K, 100% used [0x0000000795580000,0x00000007a0000000,0x00000007a0000000)
  from space 11776K, 25% used [0x00000007a1780000,0x00000007a1a640b0,0x00000007a2300000)
  to   space 17920K, 0% used [0x00000007a0000000,0x00000007a0000000,0x00000007a1180000)
 ParOldGen       total 50176K, used 30696K [0x0000000740000000, 0x0000000743100000, 0x0000000795580000)
  object space 50176K, 61% used [0x0000000740000000,0x0000000741dfa3c8,0x0000000743100000)
 Metaspace       used 24809K, capacity 25191K, committed 25344K, reserved 1073152K
  class space    used 2455K, capacity 2560K, committed 2560K, reserved 1048576K
Event: 28.235 GC heap after
Heap after GC invocations=10 (full 1):
 PSYoungGen      total 192512K, used 192K [0x0000000795580000, 0x00000007a5d80000, 0x00000007c0000000)
  eden space 174592K, 0% used [0x0000000795580000,0x0000000795580000,0x00000007a0000000)
  from space 17920K, 1% used [0x00000007a0000000,0x00000007a0030000,0x00000007a1180000)
  to   space 18432K, 0% used [0x00000007a4b80000,0x00000007a4b80000,0x00000007a5d80000)
 ParOldGen       total 50176K, used 33564K [0x0000000740000000, 0x0000000743100000, 0x0000000795580000)
  object space 50176K, 66% used [0x0000000740000000,0x00000007420c7088,0x0000000743100000)
 Metaspace       used 24809K, capacity 25191K, committed 25344K, reserved 1073152K
  class space    used 2455K, capacity 2560K, committed 2560K, reserved 1048576K
}
Event: 36.026 GC heap before
{Heap before GC invocations=11 (full 1):
 PSYoungGen      total 192512K, used 174784K [0x0000000795580000, 0x00000007a5d80000, 0x00000007c0000000)
  eden space 174592K, 100% used [0x0000000795580000,0x00000007a0000000,0x00000007a0000000)
  from space 17920K, 1% used [0x00000007a0000000,0x00000007a0030000,0x00000007a1180000)
  to   space 18432K, 0% used [0x00000007a4b80000,0x00000007a4b80000,0x00000007a5d80000)
 ParOldGen       total 50176K, used 33564K [0x0000000740000000, 0x0000000743100000, 0x0000000795580000)
  object space 50176K, 66% used [0x0000000740000000,0x00000007420c7088,0x0000000743100000)
 Metaspace       used 24891K, capacity 25351K, committed 25728K, reserved 1073152K
  class space    used 2469K, capacity 2592K, committed 2688K, reserved 1048576K
Event: 36.028 GC heap after
Heap after GC invocations=11 (full 1):
 PSYoungGen      total 236544K, used 160K [0x0000000795580000, 0x00000007a5600000, 0x00000007c0000000)
  eden space 225792K, 0% used [0x0000000795580000,0x0000000795580000,0x00000007a3200000)
  from space 10752K, 1% used [0x00000007a4b80000,0x00000007a4ba8000,0x00000007a5600000)
  to   space 18432K, 0% used [0x00000007a3200000,0x00000007a3200000,0x00000007a4400000)
 ParOldGen       total 50176K, used 33620K [0x0000000740000000, 0x0000000743100000, 0x0000000795580000)
  object space 50176K, 67% used [0x0000000740000000,0x00000007420d5088,0x0000000743100000)
 Metaspace       used 24891K, capacity 25351K, committed 25728K, reserved 1073152K
  class space    used 2469K, capacity 2592K, committed 2688K, reserved 1048576K
}
Event: 46.710 GC heap before
{Heap before GC invocations=12 (full 1):
 PSYoungGen      total 236544K, used 225952K [0x0000000795580000, 0x00000007a5600000, 0x00000007c0000000)
  eden space 225792K, 100% used [0x0000000795580000,0x00000007a3200000,0x00000007a3200000)
  from space 10752K, 1% used [0x00000007a4b80000,0x00000007a4ba8000,0x00000007a5600000)
  to   space 18432K, 0% used [0x00000007a3200000,0x00000007a3200000,0x00000007a4400000)
 ParOldGen       total 50176K, used 33620K [0x0000000740000000, 0x0000000743100000, 0x0000000795580000)
  object space 50176K, 67% used [0x0000000740000000,0x00000007420d5088,0x0000000743100000)
 Metaspace       used 24891K, capacity 25351K, committed 25728K, reserved 1073152K
  class space    used 2469K, capacity 2592K, committed 2688K, reserved 1048576K
Event: 46.712 GC heap after
Heap after GC invocations=12 (full 1):
 PSYoungGen      total 244224K, used 128K [0x0000000795580000, 0x00000007a8d80000, 0x00000007c0000000)
  eden space 225792K, 0% used [0x0000000795580000,0x0000000795580000,0x00000007a3200000)
  from space 18432K, 0% used [0x00000007a3200000,0x00000007a3220000,0x00000007a4400000)
  to   space 18432K, 0% used [0x00000007a7b80000,0x00000007a7b80000,0x00000007a8d80000)
 ParOldGen       total 50176K, used 33708K [0x0000000740000000, 0x0000000743100000, 0x0000000795580000)
  object space 50176K, 67% used [0x0000000740000000,0x00000007420eb088,0x0000000743100000)
 Metaspace       used 24891K, capacity 25351K, committed 25728K, reserved 1073152K
  class space    used 2469K, capacity 2592K, committed 2688K, reserved 1048576K
}

