# JRE version: Java(TM) SE Runtime Environment (8.0_151-b12) (build 1.8.0_151-b12)
# Java VM: Java HotSpot(TM) 64-Bit Server VM (25.151-b12 mixed mode bsd-amd64 compressed oops)
Heap:
 PSYoungGen      total 71680K, used 27651K [0x0000000795580000, 0x000000079dd00000, 0x00000007c0000000)
  eden space 66560K, 33% used [0x0000000795580000,0x0000000796b80f58,0x0000000799680000)
  from space 5120K, 99% used [0x0000000799680000,0x0000000799b7fe08,0x0000000799b80000)
  to   space 12800K, 0% used [0x000000079d080000,0x000000079d080000,0x000000079dd00000)
 ParOldGen       total 62464K, used 22343K [0x0000000740000000, 0x0000000743d00000, 0x0000000795580000)
  object space 62464K, 35% used [0x0000000740000000,0x00000007415d1c30,0x0000000743d00000)
 Metaspace       used 27446K, capacity 27847K, committed 28032K, reserved 1075200K
  class space    used 2210K, capacity 2341K, committed 2432K, reserved 1048576K
GC Heap History (10 events):
Event: 5.439 GC heap before
{Heap before GC invocations=2 (full 0):
 PSYoungGen      total 38400K, used 38371K [0x0000000795580000, 0x0000000798000000, 0x00000007c0000000)
  eden space 33280K, 100% used [0x0000000795580000,0x0000000797600000,0x0000000797600000)
  from space 5120K, 99% used [0x0000000797600000,0x0000000797af8c90,0x0000000797b00000)
  to   space 5120K, 0% used [0x0000000797b00000,0x0000000797b00000,0x0000000798000000)
 ParOldGen       total 87552K, used 8K [0x0000000740000000, 0x0000000745580000, 0x0000000795580000)
  object space 87552K, 0% used [0x0000000740000000,0x0000000740002000,0x0000000745580000)
 Metaspace       used 19750K, capacity 20117K, committed 20352K, reserved 1067008K
  class space    used 2044K, capacity 2147K, committed 2176K, reserved 1048576K
Event: 5.456 GC heap after
Heap after GC invocations=2 (full 0):
 PSYoungGen      total 38400K, used 5117K [0x0000000795580000, 0x0000000798000000, 0x00000007c0000000)
  eden space 33280K, 0% used [0x0000000795580000,0x0000000795580000,0x0000000797600000)
  from space 5120K, 99% used [0x0000000797b00000,0x0000000797fff420,0x0000000798000000)
  to   space 5120K, 0% used [0x0000000797600000,0x0000000797600000,0x0000000797b00000)
 ParOldGen       total 87552K, used 7779K [0x0000000740000000, 0x0000000745580000, 0x0000000795580000)
  object space 87552K, 8% used [0x0000000740000000,0x0000000740798fc0,0x0000000745580000)
 Metaspace       used 19750K, capacity 20117K, committed 20352K, reserved 1067008K
  class space    used 2044K, capacity 2147K, committed 2176K, reserved 1048576K
}
Event: 5.502 GC heap before
{Heap before GC invocations=3 (full 0):
 PSYoungGen      total 38400K, used 19126K [0x0000000795580000, 0x0000000798000000, 0x00000007c0000000)
  eden space 33280K, 42% used [0x0000000795580000,0x000000079632e760,0x0000000797600000)
  from space 5120K, 99% used [0x0000000797b00000,0x0000000797fff420,0x0000000798000000)
  to   space 5120K, 0% used [0x0000000797600000,0x0000000797600000,0x0000000797b00000)
 ParOldGen       total 87552K, used 7779K [0x0000000740000000, 0x0000000745580000, 0x0000000795580000)
  object space 87552K, 8% used [0x0000000740000000,0x0000000740798fc0,0x0000000745580000)
 Metaspace       used 20807K, capacity 21130K, committed 21272K, reserved 1069056K
  class space    used 2056K, capacity 2179K, committed 2304K, reserved 1048576K
Event: 5.513 GC heap after
Heap after GC invocations=3 (full 0):
 PSYoungGen      total 38400K, used 5117K [0x0000000795580000, 0x000000079a080000, 0x00000007c0000000)
  eden space 33280K, 0% used [0x0000000795580000,0x0000000795580000,0x0000000797600000)
  from space 5120K, 99% used [0x0000000797600000,0x0000000797aff420,0x0000000797b00000)
  to   space 5120K, 0% used [0x0000000799b80000,0x0000000799b80000,0x000000079a080000)
 ParOldGen       total 87552K, used 12396K [0x0000000740000000, 0x0000000745580000, 0x0000000795580000)
  object space 87552K, 14% used [0x0000000740000000,0x0000000740c1b010,0x0000000745580000)
 Metaspace       used 20807K, capacity 21130K, committed 21272K, reserved 1069056K
  class space    used 2056K, capacity 2179K, committed 2304K, reserved 1048576K
}
Event: 5.513 GC heap before
{Heap before GC invocations=4 (full 1):
 PSYoungGen      total 38400K, used 5117K [0x0000000795580000, 0x000000079a080000, 0x00000007c0000000)
  eden space 33280K, 0% used [0x0000000795580000,0x0000000795580000,0x0000000797600000)
  from space 5120K, 99% used [0x0000000797600000,0x0000000797aff420,0x0000000797b00000)
  to   space 5120K, 0% used [0x0000000799b80000,0x0000000799b80000,0x000000079a080000)
 ParOldGen       total 87552K, used 12396K [0x0000000740000000, 0x0000000745580000, 0x0000000795580000)
  object space 87552K, 14% used [0x0000000740000000,0x0000000740c1b010,0x0000000745580000)
 Metaspace       used 20807K, capacity 21130K, committed 21272K, reserved 1069056K
  class space    used 2056K, capacity 2179K, committed 2304K, reserved 1048576K
Event: 5.556 GC heap after
Heap after GC invocations=4 (full 1):
 PSYoungGen      total 38400K, used 0K [0x0000000795580000, 0x000000079a080000, 0x00000007c0000000)
  eden space 33280K, 0% used [0x0000000795580000,0x0000000795580000,0x0000000797600000)
  from space 5120K, 0% used [0x0000000797600000,0x0000000797600000,0x0000000797b00000)
  to   space 5120K, 0% used [0x0000000799b80000,0x0000000799b80000,0x000000079a080000)
 ParOldGen       total 62464K, used 16446K [0x0000000740000000, 0x0000000743d00000, 0x0000000795580000)
  object space 62464K, 26% used [0x0000000740000000,0x000000074100fa08,0x0000000743d00000)
 Metaspace       used 20807K, capacity 21130K, committed 21272K, reserved 1069056K
  class space    used 2056K, capacity 2179K, committed 2304K, reserved 1048576K
}
Event: 7.454 GC heap before
{Heap before GC invocations=5 (full 1):
 PSYoungGen      total 38400K, used 33280K [0x0000000795580000, 0x000000079a080000, 0x00000007c0000000)
  eden space 33280K, 100% used [0x0000000795580000,0x0000000797600000,0x0000000797600000)
  from space 5120K, 0% used [0x0000000797600000,0x0000000797600000,0x0000000797b00000)
  to   space 5120K, 0% used [0x0000000799b80000,0x0000000799b80000,0x000000079a080000)
 ParOldGen       total 62464K, used 16446K [0x0000000740000000, 0x0000000743d00000, 0x0000000795580000)
  object space 62464K, 26% used [0x0000000740000000,0x000000074100fa08,0x0000000743d00000)
 Metaspace       used 26643K, capacity 27006K, committed 27264K, reserved 1075200K
  class space    used 2201K, capacity 2309K, committed 2432K, reserved 1048576K
Event: 7.465 GC heap after
Heap after GC invocations=5 (full 1):
 PSYoungGen      total 67072K, used 5111K [0x0000000795580000, 0x000000079a080000, 0x00000007c0000000)
  eden space 61952K, 0% used [0x0000000795580000,0x0000000795580000,0x0000000799200000)
  from space 5120K, 99% used [0x0000000799b80000,0x000000079a07dda0,0x000000079a080000)
  to   space 5120K, 0% used [0x0000000799680000,0x0000000799680000,0x0000000799b80000)
 ParOldGen       total 62464K, used 18466K [0x0000000740000000, 0x0000000743d00000, 0x0000000795580000)
  object space 62464K, 29% used [0x0000000740000000,0x0000000741208938,0x0000000743d00000)
 Metaspace       used 26643K, capacity 27006K, committed 27264K, reserved 1075200K
  class space    used 2201K, capacity 2309K, committed 2432K, reserved 1048576K
}
Event: 13.205 GC heap before
{Heap before GC invocations=6 (full 1):
 PSYoungGen      total 67072K, used 67063K [0x0000000795580000, 0x000000079a080000, 0x00000007c0000000)
  eden space 61952K, 100% used [0x0000000795580000,0x0000000799200000,0x0000000799200000)
  from space 5120K, 99% used [0x0000000799b80000,0x000000079a07dda0,0x000000079a080000)
  to   space 5120K, 0% used [0x0000000799680000,0x0000000799680000,0x0000000799b80000)
 ParOldGen       total 62464K, used 18466K [0x0000000740000000, 0x0000000743d00000, 0x0000000795580000)
  object space 62464K, 29% used [0x0000000740000000,0x0000000741208938,0x0000000743d00000)
 Metaspace       used 27332K, capacity 27687K, committed 28032K, reserved 1075200K
  class space    used 2201K, capacity 2309K, committed 2432K, reserved 1048576K
Event: 13.216 GC heap after
Heap after GC invocations=6 (full 1):
 PSYoungGen      total 71680K, used 5119K [0x0000000795580000, 0x000000079dd00000, 0x00000007c0000000)
  eden space 66560K, 0% used [0x0000000795580000,0x0000000795580000,0x0000000799680000)
  from space 5120K, 99% used [0x0000000799680000,0x0000000799b7fe08,0x0000000799b80000)
  to   space 12800K, 0% used [0x000000079d080000,0x000000079d080000,0x000000079dd00000)
 ParOldGen       total 62464K, used 22343K [0x0000000740000000, 0x0000000743d00000, 0x0000000795580000)
  object space 62464K, 35% used [0x0000000740000000,0x00000007415d1c30,0x0000000743d00000)
 Metaspace       used 27332K, capacity 27687K, committed 28032K, reserved 1075200K
  class space    used 2201K, capacity 2309K, committed 2432K, reserved 1048576K
}

